Loading plugins phase: Elapsed time ==> 0s.218ms
Initializing data phase: Elapsed time ==> 0s.000ms
<CYPRESSTAG name="CyDsfit arguments...">
cydsfit arguments: -.fdsnotice -.fdswarpdepfile=warp_dependencies.txt -.fdselabdepfile=elab_dependencies.txt -.fdsbldfile=generated_files.txt -p E:\PSoC_Creator\CY8CKIT-059\CY8CKIT-059_JJY_Raceiver\CY8CKIT-059_JJY_Raceiver.cydsn\CY8CKIT-059_JJY_Raceiver.cyprj -d CY8C5888LTI-LP097 -s E:\PSoC_Creator\CY8CKIT-059\CY8CKIT-059_JJY_Raceiver\CY8CKIT-059_JJY_Raceiver.cydsn\Generated_Source\PSoC5 -- -yv2 -q10 -ygs -o2 -v3 -.fftcfgtype=LE</CYPRESSTAG>
<CYPRESSTAG name="Design elaboration results...">
</CYPRESSTAG>
Elaboration phase: Elapsed time ==> 1s.781ms
<CYPRESSTAG name="HDL generation results...">
</CYPRESSTAG>
HDL generation phase: Elapsed time ==> 0s.140ms
<CYPRESSTAG name="Synthesis results...">

     | | | | | | |
   _________________
  -|               |-
  -|               |-
  -|               |-
  -|    CYPRESS    |-
  -|               |-
  -|               |-   Warp Verilog Synthesis Compiler: Version 6.3 IR 41
  -|               |-   Copyright (C) 1991-2001 Cypress Semiconductor
   |_______________|
     | | | | | | |

======================================================================
Compiling:  CY8CKIT-059_JJY_Raceiver.v
Program  :   C:\Program Files (x86)\Cypress\PSoC Creator\3.3\PSoC Creator\warp\bin/warp.exe
Options  :    -yv2 -q10 -ygs -o2 -v3 -.fftcfgtype=LE -ya -.fftprj=E:\PSoC_Creator\CY8CKIT-059\CY8CKIT-059_JJY_Raceiver\CY8CKIT-059_JJY_Raceiver.cydsn\CY8CKIT-059_JJY_Raceiver.cyprj -dcpsoc3 CY8CKIT-059_JJY_Raceiver.v -verilog
======================================================================

======================================================================
Compiling:  CY8CKIT-059_JJY_Raceiver.v
Program  :   C:\Program Files (x86)\Cypress\PSoC Creator\3.3\PSoC Creator\warp\bin/warp.exe
Options  :    -yv2 -q10 -ygs -o2 -v3 -.fftcfgtype=LE -ya -.fftprj=E:\PSoC_Creator\CY8CKIT-059\CY8CKIT-059_JJY_Raceiver\CY8CKIT-059_JJY_Raceiver.cydsn\CY8CKIT-059_JJY_Raceiver.cyprj -dcpsoc3 CY8CKIT-059_JJY_Raceiver.v -verilog
======================================================================

======================================================================
Compiling:  CY8CKIT-059_JJY_Raceiver.v
Program  :   vlogfe
Options  :    -yv2 -q10 -ygs -o2 -v3 -.fftcfgtype=LE -ya -.fftprj=E:\PSoC_Creator\CY8CKIT-059\CY8CKIT-059_JJY_Raceiver\CY8CKIT-059_JJY_Raceiver.cydsn\CY8CKIT-059_JJY_Raceiver.cyprj -dcpsoc3 -verilog CY8CKIT-059_JJY_Raceiver.v
======================================================================

vlogfe V6.3 IR 41:  Verilog parser
Thu Sep 22 10:03:21 2016


======================================================================
Compiling:  CY8CKIT-059_JJY_Raceiver.v
Program  :   vpp
Options  :    -yv2 -q10 CY8CKIT-059_JJY_Raceiver.v
======================================================================

vpp V6.3 IR 41:  Verilog Pre-Processor
Thu Sep 22 10:03:21 2016

Flattening file 'C:\Program Files (x86)\Cypress\PSoC Creator\3.3\PSoC Creator\psoc\content\cyprimitives\CyPrimitives.cylib\cy_virtualmux_v1_0\cy_virtualmux_v1_0.v'
Flattening file 'C:\Program Files (x86)\Cypress\PSoC Creator\3.3\PSoC Creator\psoc\content\cyprimitives\CyPrimitives.cylib\OneTerminal\OneTerminal.v'
Flattening file 'C:\Program Files (x86)\Cypress\PSoC Creator\3.3\PSoC Creator\psoc\content\cyprimitives\CyPrimitives.cylib\or_v1_0\or_v1_0.v'
Flattening file 'C:\Program Files (x86)\Cypress\PSoC Creator\3.3\PSoC Creator\psoc\content\cyprimitives\CyPrimitives.cylib\ZeroTerminal\ZeroTerminal.v'
Flattening file 'C:\Program Files (x86)\Cypress\PSoC Creator\3.3\PSoC Creator\psoc\content\cyprimitives\CyPrimitives.cylib\CyControlReg_v1_80\CyControlReg_v1_80.v'
Flattening file 'C:\Program Files (x86)\Cypress\PSoC Creator\3.3\PSoC Creator\warp\lib\common\cypress.v'
Flattening file 'C:\Program Files (x86)\Cypress\PSoC Creator\3.3\PSoC Creator\warp\lib\common\cy_psoc3_inc.v'
Flattening file 'C:\Program Files (x86)\Cypress\PSoC Creator\3.3\PSoC Creator\psoc\content\cyprimitives\CyPrimitives.cylib\cy_analog_virtualmux_v1_0\cy_analog_virtualmux_v1_0.v'
Flattening file 'C:\Program Files (x86)\Cypress\PSoC Creator\3.3\PSoC Creator\psoc\content\cyprimitives\CyPrimitives.cylib\demux_v1_10\demux_v1_10.v'
Flattening file 'C:\Program Files (x86)\Cypress\PSoC Creator\3.3\PSoC Creator\psoc\content\cyprimitives\CyPrimitives.cylib\cydff_v1_30\cydff_v1_30.v'
Flattening file 'C:\Program Files (x86)\Cypress\PSoC Creator\3.3\PSoC Creator\psoc\content\cycomponentlibrary\CyComponentLibrary.cylib\B_Counter_v3_0\B_Counter_v3_0.v'
Flattening file 'C:\Program Files (x86)\Cypress\PSoC Creator\3.3\PSoC Creator\warp\lib\common\cypress.v'
Flattening file 'C:\Program Files (x86)\Cypress\PSoC Creator\3.3\PSoC Creator\psoc\content\cyprimitives\CyPrimitives.cylib\not_v1_0\not_v1_0.v'
Flattening file 'C:\Program Files (x86)\Cypress\PSoC Creator\3.3\PSoC Creator\psoc\content\cyprimitives\CyPrimitives.cylib\cy_sync_v1_0\cy_sync_v1_0.v'
Flattening file 'C:\Program Files (x86)\Cypress\PSoC Creator\3.3\PSoC Creator\warp\lib\common\cypress.v'
Flattening file 'C:\Program Files (x86)\Cypress\PSoC Creator\3.3\PSoC Creator\psoc\content\cyprimitives\CyPrimitives.cylib\mux_v1_10\mux_v1_10.v'

vpp:  No errors.

Library 'work' => directory 'lcpsoc3'
General_symbol_table
General_symbol_table
Linking 'C:\Program Files (x86)\Cypress\PSoC Creator\3.3\PSoC Creator\warp\lib\common\std.vhd'.
Linking 'C:\Program Files (x86)\Cypress\PSoC Creator\3.3\PSoC Creator\warp\lib\common\cypress.vhd'.
Linking 'C:\Program Files (x86)\Cypress\PSoC Creator\3.3\PSoC Creator\warp\lib\common\work\cypress.vif'.
Linking 'C:\Program Files (x86)\Cypress\PSoC Creator\3.3\PSoC Creator\warp\lib\ieee\work\stdlogic.vif'.
Linking 'C:\Program Files (x86)\Cypress\PSoC Creator\3.3\PSoC Creator\warp\lib\common\stdlogic\lpmpkg.vif'.
Linking 'C:\Program Files (x86)\Cypress\PSoC Creator\3.3\PSoC Creator\warp\lib\common\stdlogic\rtlpkg.vif'.
Linking 'C:\Program Files (x86)\Cypress\PSoC Creator\3.3\PSoC Creator\warp\lib\common\stdlogic\mod_cnst.vif'.
Linking 'C:\Program Files (x86)\Cypress\PSoC Creator\3.3\PSoC Creator\warp\lib\common\stdlogic\mod_mthv.vif'.
Linking 'C:\Program Files (x86)\Cypress\PSoC Creator\3.3\PSoC Creator\warp\lib\common\stdlogic\mod_genv.vif'.
Using control file 'CY8CKIT-059_JJY_Raceiver.ctl'.
Linking 'C:\Program Files (x86)\Cypress\PSoC Creator\3.3\PSoC Creator\warp\lib\common\stdlogic\cy_psoc3pkg.vif'.
Linking 'C:\Program Files (x86)\Cypress\PSoC Creator\3.3\PSoC Creator\warp\lib\common\stdlogic\cy_psoc3.vif'.

vlogfe:  No errors.


======================================================================
Compiling:  CY8CKIT-059_JJY_Raceiver.v
Program  :   tovif
Options  :    -yv2 -q10 -ygs -o2 -v3 -.fftcfgtype=LE -ya -.fftprj=E:\PSoC_Creator\CY8CKIT-059\CY8CKIT-059_JJY_Raceiver\CY8CKIT-059_JJY_Raceiver.cydsn\CY8CKIT-059_JJY_Raceiver.cyprj -dcpsoc3 -verilog CY8CKIT-059_JJY_Raceiver.v
======================================================================

tovif V6.3 IR 41:  High-level synthesis
Thu Sep 22 10:03:22 2016

Linking 'C:\Program Files (x86)\Cypress\PSoC Creator\3.3\PSoC Creator\warp\lib\common\std.vhd'.
Linking 'C:\Program Files (x86)\Cypress\PSoC Creator\3.3\PSoC Creator\warp\lib\common\cypress.vhd'.
Linking 'C:\Program Files (x86)\Cypress\PSoC Creator\3.3\PSoC Creator\warp\lib\common\work\cypress.vif'.
Linking 'C:\Program Files (x86)\Cypress\PSoC Creator\3.3\PSoC Creator\warp\lib\ieee\work\stdlogic.vif'.
Linking 'C:\Program Files (x86)\Cypress\PSoC Creator\3.3\PSoC Creator\warp\lib\common\stdlogic\lpmpkg.vif'.
Linking 'C:\Program Files (x86)\Cypress\PSoC Creator\3.3\PSoC Creator\warp\lib\common\stdlogic\rtlpkg.vif'.
Linking 'C:\Program Files (x86)\Cypress\PSoC Creator\3.3\PSoC Creator\warp\lib\common\stdlogic\mod_cnst.vif'.
Linking 'C:\Program Files (x86)\Cypress\PSoC Creator\3.3\PSoC Creator\warp\lib\common\stdlogic\mod_mthv.vif'.
Linking 'C:\Program Files (x86)\Cypress\PSoC Creator\3.3\PSoC Creator\warp\lib\common\stdlogic\mod_genv.vif'.
Linking 'E:\PSoC_Creator\CY8CKIT-059\CY8CKIT-059_JJY_Raceiver\CY8CKIT-059_JJY_Raceiver.cydsn\codegentemp\CY8CKIT-059_JJY_Raceiver.ctl'.
Linking 'C:\Program Files (x86)\Cypress\PSoC Creator\3.3\PSoC Creator\psoc\content\cyprimitives\CyPrimitives.cylib\cy_virtualmux_v1_0\cy_virtualmux_v1_0.v'.
Linking 'E:\PSoC_Creator\CY8CKIT-059\CY8CKIT-059_JJY_Raceiver\CY8CKIT-059_JJY_Raceiver.cydsn\codegentemp\CY8CKIT-059_JJY_Raceiver.v'.
Linking 'C:\Program Files (x86)\Cypress\PSoC Creator\3.3\PSoC Creator\psoc\content\cyprimitives\CyPrimitives.cylib\OneTerminal\OneTerminal.v'.
Linking 'C:\Program Files (x86)\Cypress\PSoC Creator\3.3\PSoC Creator\psoc\content\cyprimitives\CyPrimitives.cylib\or_v1_0\or_v1_0.v'.
Linking 'C:\Program Files (x86)\Cypress\PSoC Creator\3.3\PSoC Creator\psoc\content\cyprimitives\CyPrimitives.cylib\ZeroTerminal\ZeroTerminal.v'.
Linking 'C:\Program Files (x86)\Cypress\PSoC Creator\3.3\PSoC Creator\psoc\content\cyprimitives\CyPrimitives.cylib\CyControlReg_v1_80\CyControlReg_v1_80.v'.
Linking 'C:\Program Files (x86)\Cypress\PSoC Creator\3.3\PSoC Creator\warp\lib\common\cypress.v'.
Linking 'C:\Program Files (x86)\Cypress\PSoC Creator\3.3\PSoC Creator\warp\lib\common\cy_psoc3_inc.v'.
Linking 'C:\Program Files (x86)\Cypress\PSoC Creator\3.3\PSoC Creator\psoc\content\cyprimitives\CyPrimitives.cylib\cy_analog_virtualmux_v1_0\cy_analog_virtualmux_v1_0.v'.
Linking 'C:\Program Files (x86)\Cypress\PSoC Creator\3.3\PSoC Creator\psoc\content\cyprimitives\CyPrimitives.cylib\demux_v1_10\demux_v1_10.v'.
Linking 'C:\Program Files (x86)\Cypress\PSoC Creator\3.3\PSoC Creator\psoc\content\cyprimitives\CyPrimitives.cylib\cydff_v1_30\cydff_v1_30.v'.
Linking 'C:\Program Files (x86)\Cypress\PSoC Creator\3.3\PSoC Creator\psoc\content\cycomponentlibrary\CyComponentLibrary.cylib\B_Counter_v3_0\B_Counter_v3_0.v'.
Linking 'C:\Program Files (x86)\Cypress\PSoC Creator\3.3\PSoC Creator\psoc\content\cyprimitives\CyPrimitives.cylib\not_v1_0\not_v1_0.v'.
Linking 'C:\Program Files (x86)\Cypress\PSoC Creator\3.3\PSoC Creator\psoc\content\cyprimitives\CyPrimitives.cylib\cy_sync_v1_0\cy_sync_v1_0.v'.
Linking 'C:\Program Files (x86)\Cypress\PSoC Creator\3.3\PSoC Creator\psoc\content\cyprimitives\CyPrimitives.cylib\mux_v1_10\mux_v1_10.v'.
Linking 'C:\Program Files (x86)\Cypress\PSoC Creator\3.3\PSoC Creator\warp\lib\common\stdlogic\cy_psoc3pkg.vif'.
Linking 'C:\Program Files (x86)\Cypress\PSoC Creator\3.3\PSoC Creator\warp\lib\common\stdlogic\cy_psoc3.vif'.

tovif:  No errors.


======================================================================
Compiling:  CY8CKIT-059_JJY_Raceiver.v
Program  :   topld
Options  :    -yv2 -q10 -ygs -o2 -v3 -.fftcfgtype=LE -ya -.fftprj=E:\PSoC_Creator\CY8CKIT-059\CY8CKIT-059_JJY_Raceiver\CY8CKIT-059_JJY_Raceiver.cydsn\CY8CKIT-059_JJY_Raceiver.cyprj -dcpsoc3 -verilog CY8CKIT-059_JJY_Raceiver.v
======================================================================

topld V6.3 IR 41:  Synthesis and optimization
Thu Sep 22 10:03:22 2016

Linking 'C:\Program Files (x86)\Cypress\PSoC Creator\3.3\PSoC Creator\warp\lib\common\std.vhd'.
Linking 'C:\Program Files (x86)\Cypress\PSoC Creator\3.3\PSoC Creator\warp\lib\common\cypress.vhd'.
Linking 'C:\Program Files (x86)\Cypress\PSoC Creator\3.3\PSoC Creator\warp\lib\common\work\cypress.vif'.
Linking 'C:\Program Files (x86)\Cypress\PSoC Creator\3.3\PSoC Creator\warp\lib\ieee\work\stdlogic.vif'.
Linking 'C:\Program Files (x86)\Cypress\PSoC Creator\3.3\PSoC Creator\warp\lib\common\stdlogic\lpmpkg.vif'.
Linking 'C:\Program Files (x86)\Cypress\PSoC Creator\3.3\PSoC Creator\warp\lib\common\stdlogic\rtlpkg.vif'.
Linking 'C:\Program Files (x86)\Cypress\PSoC Creator\3.3\PSoC Creator\warp\lib\common\stdlogic\mod_cnst.vif'.
Linking 'C:\Program Files (x86)\Cypress\PSoC Creator\3.3\PSoC Creator\warp\lib\common\stdlogic\mod_mthv.vif'.
Linking 'C:\Program Files (x86)\Cypress\PSoC Creator\3.3\PSoC Creator\warp\lib\common\stdlogic\mod_genv.vif'.
Linking 'E:\PSoC_Creator\CY8CKIT-059\CY8CKIT-059_JJY_Raceiver\CY8CKIT-059_JJY_Raceiver.cydsn\codegentemp\CY8CKIT-059_JJY_Raceiver.ctl'.
Linking 'C:\Program Files (x86)\Cypress\PSoC Creator\3.3\PSoC Creator\psoc\content\cyprimitives\CyPrimitives.cylib\cy_virtualmux_v1_0\cy_virtualmux_v1_0.v'.
Linking 'E:\PSoC_Creator\CY8CKIT-059\CY8CKIT-059_JJY_Raceiver\CY8CKIT-059_JJY_Raceiver.cydsn\codegentemp\CY8CKIT-059_JJY_Raceiver.v'.
Linking 'C:\Program Files (x86)\Cypress\PSoC Creator\3.3\PSoC Creator\psoc\content\cyprimitives\CyPrimitives.cylib\OneTerminal\OneTerminal.v'.
Linking 'C:\Program Files (x86)\Cypress\PSoC Creator\3.3\PSoC Creator\psoc\content\cyprimitives\CyPrimitives.cylib\or_v1_0\or_v1_0.v'.
Linking 'C:\Program Files (x86)\Cypress\PSoC Creator\3.3\PSoC Creator\psoc\content\cyprimitives\CyPrimitives.cylib\ZeroTerminal\ZeroTerminal.v'.
Linking 'C:\Program Files (x86)\Cypress\PSoC Creator\3.3\PSoC Creator\psoc\content\cyprimitives\CyPrimitives.cylib\CyControlReg_v1_80\CyControlReg_v1_80.v'.
Linking 'C:\Program Files (x86)\Cypress\PSoC Creator\3.3\PSoC Creator\warp\lib\common\cypress.v'.
Linking 'C:\Program Files (x86)\Cypress\PSoC Creator\3.3\PSoC Creator\warp\lib\common\cy_psoc3_inc.v'.
Linking 'C:\Program Files (x86)\Cypress\PSoC Creator\3.3\PSoC Creator\psoc\content\cyprimitives\CyPrimitives.cylib\cy_analog_virtualmux_v1_0\cy_analog_virtualmux_v1_0.v'.
Linking 'C:\Program Files (x86)\Cypress\PSoC Creator\3.3\PSoC Creator\psoc\content\cyprimitives\CyPrimitives.cylib\demux_v1_10\demux_v1_10.v'.
Linking 'C:\Program Files (x86)\Cypress\PSoC Creator\3.3\PSoC Creator\psoc\content\cyprimitives\CyPrimitives.cylib\cydff_v1_30\cydff_v1_30.v'.
Linking 'C:\Program Files (x86)\Cypress\PSoC Creator\3.3\PSoC Creator\psoc\content\cycomponentlibrary\CyComponentLibrary.cylib\B_Counter_v3_0\B_Counter_v3_0.v'.
Linking 'C:\Program Files (x86)\Cypress\PSoC Creator\3.3\PSoC Creator\psoc\content\cyprimitives\CyPrimitives.cylib\not_v1_0\not_v1_0.v'.
Linking 'C:\Program Files (x86)\Cypress\PSoC Creator\3.3\PSoC Creator\psoc\content\cyprimitives\CyPrimitives.cylib\cy_sync_v1_0\cy_sync_v1_0.v'.
Linking 'C:\Program Files (x86)\Cypress\PSoC Creator\3.3\PSoC Creator\psoc\content\cyprimitives\CyPrimitives.cylib\mux_v1_10\mux_v1_10.v'.
Linking 'C:\Program Files (x86)\Cypress\PSoC Creator\3.3\PSoC Creator\warp\lib\common\stdlogic\cy_psoc3pkg.vif'.
Linking 'C:\Program Files (x86)\Cypress\PSoC Creator\3.3\PSoC Creator\warp\lib\common\stdlogic\cy_psoc3.vif'.
Linking 'C:\Program Files (x86)\Cypress\PSoC Creator\3.3\PSoC Creator\warp\lib\lcpsoc3\stdlogic\cpsoc3.vif'.

----------------------------------------------------------
Detecting unused logic.
----------------------------------------------------------
    User names
	\I2C_1:udb_clk\
	Net_208
	\I2C_1:Net_973\
	Net_209
	\I2C_1:Net_974\
	\I2C_1:timeout_clk\
	Net_214
	\I2C_1:Net_975\
	Net_213
	Net_212
	Net_246
	Net_247
	Net_248
	Net_250
	Net_251
	Net_252
	Net_253
	\WaveDAC8_1:Net_280\
	\WaveDAC8_1:Net_80\
	Net_287
	Net_794
	\Counter_1:Net_49\
	\Counter_1:Net_82\
	\Counter_1:Net_95\
	\Counter_1:Net_91\
	\Counter_1:Net_102\
	\Counter_1:CounterUDB:ctrl_cmod_2\
	\Counter_1:CounterUDB:ctrl_cmod_1\
	\Counter_1:CounterUDB:ctrl_cmod_0\
	Net_405
	Net_775
	Net_776
	Net_777
	Net_778
	Net_779
	Net_780
	Net_781
	Net_821


Deleted 38 User equations/components.
Deleted 0 Synthesized equations/components.

------------------------------------------------------
Alias Detection
------------------------------------------------------
Aliasing \I2C_1:Net_968\ to \I2C_1:Net_969\
Aliasing \TONE_Control_Reg:rst\ to \TONE_Control_Reg:clk\
Aliasing zero to \TONE_Control_Reg:clk\
Aliasing \WaveDAC8_1:VDAC8:Net_83\ to \TONE_Control_Reg:clk\
Aliasing \WaveDAC8_1:VDAC8:Net_81\ to \TONE_Control_Reg:clk\
Aliasing \WaveDAC8_1:VDAC8:Net_82\ to \TONE_Control_Reg:clk\
Aliasing tmpOE__TONE_net_0 to \I2C_1:Net_969\
Aliasing one to \I2C_1:Net_969\
Aliasing tmpOE__LED_net_0 to \I2C_1:Net_969\
Aliasing tmpOE__SDA_net_0 to \I2C_1:Net_969\
Aliasing tmpOE__SCL_net_0 to \I2C_1:Net_969\
Aliasing tmpOE__TC_IN_net_0 to \I2C_1:Net_969\
Aliasing Net_439 to \TONE_Control_Reg:clk\
Aliasing \Counter_1:Net_89\ to \I2C_1:Net_969\
Aliasing \Counter_1:CounterUDB:ctrl_capmode_1\ to \TONE_Control_Reg:clk\
Aliasing \Counter_1:CounterUDB:ctrl_capmode_0\ to \TONE_Control_Reg:clk\
Aliasing \Counter_1:CounterUDB:capt_rising\ to \TONE_Control_Reg:clk\
Aliasing \Counter_1:CounterUDB:tc_i\ to \Counter_1:CounterUDB:reload_tc\
Aliasing \JJY_Control_Reg:clk\ to \TONE_Control_Reg:clk\
Aliasing \JJY_Control_Reg:rst\ to \TONE_Control_Reg:clk\
Aliasing Net_12 to \TONE_Control_Reg:clk\
Aliasing \Timer_1:Net_260\ to \TONE_Control_Reg:clk\
Aliasing \Timer_1:Net_102\ to \I2C_1:Net_969\
Aliasing \Counter_1:CounterUDB:prevCapture\\D\ to \TONE_Control_Reg:clk\
Aliasing \Counter_1:CounterUDB:cmp_out_reg_i\\D\ to \Counter_1:CounterUDB:prevCompare\\D\
Removing Rhs of wire \I2C_1:sda_x_wire\[0] = \I2C_1:Net_643_1\[1]
Removing Rhs of wire \I2C_1:Net_697\[3] = \I2C_1:Net_643_2\[9]
Removing Rhs of wire \I2C_1:Net_1109_0\[6] = \I2C_1:scl_yfb\[19]
Removing Rhs of wire \I2C_1:Net_1109_1\[7] = \I2C_1:sda_yfb\[20]
Removing Lhs of wire \I2C_1:scl_x_wire\[10] = \I2C_1:Net_643_0\[8]
Removing Lhs of wire \I2C_1:Net_968\[12] = \I2C_1:Net_969\[11]
Removing Lhs of wire \I2C_1:tmpOE__Bufoe_scl_net_0\[22] = \I2C_1:Net_969\[11]
Removing Lhs of wire \I2C_1:tmpOE__Bufoe_sda_net_0\[25] = \I2C_1:Net_969\[11]
Removing Lhs of wire \TONE_Control_Reg:rst\[33] = \TONE_Control_Reg:clk\[32]
Removing Rhs of wire Net_232[34] = \TONE_Control_Reg:control_out_0\[35]
Removing Rhs of wire Net_232[34] = \TONE_Control_Reg:control_0\[58]
Removing Rhs of wire \WaveDAC8_1:Net_183\[71] = \WaveDAC8_1:demux:tmp__demux_0_reg\[77]
Removing Rhs of wire zero[72] = \TONE_Control_Reg:clk\[32]
Removing Rhs of wire \WaveDAC8_1:Net_107\[75] = \WaveDAC8_1:demux:tmp__demux_1_reg\[80]
Removing Rhs of wire \WaveDAC8_1:Net_134\[78] = \WaveDAC8_1:cydff_1\[91]
Removing Lhs of wire \WaveDAC8_1:Net_336\[79] = \WaveDAC8_1:Net_279\[62]
Removing Lhs of wire \WaveDAC8_1:VDAC8:Net_83\[82] = zero[72]
Removing Lhs of wire \WaveDAC8_1:VDAC8:Net_81\[83] = zero[72]
Removing Lhs of wire \WaveDAC8_1:VDAC8:Net_82\[84] = zero[72]
Removing Rhs of wire Net_640[92] = \mux_1:tmp__mux_1_reg\[352]
Removing Rhs of wire tmpOE__TONE_net_0[94] = \I2C_1:Net_969\[11]
Removing Lhs of wire one[98] = tmpOE__TONE_net_0[94]
Removing Lhs of wire tmpOE__LED_net_0[101] = tmpOE__TONE_net_0[94]
Removing Lhs of wire tmpOE__SDA_net_0[107] = tmpOE__TONE_net_0[94]
Removing Lhs of wire tmpOE__SCL_net_0[112] = tmpOE__TONE_net_0[94]
Removing Lhs of wire tmpOE__TC_IN_net_0[117] = tmpOE__TONE_net_0[94]
Removing Lhs of wire Net_439[126] = zero[72]
Removing Lhs of wire \Counter_1:Net_89\[132] = tmpOE__TONE_net_0[94]
Removing Lhs of wire \Counter_1:CounterUDB:ctrl_capmode_1\[142] = zero[72]
Removing Lhs of wire \Counter_1:CounterUDB:ctrl_capmode_0\[143] = zero[72]
Removing Lhs of wire \Counter_1:CounterUDB:ctrl_enable\[155] = \Counter_1:CounterUDB:control_7\[147]
Removing Lhs of wire \Counter_1:CounterUDB:capt_rising\[157] = zero[72]
Removing Lhs of wire \Counter_1:CounterUDB:capt_falling\[158] = \Counter_1:CounterUDB:prevCapture\[156]
Removing Rhs of wire \Counter_1:CounterUDB:reload\[161] = \Counter_1:CounterUDB:reload_tc\[162]
Removing Lhs of wire \Counter_1:CounterUDB:final_enable\[163] = \Counter_1:CounterUDB:control_7\[147]
Removing Lhs of wire \Counter_1:CounterUDB:counter_enable\[164] = \Counter_1:CounterUDB:control_7\[147]
Removing Rhs of wire \Counter_1:CounterUDB:status_0\[165] = \Counter_1:CounterUDB:cmp_out_status\[166]
Removing Rhs of wire \Counter_1:CounterUDB:status_1\[167] = \Counter_1:CounterUDB:per_zero\[168]
Removing Rhs of wire \Counter_1:CounterUDB:status_2\[169] = \Counter_1:CounterUDB:overflow_status\[170]
Removing Rhs of wire \Counter_1:CounterUDB:status_3\[171] = \Counter_1:CounterUDB:underflow_status\[172]
Removing Lhs of wire \Counter_1:CounterUDB:status_4\[173] = \Counter_1:CounterUDB:hwCapture\[160]
Removing Rhs of wire \Counter_1:CounterUDB:status_5\[174] = \Counter_1:CounterUDB:fifo_full\[175]
Removing Rhs of wire \Counter_1:CounterUDB:status_6\[176] = \Counter_1:CounterUDB:fifo_nempty\[177]
Removing Lhs of wire \Counter_1:CounterUDB:dp_dir\[180] = tmpOE__TONE_net_0[94]
Removing Lhs of wire \Counter_1:CounterUDB:tc_i\[185] = \Counter_1:CounterUDB:reload\[161]
Removing Lhs of wire \Counter_1:CounterUDB:cs_addr_2\[195] = tmpOE__TONE_net_0[94]
Removing Lhs of wire \Counter_1:CounterUDB:cs_addr_1\[196] = \Counter_1:CounterUDB:count_enable\[194]
Removing Lhs of wire \Counter_1:CounterUDB:cs_addr_0\[197] = \Counter_1:CounterUDB:reload\[161]
Removing Lhs of wire \JJY_Control_Reg:clk\[324] = zero[72]
Removing Lhs of wire \JJY_Control_Reg:rst\[325] = zero[72]
Removing Rhs of wire Net_805[326] = \JJY_Control_Reg:control_out_0\[327]
Removing Rhs of wire Net_805[326] = \JJY_Control_Reg:control_0\[350]
Removing Lhs of wire Net_12[355] = zero[72]
Removing Lhs of wire \Timer_1:Net_260\[357] = zero[72]
Removing Lhs of wire \Timer_1:Net_266\[358] = tmpOE__TONE_net_0[94]
Removing Rhs of wire Net_808[362] = \Timer_1:Net_57\[361]
Removing Lhs of wire \Timer_1:Net_102\[364] = tmpOE__TONE_net_0[94]
Removing Lhs of wire \WaveDAC8_1:cydff_1\\D\[366] = Net_640[92]
Removing Lhs of wire \Counter_1:CounterUDB:prevCapture\\D\[367] = zero[72]
Removing Lhs of wire \Counter_1:CounterUDB:overflow_reg_i\\D\[368] = \Counter_1:CounterUDB:overflow\[179]
Removing Lhs of wire \Counter_1:CounterUDB:underflow_reg_i\\D\[369] = \Counter_1:CounterUDB:underflow\[182]
Removing Lhs of wire \Counter_1:CounterUDB:tc_reg_i\\D\[370] = \Counter_1:CounterUDB:reload\[161]
Removing Lhs of wire \Counter_1:CounterUDB:prevCompare\\D\[371] = \Counter_1:CounterUDB:cmp_out_i\[187]
Removing Lhs of wire \Counter_1:CounterUDB:cmp_out_reg_i\\D\[372] = \Counter_1:CounterUDB:cmp_out_i\[187]
Removing Lhs of wire \Counter_1:CounterUDB:count_stored_i\\D\[373] = Net_730[193]

------------------------------------------------------
Aliased 0 equations, 65 wires.
------------------------------------------------------

----------------------------------------------------------
Circuit simplification
----------------------------------------------------------

Substituting virtuals - pass 1:

Note:  Expanding virtual equation for 'tmpOE__TONE_net_0' (cost = 0):
tmpOE__TONE_net_0 <=  ('1') ;

Note:  Expanding virtual equation for 'zero' (cost = 0):
zero <=  ('0') ;

Note:  Expanding virtual equation for '\Counter_1:CounterUDB:capt_either_edge\' (cost = 0):
\Counter_1:CounterUDB:capt_either_edge\ <= (\Counter_1:CounterUDB:prevCapture\);

Note:  Expanding virtual equation for '\Counter_1:CounterUDB:overflow\' (cost = 0):
\Counter_1:CounterUDB:overflow\ <= (\Counter_1:CounterUDB:per_equal\);

Note:  Expanding virtual equation for '\Counter_1:CounterUDB:underflow\' (cost = 0):
\Counter_1:CounterUDB:underflow\ <=  ('0') ;

Note:  Expanding virtual equation for '\Counter_1:CounterUDB:cmp_out_i\' (cost = 0):
\Counter_1:CounterUDB:cmp_out_i\ <= (not \Counter_1:CounterUDB:cmp_less\);


Substituting virtuals - pass 2:


----------------------------------------------------------
Circuit simplification results:

	Expanded 6 signals.
	Turned 0 signals into soft nodes.
	Maximum default expansion cost was set at 3.
----------------------------------------------------------

------------------------------------------------------
Alias Detection
------------------------------------------------------
Aliasing \Counter_1:CounterUDB:hwCapture\ to zero
Aliasing \Counter_1:CounterUDB:status_3\ to zero
Aliasing \Counter_1:CounterUDB:underflow\ to zero
Removing Lhs of wire \Counter_1:CounterUDB:hwCapture\[160] = zero[72]
Removing Rhs of wire \Counter_1:CounterUDB:reload\[161] = \Counter_1:CounterUDB:per_equal\[181]
Removing Lhs of wire \Counter_1:CounterUDB:status_3\[171] = zero[72]
Removing Lhs of wire \Counter_1:CounterUDB:underflow\[182] = zero[72]

------------------------------------------------------
Aliased 0 equations, 4 wires.
------------------------------------------------------

----------------------------------------------------------
Circuit simplification
----------------------------------------------------------

Eliminating unused logic - pass 1:


Eliminating unused logic - pass 2:


Substituting virtuals - pass 1:


----------------------------------------------------------
Circuit simplification results:

	Expanded 0 signals.
	Turned 0 signals into soft nodes.
	Maximum default expansion cost was set at 3.
----------------------------------------------------------

topld:  No errors.

CYPRESS_DIR    : C:\Program Files (x86)\Cypress\PSoC Creator\3.3\PSoC Creator\warp
Warp Program   : C:\Program Files (x86)\Cypress\PSoC Creator\3.3\PSoC Creator\warp\bin/warp.exe
Warp Arguments : -yv2 -q10 -ygs -o2 -v3 -.fftcfgtype=LE -ya -.fftprj=E:\PSoC_Creator\CY8CKIT-059\CY8CKIT-059_JJY_Raceiver\CY8CKIT-059_JJY_Raceiver.cydsn\CY8CKIT-059_JJY_Raceiver.cyprj -dcpsoc3 CY8CKIT-059_JJY_Raceiver.v -verilog
</CYPRESSTAG>
Warp synthesis phase: Elapsed time ==> 2s.203ms
<CYPRESSTAG name="Fitter results...">
<CYPRESSTAG name="Fitter startup details...">
cyp3fit: V3.3.0.9604, Family: PSoC3, Started at: Thursday, 22 September 2016 10:03:23
Options: -yv2 -q10 -ygs -o2 -v3 -.fftcfgtype=LE -ya -.fftprj=E:\PSoC_Creator\CY8CKIT-059\CY8CKIT-059_JJY_Raceiver\CY8CKIT-059_JJY_Raceiver.cydsn\CY8CKIT-059_JJY_Raceiver.cyprj -d CY8C5888LTI-LP097 CY8CKIT-059_JJY_Raceiver.v -verilog
</CYPRESSTAG>
<CYPRESSTAG name="Design parsing">
Design parsing phase: Elapsed time ==> 0s.031ms
</CYPRESSTAG>
<CYPRESSTAG name="Tech mapping">
<CYPRESSTAG name="Initial Mapping" icon="FILE_RPT_TECHM">
    Converted constant MacroCell: \Counter_1:CounterUDB:prevCapture\ from registered to combinatorial
    Converted constant MacroCell: \Counter_1:CounterUDB:underflow_reg_i\ from registered to combinatorial
Assigning clock I2C_1_BusClock to clock BUS_CLK because it is a pass-through
<CYPRESSTAG name="Global Clock Selection" icon="FILE_RPT_TECHM">
    Digital Clock 0: Automatic-assigning  clock 'counter_clock'. Fanout=3, Signal=Net_676
    Digital Clock 1: Automatic-assigning  clock 'clock_1'. Fanout=1, Signal=Net_729
    Digital Clock 2: Automatic-assigning  clock 'WaveDAC8_1_DacClk'. Fanout=4, Signal=\WaveDAC8_1:Net_279\
    Digital Clock 3: Automatic-assigning  clock 'timer_clock'. Fanout=1, Signal=Net_10
</CYPRESSTAG>

Removing unused cells resulting from optimization
Done removing unused cells.
<CYPRESSTAG name="UDB Clock/Enable Remapping Results">
    UDB Clk/Enable \Counter_1:CounterUDB:clock_enable_block\: with output requested to be synchronous
        ClockIn: counter_clock was determined to be a global clock that is synchronous to BUS_CLK
        EnableIn: Constant 1 was determined to be synchronous to ClockIn
        ClockOut: counter_clock, EnableOut: Constant 1
    UDB Clk/Enable \Counter_1:CounterUDB:sCTRLReg:cy_psoc3_udb_Ctl_Clk_Sync\: with output requested to be synchronous
        ClockIn: counter_clock was determined to be a global clock that is synchronous to BUS_CLK
        EnableIn: Constant 1 was determined to be synchronous to ClockIn
        ClockOut: counter_clock, EnableOut: Constant 1
</CYPRESSTAG>

Removing unused cells resulting from optimization
Done removing unused cells.
<CYPRESSTAG name="Duplicate Macrocell detection">
</CYPRESSTAG>
</CYPRESSTAG>
<CYPRESSTAG name="Duplicate Macrocell detection">
</CYPRESSTAG>
<CYPRESSTAG name="Design Equations" icon="FILE_RPT_EQUATION">

------------------------------------------------------------
Design Equations
------------------------------------------------------------
    <CYPRESSTAG name="Pin listing">

    ------------------------------------------------------------
    Pin listing
    ------------------------------------------------------------

    Pin : Name = TONE(0)
        Attributes:
            In Group/Port: True
            In Sync Option: AUTO
            Out Sync Option: AUTO
            Interrupt generated: False
            Interrupt mode: NONE
            Drive mode: HI_Z_ANALOG
            VTrip: EITHER
            Slew: FAST
            Input Sync needed: False
            Output Sync needed: False
            SC shield enabled: False
            POR State: ANY
            LCD Mode: COMMON
            Register Mode: RegComb
            CaSense Mode: NEITHER
            Treat as pin: True
            Is OE Registered: False
            Uses Analog: True
            Can contain Digital: False
            Is SIO: False
            SIO Output Buf: NONREGULATED
            SIO Input Buf: SINGLE_ENDED
            SIO HiFreq: LOW
            SIO Hyst: DISABLED
            SIO Vtrip: MULTIPLIER_0_5
            SIO Multiplier Index: 0
            SIO RefSel: VCC_IO
            Required Capabilitites: ANALOG
            Initial Value: 0
            IO Voltage: 0
        PORT MAP (
            pa_out => TONE(0)__PA ,
            analog_term => Net_230 ,
            pad => TONE(0)_PAD );
        Properties:
        {
        }

    Pin : Name = LED(0)
        Attributes:
            In Group/Port: True
            In Sync Option: AUTO
            Out Sync Option: NOSYNC
            Interrupt generated: False
            Interrupt mode: NONE
            Drive mode: CMOS_OUT
            VTrip: EITHER
            Slew: FAST
            Input Sync needed: False
            Output Sync needed: False
            SC shield enabled: False
            POR State: ANY
            LCD Mode: COMMON
            Register Mode: RegComb
            CaSense Mode: NEITHER
            Treat as pin: True
            Is OE Registered: False
            Uses Analog: False
            Can contain Digital: True
            Is SIO: False
            SIO Output Buf: NONREGULATED
            SIO Input Buf: SINGLE_ENDED
            SIO HiFreq: LOW
            SIO Hyst: DISABLED
            SIO Vtrip: MULTIPLIER_0_5
            SIO Multiplier Index: 0
            SIO RefSel: VCC_IO
            Required Capabilitites: DIGITAL
            Initial Value: 0
            IO Voltage: 0
        PORT MAP (
            pa_out => LED(0)__PA ,
            pad => LED(0)_PAD );
        Properties:
        {
        }

    Pin : Name = SDA(0)
        Attributes:
            In Group/Port: True
            In Sync Option: NOSYNC
            Out Sync Option: NOSYNC
            Interrupt generated: False
            Interrupt mode: NONE
            Drive mode: OPEN_DRAIN_LO
            VTrip: CMOS
            Slew: FAST
            Input Sync needed: False
            Output Sync needed: False
            SC shield enabled: False
            POR State: ANY
            LCD Mode: COMMON
            Register Mode: RegComb
            CaSense Mode: NEITHER
            Treat as pin: True
            Is OE Registered: False
            Uses Analog: False
            Can contain Digital: True
            Is SIO: False
            SIO Output Buf: NONREGULATED
            SIO Input Buf: SINGLE_ENDED
            SIO HiFreq: LOW
            SIO Hyst: DISABLED
            SIO Vtrip: MULTIPLIER_0_5
            SIO Multiplier Index: 0
            SIO RefSel: VCC_IO
            Required Capabilitites: DIGITAL, ROUTABLE
            Initial Value: 0
            IO Voltage: 0
        PORT MAP (
            pa_out => SDA(0)__PA ,
            fb => \I2C_1:Net_1109_1\ ,
            input => \I2C_1:sda_x_wire\ ,
            pad => SDA(0)_PAD );
        Properties:
        {
        }

    Pin : Name = SCL(0)
        Attributes:
            In Group/Port: True
            In Sync Option: NOSYNC
            Out Sync Option: NOSYNC
            Interrupt generated: False
            Interrupt mode: NONE
            Drive mode: OPEN_DRAIN_LO
            VTrip: CMOS
            Slew: FAST
            Input Sync needed: False
            Output Sync needed: False
            SC shield enabled: False
            POR State: ANY
            LCD Mode: COMMON
            Register Mode: RegComb
            CaSense Mode: NEITHER
            Treat as pin: True
            Is OE Registered: False
            Uses Analog: False
            Can contain Digital: True
            Is SIO: False
            SIO Output Buf: NONREGULATED
            SIO Input Buf: SINGLE_ENDED
            SIO HiFreq: LOW
            SIO Hyst: DISABLED
            SIO Vtrip: MULTIPLIER_0_5
            SIO Multiplier Index: 0
            SIO RefSel: VCC_IO
            Required Capabilitites: DIGITAL, ROUTABLE
            Initial Value: 0
            IO Voltage: 0
        PORT MAP (
            pa_out => SCL(0)__PA ,
            fb => \I2C_1:Net_1109_0\ ,
            input => \I2C_1:Net_643_0\ ,
            pad => SCL(0)_PAD );
        Properties:
        {
        }

    Pin : Name = TC_IN(0)
        Attributes:
            In Group/Port: True
            In Sync Option: NOSYNC
            Out Sync Option: AUTO
            Interrupt generated: False
            Interrupt mode: NONE
            Drive mode: HI_Z_DIGITAL
            VTrip: CMOS
            Slew: FAST
            Input Sync needed: False
            Output Sync needed: False
            SC shield enabled: False
            POR State: ANY
            LCD Mode: COMMON
            Register Mode: RegComb
            CaSense Mode: NEITHER
            Treat as pin: True
            Is OE Registered: False
            Uses Analog: False
            Can contain Digital: True
            Is SIO: False
            SIO Output Buf: NONREGULATED
            SIO Input Buf: SINGLE_ENDED
            SIO HiFreq: LOW
            SIO Hyst: DISABLED
            SIO Vtrip: MULTIPLIER_0_5
            SIO Multiplier Index: 0
            SIO RefSel: VCC_IO
            Required Capabilitites: DIGITAL, ROUTABLE
            Initial Value: 0
            IO Voltage: 0
        PORT MAP (
            pa_out => TC_IN(0)__PA ,
            fb => Net_594 ,
            pad => TC_IN(0)_PAD );
        Properties:
        {
        }
    </CYPRESSTAG>
    <CYPRESSTAG name="Macrocell listing" icon="FILE_RPT_EQUATION">

    ------------------------------------------------------------
    Macrocell listing
    ------------------------------------------------------------

    MacroCell: Name=\WaveDAC8_1:Net_183\, Mode=(Combinatorial)
        Total # of inputs        : 2
        Total # of product terms : 1
            Clock Enable: True
        Main Equation            : 1 pterm
        (
              !\WaveDAC8_1:Net_134\ * \WaveDAC8_1:Net_279_local\
        );
        Output = \WaveDAC8_1:Net_183\ (fanout=1)

    MacroCell: Name=\WaveDAC8_1:Net_107\, Mode=(Combinatorial)
        Total # of inputs        : 2
        Total # of product terms : 1
            Clock Enable: True
        Main Equation            : 1 pterm
        (
              \WaveDAC8_1:Net_134\ * \WaveDAC8_1:Net_279_local\
        );
        Output = \WaveDAC8_1:Net_107\ (fanout=1)

    MacroCell: Name=\Counter_1:CounterUDB:status_0\, Mode=(Combinatorial)
        Total # of inputs        : 2
        Total # of product terms : 1
            Clock Enable: True
        Main Equation            : 1 pterm
        (
              !\Counter_1:CounterUDB:cmp_less\ * 
              !\Counter_1:CounterUDB:prevCompare\
        );
        Output = \Counter_1:CounterUDB:status_0\ (fanout=1)

    MacroCell: Name=\Counter_1:CounterUDB:status_2\, Mode=(Combinatorial)
        Total # of inputs        : 2
        Total # of product terms : 1
            Clock Enable: True
        Main Equation            : 1 pterm
        (
              \Counter_1:CounterUDB:reload\ * 
              !\Counter_1:CounterUDB:overflow_reg_i\
        );
        Output = \Counter_1:CounterUDB:status_2\ (fanout=1)

    MacroCell: Name=\Counter_1:CounterUDB:count_enable\, Mode=(Combinatorial)
        Total # of inputs        : 3
        Total # of product terms : 1
            Clock Enable: True
        Main Equation            : 1 pterm
        (
              \Counter_1:CounterUDB:control_7\ * 
              !\Counter_1:CounterUDB:count_stored_i\ * Net_730
        );
        Output = \Counter_1:CounterUDB:count_enable\ (fanout=3)

    MacroCell: Name=Net_365, Mode=(Combinatorial)
        Total # of inputs        : 1
        Total # of product terms : 1
            Clock Enable: True
        Main Equation            : 1 pterm
        (
              !Net_594
        );
        Output = Net_365 (fanout=1)

    MacroCell: Name=__ONE__, Mode=(Combinatorial)
        Total # of inputs        : 0
        Total # of product terms : 0
            Clock Enable: True
        Main Equation            : 0 pterms
        !(
            0
        );
        Output = __ONE__ (fanout=4)

    MacroCell: Name=\WaveDAC8_1:Net_134\, Mode=(D-Register)
        Total # of inputs        : 3
        Total # of product terms : 2
        List of special equations: 
            Clock  = (\WaveDAC8_1:Net_279\) => Global
            Clock Enable: True
        Main Equation            : 2 pterms
        (
              Net_232 * !Net_805
            + Net_594 * Net_805
        );
        Output = \WaveDAC8_1:Net_134\ (fanout=2)

    MacroCell: Name=\Counter_1:CounterUDB:overflow_reg_i\, Mode=(D-Register)
        Total # of inputs        : 1
        Total # of product terms : 1
        List of special equations: 
            Clock  = (Net_676) => Global
            Clock Enable: True
        Main Equation            : 1 pterm
        (
              \Counter_1:CounterUDB:reload\
        );
        Output = \Counter_1:CounterUDB:overflow_reg_i\ (fanout=1)

    MacroCell: Name=\Counter_1:CounterUDB:prevCompare\, Mode=(D-Register)
        Total # of inputs        : 1
        Total # of product terms : 1
        List of special equations: 
            Clock  = (Net_676) => Global
            Clock Enable: True
        Main Equation            : 1 pterm
        (
              !\Counter_1:CounterUDB:cmp_less\
        );
        Output = \Counter_1:CounterUDB:prevCompare\ (fanout=1)

    MacroCell: Name=\Counter_1:CounterUDB:count_stored_i\, Mode=(D-Register)
        Total # of inputs        : 1
        Total # of product terms : 1
        List of special equations: 
            Clock  = (Net_676) => Global
            Clock Enable: True
        Main Equation            : 1 pterm
        (
              Net_730
        );
        Output = \Counter_1:CounterUDB:count_stored_i\ (fanout=1)
    </CYPRESSTAG>
    <CYPRESSTAG name="Datapath listing">

    ------------------------------------------------------------
    Datapath listing
    ------------------------------------------------------------

    datapathcell: Name =\Counter_1:CounterUDB:sC24:counterdp:u0\
        PORT MAP (
            clock => Net_676 ,
            cs_addr_2 => __ONE__ ,
            cs_addr_1 => \Counter_1:CounterUDB:count_enable\ ,
            cs_addr_0 => \Counter_1:CounterUDB:reload\ ,
            chain_out => \Counter_1:CounterUDB:sC24:counterdp:carry0\ );
        Properties:
        {
            a0_init = "00000000"
            a1_init = "00000000"
            ce0_sync = 1
            ce1_sync = 1
            cl0_sync = 1
            cl1_sync = 1
            cmsb_sync = 1
            co_msb_sync = 1
            cy_dpconfig = "0000000001000000000000001000000001000000010000000000000010000000000000000100000010101000010100000010000001000000101010000101000011111111000000001111111111111111101000000000000000000001000000000000000000011000"
            d0_init = "00000000"
            d1_init = "00000000"
            f0_blk_sync = 1
            f0_bus_sync = 1
            f1_blk_sync = 1
            f1_bus_sync = 1
            ff0_sync = 1
            ff1_sync = 1
            ov_msb_sync = 1
            so_sync = 1
            z0_sync = 1
            z1_sync = 1
        }
        Clock Polarity: Active High
        Clock Enable: True
        Next in chain : \Counter_1:CounterUDB:sC24:counterdp:u1\

    datapathcell: Name =\Counter_1:CounterUDB:sC24:counterdp:u1\
        PORT MAP (
            clock => Net_676 ,
            cs_addr_2 => __ONE__ ,
            cs_addr_1 => \Counter_1:CounterUDB:count_enable\ ,
            cs_addr_0 => \Counter_1:CounterUDB:reload\ ,
            chain_in => \Counter_1:CounterUDB:sC24:counterdp:carry0\ ,
            chain_out => \Counter_1:CounterUDB:sC24:counterdp:carry1\ );
        Properties:
        {
            a0_init = "00000000"
            a1_init = "00000000"
            ce0_sync = 1
            ce1_sync = 1
            cl0_sync = 1
            cl1_sync = 1
            cmsb_sync = 1
            co_msb_sync = 1
            cy_dpconfig = "0000000001000000000000001000000001000000010000000000000010000000000000000100000010101000010100000010000001000000101010000101000011111111000000001111111111111111101011110000000000000001000001110000000000011000"
            d0_init = "00000000"
            d1_init = "00000000"
            f0_blk_sync = 1
            f0_bus_sync = 1
            f1_blk_sync = 1
            f1_bus_sync = 1
            ff0_sync = 1
            ff1_sync = 1
            ov_msb_sync = 1
            so_sync = 1
            z0_sync = 1
            z1_sync = 1
        }
        Clock Polarity: Active High
        Clock Enable: True
        Previous in chain : \Counter_1:CounterUDB:sC24:counterdp:u0\
        Next in chain : \Counter_1:CounterUDB:sC24:counterdp:u2\

    datapathcell: Name =\Counter_1:CounterUDB:sC24:counterdp:u2\
        PORT MAP (
            clock => Net_676 ,
            cs_addr_2 => __ONE__ ,
            cs_addr_1 => \Counter_1:CounterUDB:count_enable\ ,
            cs_addr_0 => \Counter_1:CounterUDB:reload\ ,
            ce0_comb => \Counter_1:CounterUDB:reload\ ,
            z0_comb => \Counter_1:CounterUDB:status_1\ ,
            cl1_comb => \Counter_1:CounterUDB:cmp_less\ ,
            f0_bus_stat_comb => \Counter_1:CounterUDB:status_6\ ,
            f0_blk_stat_comb => \Counter_1:CounterUDB:status_5\ ,
            chain_in => \Counter_1:CounterUDB:sC24:counterdp:carry1\ );
        Properties:
        {
            a0_init = "00000000"
            a1_init = "00000000"
            ce0_sync = 1
            ce1_sync = 1
            cl0_sync = 1
            cl1_sync = 1
            cmsb_sync = 1
            co_msb_sync = 1
            cy_dpconfig = "0000000001000000000000001000000001000000010000000000000010000000000000000100000010101000010100000010000001000000101010000101000011111111000000001111111111111111101011110000000000000001000001110000000000011000"
            d0_init = "00000000"
            d1_init = "00000000"
            f0_blk_sync = 1
            f0_bus_sync = 1
            f1_blk_sync = 1
            f1_bus_sync = 1
            ff0_sync = 1
            ff1_sync = 1
            ov_msb_sync = 1
            so_sync = 1
            z0_sync = 1
            z1_sync = 1
        }
        Clock Polarity: Active High
        Clock Enable: True
        Previous in chain : \Counter_1:CounterUDB:sC24:counterdp:u1\
    </CYPRESSTAG>
    <CYPRESSTAG name="Status register listing">
    </CYPRESSTAG>
    <CYPRESSTAG name="StatusI register listing">

    ------------------------------------------------------------
    StatusI register listing
    ------------------------------------------------------------

    statusicell: Name =\Counter_1:CounterUDB:sSTSReg:stsreg\
        PORT MAP (
            clock => Net_676 ,
            status_6 => \Counter_1:CounterUDB:status_6\ ,
            status_5 => \Counter_1:CounterUDB:status_5\ ,
            status_2 => \Counter_1:CounterUDB:status_2\ ,
            status_1 => \Counter_1:CounterUDB:status_1\ ,
            status_0 => \Counter_1:CounterUDB:status_0\ );
        Properties:
        {
            cy_force_order = 1
            cy_int_mask = "1111111"
            cy_md_select = "0011111"
        }
        Clock Polarity: Active High
        Clock Enable: True
    </CYPRESSTAG>
    <CYPRESSTAG name="Sync listing">

    ------------------------------------------------------------
    Sync listing
    ------------------------------------------------------------

    synccell: Name =\Sync_1:genblk1[0]:INST\
        PORT MAP (
            clock => Net_676 ,
            in => Net_729_local ,
            out => Net_730 );
        Clock Polarity: Active High
        Clock Enable: True
    </CYPRESSTAG>
    <CYPRESSTAG name="Control register listing">

    ------------------------------------------------------------
    Control register listing
    ------------------------------------------------------------

    controlcell: Name =\TONE_Control_Reg:Sync:ctrl_reg\
        PORT MAP (
            control_7 => \TONE_Control_Reg:control_7\ ,
            control_6 => \TONE_Control_Reg:control_6\ ,
            control_5 => \TONE_Control_Reg:control_5\ ,
            control_4 => \TONE_Control_Reg:control_4\ ,
            control_3 => \TONE_Control_Reg:control_3\ ,
            control_2 => \TONE_Control_Reg:control_2\ ,
            control_1 => \TONE_Control_Reg:control_1\ ,
            control_0 => Net_232 );
        Properties:
        {
            cy_ctrl_mode_0 = "00000000"
            cy_ctrl_mode_1 = "00000000"
            cy_ext_reset = 0
            cy_force_order = 1
            cy_init_value = "00000000"
        }
        Clock Enable: True

    controlcell: Name =\Counter_1:CounterUDB:sCTRLReg:ctrlreg\
        PORT MAP (
            clock => Net_676 ,
            control_7 => \Counter_1:CounterUDB:control_7\ ,
            control_6 => \Counter_1:CounterUDB:control_6\ ,
            control_5 => \Counter_1:CounterUDB:control_5\ ,
            control_4 => \Counter_1:CounterUDB:control_4\ ,
            control_3 => \Counter_1:CounterUDB:control_3\ ,
            control_2 => \Counter_1:CounterUDB:control_2\ ,
            control_1 => \Counter_1:CounterUDB:control_1\ ,
            control_0 => \Counter_1:CounterUDB:control_0\ );
        Properties:
        {
            cy_ctrl_mode_0 = "11111111"
            cy_ctrl_mode_1 = "00000000"
            cy_ext_reset = 0
            cy_force_order = 1
            cy_init_value = "00000000"
        }
        Clock Polarity: Active High
        Clock Enable: True

    controlcell: Name =\JJY_Control_Reg:Sync:ctrl_reg\
        PORT MAP (
            control_7 => \JJY_Control_Reg:control_7\ ,
            control_6 => \JJY_Control_Reg:control_6\ ,
            control_5 => \JJY_Control_Reg:control_5\ ,
            control_4 => \JJY_Control_Reg:control_4\ ,
            control_3 => \JJY_Control_Reg:control_3\ ,
            control_2 => \JJY_Control_Reg:control_2\ ,
            control_1 => \JJY_Control_Reg:control_1\ ,
            control_0 => Net_805 );
        Properties:
        {
            cy_ctrl_mode_0 = "00000000"
            cy_ctrl_mode_1 = "00000000"
            cy_ext_reset = 0
            cy_force_order = 1
            cy_init_value = "00000000"
        }
        Clock Enable: True
    </CYPRESSTAG>
    <CYPRESSTAG name="Count7 listing">
    </CYPRESSTAG>
    <CYPRESSTAG name="DRQ listing">

    ------------------------------------------------------------
    DRQ listing
    ------------------------------------------------------------

    drqcell: Name =\WaveDAC8_1:Wave1_DMA\
        PORT MAP (
            dmareq => \WaveDAC8_1:Net_183\ ,
            termin => zero ,
            termout => Net_260 );
        Properties:
        {
            drq_type = "10"
            num_tds = 0
        }

    drqcell: Name =\WaveDAC8_1:Wave2_DMA\
        PORT MAP (
            dmareq => \WaveDAC8_1:Net_107\ ,
            termin => zero ,
            termout => Net_261 );
        Properties:
        {
            drq_type = "10"
            num_tds = 0
        }
    </CYPRESSTAG>
    <CYPRESSTAG name="Interrupt listing">

    ------------------------------------------------------------
    Interrupt listing
    ------------------------------------------------------------

    interrupt: Name =\I2C_1:I2C_IRQ\
        PORT MAP (
            interrupt => \I2C_1:Net_697\ );
        Properties:
        {
            int_type = "00"
        }

    interrupt: Name =isr_TC_PULSE_END
        PORT MAP (
            interrupt => Net_365 );
        Properties:
        {
            int_type = "00"
        }

    interrupt: Name =isr_TC_PULSE_DET
        PORT MAP (
            interrupt => Net_594 );
        Properties:
        {
            int_type = "00"
        }

    interrupt: Name =timerISR_1
        PORT MAP (
            interrupt => Net_808 );
        Properties:
        {
            int_type = "10"
        }
    </CYPRESSTAG>
</CYPRESSTAG>
<CYPRESSTAG name="Technology mapping summary" expanded>

------------------------------------------------------------
Technology mapping summary
------------------------------------------------------------

Resource Type                 : Used : Free :  Max :  % Used
============================================================
Digital Clocks                :    4 :    4 :    8 : 50.00 %
Analog Clocks                 :    0 :    4 :    4 :  0.00 %
CapSense Buffers              :    0 :    2 :    2 :  0.00 %
Digital Filter Block          :    0 :    1 :    1 :  0.00 %
Interrupts                    :    4 :   28 :   32 : 12.50 %
IO                            :    8 :   40 :   48 : 16.67 %
Segment LCD                   :    0 :    1 :    1 :  0.00 %
CAN 2.0b                      :    0 :    1 :    1 :  0.00 %
I2C                           :    1 :    0 :    1 : 100.00 %
USB                           :    0 :    1 :    1 :  0.00 %
DMA Channels                  :    2 :   22 :   24 :  8.33 %
Timer                         :    1 :    3 :    4 : 25.00 %
UDB                           :      :      :      :        
  Macrocells                  :   11 :  181 :  192 :  5.73 %
  Unique P-terms              :   11 :  373 :  384 :  2.86 %
  Total P-terms               :   11 :      :      :        
  Datapath Cells              :    3 :   21 :   24 : 12.50 %
  Status Cells                :    2 :   22 :   24 :  8.33 %
    StatusI Registers         :    1 :      :      :        
    Sync Cells (x1)           :    1 :      :      :        
  Control Cells               :    3 :   21 :   24 : 12.50 %
    Control Registers         :    3 :      :      :        
Opamp                         :    0 :    4 :    4 :  0.00 %
Comparator                    :    0 :    4 :    4 :  0.00 %
Delta-Sigma ADC               :    0 :    1 :    1 :  0.00 %
LPF                           :    0 :    2 :    2 :  0.00 %
SAR ADC                       :    0 :    2 :    2 :  0.00 %
Analog (SC/CT) Blocks         :    0 :    4 :    4 :  0.00 %
DAC                           :      :      :      :        
  VIDAC                       :    1 :    3 :    4 : 25.00 %
</CYPRESSTAG>
Technology Mapping: Elapsed time ==> 0s.046ms
Tech mapping phase: Elapsed time ==> 0s.140ms
</CYPRESSTAG>
<CYPRESSTAG name="Analog Placement">
Initial Analog Placement Results:
IO_1@[IOP=(2)][IoId=(1)] : LED(0) (fixed)
IO_0@[IOP=(12)][IoId=(0)] : SCL(0) (fixed)
IO_1@[IOP=(12)][IoId=(1)] : SDA(0) (fixed)
IO_4@[IOP=(2)][IoId=(4)] : TC_IN(0) (fixed)
IO_0@[IOP=(0)][IoId=(0)] : TONE(0) (fixed)
VIDAC[3]@[FFB(VIDAC,3)] : \WaveDAC8_1:VDAC8:viDAC8\
Log: apr.M0058: The analog placement iterative improvement is 27% done. (App=cydsfit)
Log: apr.M0058: The analog placement iterative improvement is 90% done. (App=cydsfit)
Analog Placement Results:
IO_1@[IOP=(2)][IoId=(1)] : LED(0) (fixed)
IO_0@[IOP=(12)][IoId=(0)] : SCL(0) (fixed)
IO_1@[IOP=(12)][IoId=(1)] : SDA(0) (fixed)
IO_4@[IOP=(2)][IoId=(4)] : TC_IN(0) (fixed)
IO_0@[IOP=(0)][IoId=(0)] : TONE(0) (fixed)
VIDAC[2]@[FFB(VIDAC,2)] : \WaveDAC8_1:VDAC8:viDAC8\

Analog Placement phase: Elapsed time ==> 0s.375ms
</CYPRESSTAG>
<CYPRESSTAG name="Analog Routing">
Analog Routing phase: Elapsed time ==> 0s.000ms
</CYPRESSTAG>
<CYPRESSTAG name="Analog Code Generation">
============ Analog Final Answer Routes ============
Dump of CyAnalogRoutingResultsDB
Map of net to items {
  Net: Net_230 {
    vidac_2_vout
    agl4_x_vidac_2_vout
    agl4
    agl4_x_p0_0
    p0_0
  }
  Net: \WaveDAC8_1:VDAC8:Net_77\ {
  }
}
Map of item to net {
  vidac_2_vout                                     -> Net_230
  agl4_x_vidac_2_vout                              -> Net_230
  agl4                                             -> Net_230
  agl4_x_p0_0                                      -> Net_230
  p0_0                                             -> Net_230
}
Mux Info {
}
Dump of CyP35AnalogRoutingResultsDB
IsVddaHalfUsedForComp = False
IsVddaHalfUsedForSar0 = False
IsVddaHalfUsedForSar1 = False
Analog Code Generation phase: Elapsed time ==> 0s.406ms
</CYPRESSTAG>
<CYPRESSTAG name="Digital Placement">
<CYPRESSTAG name="Detailed placement messages">
I2076: Total run-time: 0.9 sec.

</CYPRESSTAG>
<CYPRESSTAG name="PLD Packing">
<CYPRESSTAG name="PLD Packing Summary" expanded>

------------------------------------------------------------
PLD Packing Summary
------------------------------------------------------------
            Resource Type : Used : Free :  Max :  % Used
    ====================================================
                     PLDs :    4 :   44 :   48 :   8.33%

<CYPRESSTAG name="PLD Statistics">

        PLD Resource Type :     Average/LAB
    =======================================
                   Inputs :            3.25
                   Pterms :            2.75
               Macrocells :            2.75
</CYPRESSTAG>
<CYPRESSTAG name="Packed PLD Contents">
Packed PLD Contents not displayed at this verbose level.</CYPRESSTAG>
</CYPRESSTAG>
PLD Packing: Elapsed time ==> 0s.000ms
</CYPRESSTAG>
<CYPRESSTAG name="Partitioning">
<CYPRESSTAG name="Initial Partitioning Summary">
Initial Partitioning Summary not displayed at this verbose level.</CYPRESSTAG>
<CYPRESSTAG name="Final Partitioning Summary">
Final Partitioning Summary not displayed at this verbose level.</CYPRESSTAG>
Partitioning: Elapsed time ==> 0s.078ms
</CYPRESSTAG>
<CYPRESSTAG name="Simulated Annealing">
Annealing: Elapsed time ==> 0s.015ms
<CYPRESSTAG name="Simulated Annealing Results">
The seed used for moves was 114161200.
Inital cost was 212, final cost is 212 (0.00% improvement).</CYPRESSTAG>
</CYPRESSTAG>
<CYPRESSTAG name="Final Placement Summary">

------------------------------------------------------------
Final Placement Summary
------------------------------------------------------------

       Resource Type :      Count : Avg Inputs : Avg Outputs
    ========================================================
                 UDB :          4 :       3.00 :       2.75
<CYPRESSTAG name="Final Placement Details">
<CYPRESSTAG name="Component Details">

------------------------------------------------------------
Component Placement Details
------------------------------------------------------------
UDB [UDB=(0,0)] is empty.
UDB [UDB=(0,1)] is empty.
UDB [UDB=(0,2)] is empty.
UDB [UDB=(0,3)] is empty.
UDB [UDB=(0,4)] contents:
LAB@[UDB=(0,4)][LB=1] #macrocells=4, #inputs=5, #pterms=5
{
    [McSlotId=0]:     MacroCell: Name=\WaveDAC8_1:Net_134\, Mode=(D-Register) @ [UDB=(0,4)][LB=1][MC=0]
        Total # of inputs        : 3
        Total # of product terms : 2
        List of special equations: 
            Clock  = (\WaveDAC8_1:Net_279\) => Global
            Clock Enable: True
        Main Equation            : 2 pterms
        (
              Net_232 * !Net_805
            + Net_594 * Net_805
        );
        Output = \WaveDAC8_1:Net_134\ (fanout=2)
        Properties               : 
        {
        }

    [McSlotId=1]:     MacroCell: Name=\WaveDAC8_1:Net_107\, Mode=(Combinatorial) @ [UDB=(0,4)][LB=1][MC=1]
        Total # of inputs        : 2
        Total # of product terms : 1
            Clock Enable: True
        Main Equation            : 1 pterm
        (
              \WaveDAC8_1:Net_134\ * \WaveDAC8_1:Net_279_local\
        );
        Output = \WaveDAC8_1:Net_107\ (fanout=1)
        Properties               : 
        {
        }

    [McSlotId=2]:     MacroCell: Name=\WaveDAC8_1:Net_183\, Mode=(Combinatorial) @ [UDB=(0,4)][LB=1][MC=2]
        Total # of inputs        : 2
        Total # of product terms : 1
            Clock Enable: True
        Main Equation            : 1 pterm
        (
              !\WaveDAC8_1:Net_134\ * \WaveDAC8_1:Net_279_local\
        );
        Output = \WaveDAC8_1:Net_183\ (fanout=1)
        Properties               : 
        {
        }

    [McSlotId=3]:     MacroCell: Name=Net_365, Mode=(Combinatorial) @ [UDB=(0,4)][LB=1][MC=3]
        Total # of inputs        : 1
        Total # of product terms : 1
            Clock Enable: True
        Main Equation            : 1 pterm
        (
              !Net_594
        );
        Output = Net_365 (fanout=1)
        Properties               : 
        {
        }
}

datapathcell: Name =\Counter_1:CounterUDB:sC24:counterdp:u1\
    PORT MAP (
        clock => Net_676 ,
        cs_addr_2 => __ONE__ ,
        cs_addr_1 => \Counter_1:CounterUDB:count_enable\ ,
        cs_addr_0 => \Counter_1:CounterUDB:reload\ ,
        chain_in => \Counter_1:CounterUDB:sC24:counterdp:carry0\ ,
        chain_out => \Counter_1:CounterUDB:sC24:counterdp:carry1\ );
    Properties:
    {
        a0_init = "00000000"
        a1_init = "00000000"
        ce0_sync = 1
        ce1_sync = 1
        cl0_sync = 1
        cl1_sync = 1
        cmsb_sync = 1
        co_msb_sync = 1
        cy_dpconfig = "0000000001000000000000001000000001000000010000000000000010000000000000000100000010101000010100000010000001000000101010000101000011111111000000001111111111111111101011110000000000000001000001110000000000011000"
        d0_init = "00000000"
        d1_init = "00000000"
        f0_blk_sync = 1
        f0_bus_sync = 1
        f1_blk_sync = 1
        f1_bus_sync = 1
        ff0_sync = 1
        ff1_sync = 1
        ov_msb_sync = 1
        so_sync = 1
        z0_sync = 1
        z1_sync = 1
    }
    Clock Polarity: Active High
    Clock Enable: True
    Previous in chain : \Counter_1:CounterUDB:sC24:counterdp:u0\
    Next in chain : \Counter_1:CounterUDB:sC24:counterdp:u2\

controlcell: Name =\JJY_Control_Reg:Sync:ctrl_reg\
    PORT MAP (
        control_7 => \JJY_Control_Reg:control_7\ ,
        control_6 => \JJY_Control_Reg:control_6\ ,
        control_5 => \JJY_Control_Reg:control_5\ ,
        control_4 => \JJY_Control_Reg:control_4\ ,
        control_3 => \JJY_Control_Reg:control_3\ ,
        control_2 => \JJY_Control_Reg:control_2\ ,
        control_1 => \JJY_Control_Reg:control_1\ ,
        control_0 => Net_805 );
    Properties:
    {
        cy_ctrl_mode_0 = "00000000"
        cy_ctrl_mode_1 = "00000000"
        cy_ext_reset = 0
        cy_force_order = 1
        cy_init_value = "00000000"
    }
    Clock Enable: True

UDB [UDB=(0,5)] contents:
LAB@[UDB=(0,5)][LB=0] #macrocells=3, #inputs=3, #pterms=3
{
    [McSlotId=0]:     MacroCell: Name=\Counter_1:CounterUDB:status_0\, Mode=(Combinatorial) @ [UDB=(0,5)][LB=0][MC=0]
        Total # of inputs        : 2
        Total # of product terms : 1
            Clock Enable: True
        Main Equation            : 1 pterm
        (
              !\Counter_1:CounterUDB:cmp_less\ * 
              !\Counter_1:CounterUDB:prevCompare\
        );
        Output = \Counter_1:CounterUDB:status_0\ (fanout=1)
        Properties               : 
        {
        }

    [McSlotId=1]:     MacroCell: Name=\Counter_1:CounterUDB:prevCompare\, Mode=(D-Register) @ [UDB=(0,5)][LB=0][MC=1]
        Total # of inputs        : 1
        Total # of product terms : 1
        List of special equations: 
            Clock  = (Net_676) => Global
            Clock Enable: True
        Main Equation            : 1 pterm
        (
              !\Counter_1:CounterUDB:cmp_less\
        );
        Output = \Counter_1:CounterUDB:prevCompare\ (fanout=1)
        Properties               : 
        {
        }

    [McSlotId=2]:     MacroCell: Name=\Counter_1:CounterUDB:overflow_reg_i\, Mode=(D-Register) @ [UDB=(0,5)][LB=0][MC=2]
        Total # of inputs        : 1
        Total # of product terms : 1
        List of special equations: 
            Clock  = (Net_676) => Global
            Clock Enable: True
        Main Equation            : 1 pterm
        (
              \Counter_1:CounterUDB:reload\
        );
        Output = \Counter_1:CounterUDB:overflow_reg_i\ (fanout=1)
        Properties               : 
        {
        }

    [McSlotId=3]: (empty)
}

LAB@[UDB=(0,5)][LB=1] #macrocells=1, #inputs=2, #pterms=1
{
    [McSlotId=0]: (empty)
    [McSlotId=1]: (empty)
    [McSlotId=2]:     MacroCell: Name=\Counter_1:CounterUDB:status_2\, Mode=(Combinatorial) @ [UDB=(0,5)][LB=1][MC=2]
        Total # of inputs        : 2
        Total # of product terms : 1
            Clock Enable: True
        Main Equation            : 1 pterm
        (
              \Counter_1:CounterUDB:reload\ * 
              !\Counter_1:CounterUDB:overflow_reg_i\
        );
        Output = \Counter_1:CounterUDB:status_2\ (fanout=1)
        Properties               : 
        {
        }

    [McSlotId=3]: (empty)
}

datapathcell: Name =\Counter_1:CounterUDB:sC24:counterdp:u2\
    PORT MAP (
        clock => Net_676 ,
        cs_addr_2 => __ONE__ ,
        cs_addr_1 => \Counter_1:CounterUDB:count_enable\ ,
        cs_addr_0 => \Counter_1:CounterUDB:reload\ ,
        ce0_comb => \Counter_1:CounterUDB:reload\ ,
        z0_comb => \Counter_1:CounterUDB:status_1\ ,
        cl1_comb => \Counter_1:CounterUDB:cmp_less\ ,
        f0_bus_stat_comb => \Counter_1:CounterUDB:status_6\ ,
        f0_blk_stat_comb => \Counter_1:CounterUDB:status_5\ ,
        chain_in => \Counter_1:CounterUDB:sC24:counterdp:carry1\ );
    Properties:
    {
        a0_init = "00000000"
        a1_init = "00000000"
        ce0_sync = 1
        ce1_sync = 1
        cl0_sync = 1
        cl1_sync = 1
        cmsb_sync = 1
        co_msb_sync = 1
        cy_dpconfig = "0000000001000000000000001000000001000000010000000000000010000000000000000100000010101000010100000010000001000000101010000101000011111111000000001111111111111111101011110000000000000001000001110000000000011000"
        d0_init = "00000000"
        d1_init = "00000000"
        f0_blk_sync = 1
        f0_bus_sync = 1
        f1_blk_sync = 1
        f1_bus_sync = 1
        ff0_sync = 1
        ff1_sync = 1
        ov_msb_sync = 1
        so_sync = 1
        z0_sync = 1
        z1_sync = 1
    }
    Clock Polarity: Active High
    Clock Enable: True
    Previous in chain : \Counter_1:CounterUDB:sC24:counterdp:u1\

statusicell: Name =\Counter_1:CounterUDB:sSTSReg:stsreg\
    PORT MAP (
        clock => Net_676 ,
        status_6 => \Counter_1:CounterUDB:status_6\ ,
        status_5 => \Counter_1:CounterUDB:status_5\ ,
        status_2 => \Counter_1:CounterUDB:status_2\ ,
        status_1 => \Counter_1:CounterUDB:status_1\ ,
        status_0 => \Counter_1:CounterUDB:status_0\ );
    Properties:
    {
        cy_force_order = 1
        cy_int_mask = "1111111"
        cy_md_select = "0011111"
    }
    Clock Polarity: Active High
    Clock Enable: True

UDB [UDB=(1,0)] is empty.
UDB [UDB=(1,1)] is empty.
UDB [UDB=(1,2)] is empty.
UDB [UDB=(1,3)] is empty.
UDB [UDB=(1,4)] contents:
datapathcell: Name =\Counter_1:CounterUDB:sC24:counterdp:u0\
    PORT MAP (
        clock => Net_676 ,
        cs_addr_2 => __ONE__ ,
        cs_addr_1 => \Counter_1:CounterUDB:count_enable\ ,
        cs_addr_0 => \Counter_1:CounterUDB:reload\ ,
        chain_out => \Counter_1:CounterUDB:sC24:counterdp:carry0\ );
    Properties:
    {
        a0_init = "00000000"
        a1_init = "00000000"
        ce0_sync = 1
        ce1_sync = 1
        cl0_sync = 1
        cl1_sync = 1
        cmsb_sync = 1
        co_msb_sync = 1
        cy_dpconfig = "0000000001000000000000001000000001000000010000000000000010000000000000000100000010101000010100000010000001000000101010000101000011111111000000001111111111111111101000000000000000000001000000000000000000011000"
        d0_init = "00000000"
        d1_init = "00000000"
        f0_blk_sync = 1
        f0_bus_sync = 1
        f1_blk_sync = 1
        f1_bus_sync = 1
        ff0_sync = 1
        ff1_sync = 1
        ov_msb_sync = 1
        so_sync = 1
        z0_sync = 1
        z1_sync = 1
    }
    Clock Polarity: Active High
    Clock Enable: True
    Next in chain : \Counter_1:CounterUDB:sC24:counterdp:u1\

controlcell: Name =\TONE_Control_Reg:Sync:ctrl_reg\
    PORT MAP (
        control_7 => \TONE_Control_Reg:control_7\ ,
        control_6 => \TONE_Control_Reg:control_6\ ,
        control_5 => \TONE_Control_Reg:control_5\ ,
        control_4 => \TONE_Control_Reg:control_4\ ,
        control_3 => \TONE_Control_Reg:control_3\ ,
        control_2 => \TONE_Control_Reg:control_2\ ,
        control_1 => \TONE_Control_Reg:control_1\ ,
        control_0 => Net_232 );
    Properties:
    {
        cy_ctrl_mode_0 = "00000000"
        cy_ctrl_mode_1 = "00000000"
        cy_ext_reset = 0
        cy_force_order = 1
        cy_init_value = "00000000"
    }
    Clock Enable: True

UDB [UDB=(1,5)] contents:
LAB@[UDB=(1,5)][LB=0] #macrocells=3, #inputs=3, #pterms=2
{
    [McSlotId=0]:     MacroCell: Name=\Counter_1:CounterUDB:count_enable\, Mode=(Combinatorial) @ [UDB=(1,5)][LB=0][MC=0]
        Total # of inputs        : 3
        Total # of product terms : 1
            Clock Enable: True
        Main Equation            : 1 pterm
        (
              \Counter_1:CounterUDB:control_7\ * 
              !\Counter_1:CounterUDB:count_stored_i\ * Net_730
        );
        Output = \Counter_1:CounterUDB:count_enable\ (fanout=3)
        Properties               : 
        {
        }

    [McSlotId=1]:     MacroCell: Name=\Counter_1:CounterUDB:count_stored_i\, Mode=(D-Register) @ [UDB=(1,5)][LB=0][MC=1]
        Total # of inputs        : 1
        Total # of product terms : 1
        List of special equations: 
            Clock  = (Net_676) => Global
            Clock Enable: True
        Main Equation            : 1 pterm
        (
              Net_730
        );
        Output = \Counter_1:CounterUDB:count_stored_i\ (fanout=1)
        Properties               : 
        {
        }

    [McSlotId=2]: (empty)
    [McSlotId=3]:     MacroCell: Name=__ONE__, Mode=(Combinatorial) @ [UDB=(1,5)][LB=0][MC=3]
        Total # of inputs        : 0
        Total # of product terms : 0
            Clock Enable: True
        Main Equation            : 0 pterms
        !(
            0
        );
        Output = __ONE__ (fanout=4)
        Properties               : 
        {
        }
}

controlcell: Name =\Counter_1:CounterUDB:sCTRLReg:ctrlreg\
    PORT MAP (
        clock => Net_676 ,
        control_7 => \Counter_1:CounterUDB:control_7\ ,
        control_6 => \Counter_1:CounterUDB:control_6\ ,
        control_5 => \Counter_1:CounterUDB:control_5\ ,
        control_4 => \Counter_1:CounterUDB:control_4\ ,
        control_3 => \Counter_1:CounterUDB:control_3\ ,
        control_2 => \Counter_1:CounterUDB:control_2\ ,
        control_1 => \Counter_1:CounterUDB:control_1\ ,
        control_0 => \Counter_1:CounterUDB:control_0\ );
    Properties:
    {
        cy_ctrl_mode_0 = "11111111"
        cy_ctrl_mode_1 = "00000000"
        cy_ext_reset = 0
        cy_force_order = 1
        cy_init_value = "00000000"
    }
    Clock Polarity: Active High
    Clock Enable: True

synccell: Name =\Sync_1:genblk1[0]:INST\
    PORT MAP (
        clock => Net_676 ,
        in => Net_729_local ,
        out => Net_730 );
    Properties:
    {
    }
    Clock Polarity: Active High
    Clock Enable: True

UDB [UDB=(2,0)] is empty.
UDB [UDB=(2,1)] is empty.
UDB [UDB=(2,2)] is empty.
UDB [UDB=(2,3)] is empty.
UDB [UDB=(2,4)] is empty.
UDB [UDB=(2,5)] is empty.
UDB [UDB=(3,0)] is empty.
UDB [UDB=(3,1)] is empty.
UDB [UDB=(3,2)] is empty.
UDB [UDB=(3,3)] is empty.
UDB [UDB=(3,4)] is empty.
UDB [UDB=(3,5)] is empty.
Intr container @ [IntrContainer=(0)]: 
  Intr@ [IntrContainer=(0)][IntrId=(0)] 
    interrupt: Name =isr_TC_PULSE_DET
        PORT MAP (
            interrupt => Net_594 );
        Properties:
        {
            int_type = "00"
        }
  Intr@ [IntrContainer=(0)][IntrId=(1)] 
    interrupt: Name =isr_TC_PULSE_END
        PORT MAP (
            interrupt => Net_365 );
        Properties:
        {
            int_type = "00"
        }
  Intr@ [IntrContainer=(0)][IntrId=(15)] 
    interrupt: Name =\I2C_1:I2C_IRQ\
        PORT MAP (
            interrupt => \I2C_1:Net_697\ );
        Properties:
        {
            int_type = "00"
        }
  Intr@ [IntrContainer=(0)][IntrId=(17)] 
    interrupt: Name =timerISR_1
        PORT MAP (
            interrupt => Net_808 );
        Properties:
        {
            int_type = "10"
        }
Drq container @ [DrqContainer=(0)]: 
  Dma@ [DrqContainer=(0)][DrqId=(0)] 
    drqcell: Name =\WaveDAC8_1:Wave1_DMA\
        PORT MAP (
            dmareq => \WaveDAC8_1:Net_183\ ,
            termin => zero ,
            termout => Net_260 );
        Properties:
        {
            drq_type = "10"
            num_tds = 0
        }
  Dma@ [DrqContainer=(0)][DrqId=(1)] 
    drqcell: Name =\WaveDAC8_1:Wave2_DMA\
        PORT MAP (
            dmareq => \WaveDAC8_1:Net_107\ ,
            termin => zero ,
            termout => Net_261 );
        Properties:
        {
            drq_type = "10"
            num_tds = 0
        }
Port 0 contains the following IO cells:
[IoId=0]: 
Pin : Name = TONE(0)
    Attributes:
        In Group/Port: True
        In Sync Option: AUTO
        Out Sync Option: AUTO
        Interrupt generated: False
        Interrupt mode: NONE
        Drive mode: HI_Z_ANALOG
        VTrip: EITHER
        Slew: FAST
        Input Sync needed: False
        Output Sync needed: False
        SC shield enabled: False
        POR State: ANY
        LCD Mode: COMMON
        Register Mode: RegComb
        CaSense Mode: NEITHER
        Treat as pin: True
        Is OE Registered: False
        Uses Analog: True
        Can contain Digital: False
        Is SIO: False
        SIO Output Buf: NONREGULATED
        SIO Input Buf: SINGLE_ENDED
        SIO HiFreq: LOW
        SIO Hyst: DISABLED
        SIO Vtrip: MULTIPLIER_0_5
        SIO Multiplier Index: 0
        SIO RefSel: VCC_IO
        Required Capabilitites: ANALOG
        Initial Value: 0
        IO Voltage: 0
    PORT MAP (
        pa_out => TONE(0)__PA ,
        analog_term => Net_230 ,
        pad => TONE(0)_PAD );
    Properties:
    {
    }

Port 1 is empty
Port 2 contains the following IO cells:
[IoId=1]: 
Pin : Name = LED(0)
    Attributes:
        In Group/Port: True
        In Sync Option: AUTO
        Out Sync Option: NOSYNC
        Interrupt generated: False
        Interrupt mode: NONE
        Drive mode: CMOS_OUT
        VTrip: EITHER
        Slew: FAST
        Input Sync needed: False
        Output Sync needed: False
        SC shield enabled: False
        POR State: ANY
        LCD Mode: COMMON
        Register Mode: RegComb
        CaSense Mode: NEITHER
        Treat as pin: True
        Is OE Registered: False
        Uses Analog: False
        Can contain Digital: True
        Is SIO: False
        SIO Output Buf: NONREGULATED
        SIO Input Buf: SINGLE_ENDED
        SIO HiFreq: LOW
        SIO Hyst: DISABLED
        SIO Vtrip: MULTIPLIER_0_5
        SIO Multiplier Index: 0
        SIO RefSel: VCC_IO
        Required Capabilitites: DIGITAL
        Initial Value: 0
        IO Voltage: 0
    PORT MAP (
        pa_out => LED(0)__PA ,
        pad => LED(0)_PAD );
    Properties:
    {
    }

[IoId=4]: 
Pin : Name = TC_IN(0)
    Attributes:
        In Group/Port: True
        In Sync Option: NOSYNC
        Out Sync Option: AUTO
        Interrupt generated: False
        Interrupt mode: NONE
        Drive mode: HI_Z_DIGITAL
        VTrip: CMOS
        Slew: FAST
        Input Sync needed: False
        Output Sync needed: False
        SC shield enabled: False
        POR State: ANY
        LCD Mode: COMMON
        Register Mode: RegComb
        CaSense Mode: NEITHER
        Treat as pin: True
        Is OE Registered: False
        Uses Analog: False
        Can contain Digital: True
        Is SIO: False
        SIO Output Buf: NONREGULATED
        SIO Input Buf: SINGLE_ENDED
        SIO HiFreq: LOW
        SIO Hyst: DISABLED
        SIO Vtrip: MULTIPLIER_0_5
        SIO Multiplier Index: 0
        SIO RefSel: VCC_IO
        Required Capabilitites: DIGITAL, ROUTABLE
        Initial Value: 0
        IO Voltage: 0
    PORT MAP (
        pa_out => TC_IN(0)__PA ,
        fb => Net_594 ,
        pad => TC_IN(0)_PAD );
    Properties:
    {
    }

Port 3 is empty
Port 12 contains the following IO cells:
[IoId=0]: 
Pin : Name = SCL(0)
    Attributes:
        In Group/Port: True
        In Sync Option: NOSYNC
        Out Sync Option: NOSYNC
        Interrupt generated: False
        Interrupt mode: NONE
        Drive mode: OPEN_DRAIN_LO
        VTrip: CMOS
        Slew: FAST
        Input Sync needed: False
        Output Sync needed: False
        SC shield enabled: False
        POR State: ANY
        LCD Mode: COMMON
        Register Mode: RegComb
        CaSense Mode: NEITHER
        Treat as pin: True
        Is OE Registered: False
        Uses Analog: False
        Can contain Digital: True
        Is SIO: False
        SIO Output Buf: NONREGULATED
        SIO Input Buf: SINGLE_ENDED
        SIO HiFreq: LOW
        SIO Hyst: DISABLED
        SIO Vtrip: MULTIPLIER_0_5
        SIO Multiplier Index: 0
        SIO RefSel: VCC_IO
        Required Capabilitites: DIGITAL, ROUTABLE
        Initial Value: 0
        IO Voltage: 0
    PORT MAP (
        pa_out => SCL(0)__PA ,
        fb => \I2C_1:Net_1109_0\ ,
        input => \I2C_1:Net_643_0\ ,
        pad => SCL(0)_PAD );
    Properties:
    {
    }

[IoId=1]: 
Pin : Name = SDA(0)
    Attributes:
        In Group/Port: True
        In Sync Option: NOSYNC
        Out Sync Option: NOSYNC
        Interrupt generated: False
        Interrupt mode: NONE
        Drive mode: OPEN_DRAIN_LO
        VTrip: CMOS
        Slew: FAST
        Input Sync needed: False
        Output Sync needed: False
        SC shield enabled: False
        POR State: ANY
        LCD Mode: COMMON
        Register Mode: RegComb
        CaSense Mode: NEITHER
        Treat as pin: True
        Is OE Registered: False
        Uses Analog: False
        Can contain Digital: True
        Is SIO: False
        SIO Output Buf: NONREGULATED
        SIO Input Buf: SINGLE_ENDED
        SIO HiFreq: LOW
        SIO Hyst: DISABLED
        SIO Vtrip: MULTIPLIER_0_5
        SIO Multiplier Index: 0
        SIO RefSel: VCC_IO
        Required Capabilitites: DIGITAL, ROUTABLE
        Initial Value: 0
        IO Voltage: 0
    PORT MAP (
        pa_out => SDA(0)__PA ,
        fb => \I2C_1:Net_1109_1\ ,
        input => \I2C_1:sda_x_wire\ ,
        pad => SDA(0)_PAD );
    Properties:
    {
    }

Port 15 is empty
CAN 2.0b group 0: empty
Cache group 0: empty
CapSense group 0: empty
Clock group 0: 
    Clock Block @ F(Clock,0): 
    clockblockcell: Name =ClockBlock
        PORT MAP (
            imo => ClockBlock_IMO ,
            pllout => ClockBlock_PLL_OUT ,
            ilo => ClockBlock_ILO ,
            clk_100k => ClockBlock_100k ,
            clk_1k => ClockBlock_1k ,
            clk_32k => ClockBlock_32k ,
            xtal => ClockBlock_XTAL ,
            clk_32k_xtal => ClockBlock_XTAL_32KHZ ,
            clk_sync => ClockBlock_MASTER_CLK ,
            clk_bus_glb => ClockBlock_BUS_CLK ,
            clk_bus => ClockBlock_BUS_CLK_local ,
            dclk_glb_0 => Net_676 ,
            dclk_0 => Net_676_local ,
            dclk_glb_1 => Net_729 ,
            dclk_1 => Net_729_local ,
            dclk_glb_2 => \WaveDAC8_1:Net_279\ ,
            dclk_2 => \WaveDAC8_1:Net_279_local\ ,
            dclk_glb_3 => Net_10 ,
            dclk_3 => Net_10_local );
        Properties:
        {
        }
Comparator group 0: empty
Digital Filter Block group 0: empty
Delta-Sigma ADC group 0: empty
Decimator group 0: empty
EMIF group 0: empty
I2C group 0: 
    I2C Block @ F(I2C,0): 
    i2ccell: Name =\I2C_1:I2C_FF\
        PORT MAP (
            clock => ClockBlock_BUS_CLK ,
            scl_in => \I2C_1:Net_1109_0\ ,
            sda_in => \I2C_1:Net_1109_1\ ,
            scl_out => \I2C_1:Net_643_0\ ,
            sda_out => \I2C_1:sda_x_wire\ ,
            interrupt => \I2C_1:Net_697\ );
        Properties:
        {
            cy_registers = ""
            use_wakeup = 0
        }
Segment LCD group 0: empty
LVD group 0: empty
PM group 0: empty
Analog (SC/CT) Blocks group 0: empty
SPC group 0: empty
Timer group 0: 
    Timer Block @ F(Timer,0): 
    timercell: Name =\Timer_1:TimerHW\
        PORT MAP (
            clock => Net_10 ,
            enable => __ONE__ ,
            tc => \Timer_1:Net_51\ ,
            cmp => \Timer_1:Net_261\ ,
            irq => Net_808 );
        Properties:
        {
            cy_registers = ""
        }
USB group 0: empty
VIDAC group 0: 
    VIDAC Block @ F(VIDAC,2): 
    vidaccell: Name =\WaveDAC8_1:VDAC8:viDAC8\
        PORT MAP (
            strobe_udb => \WaveDAC8_1:Net_279_local\ ,
            vout => Net_230 ,
            iout => \WaveDAC8_1:VDAC8:Net_77\ );
        Properties:
        {
            cy_registers = ""
            is_all_if_any = 0
            reg_data = 0
        }
Opamp group 0: empty
CapSense Buffers group 0: empty
Vref group 0: empty
LPF group 0: empty
SAR ADC group 0: empty
</CYPRESSTAG>
<CYPRESSTAG name="Port Configuration Details">

------------------------------------------------------------
Port Configuration report
------------------------------------------------------------
     |     |       | Interrupt |                  |          | 
Port | Pin | Fixed |      Type |       Drive Mode |     Name | Connections
-----+-----+-------+-----------+------------------+----------+-----------------------------------------------
   0 |   0 |     * |      NONE |      HI_Z_ANALOG |  TONE(0) | Analog(Net_230)
-----+-----+-------+-----------+------------------+----------+-----------------------------------------------
   2 |   1 |     * |      NONE |         CMOS_OUT |   LED(0) | 
     |   4 |     * |      NONE |     HI_Z_DIGITAL | TC_IN(0) | FB(Net_594)
-----+-----+-------+-----------+------------------+----------+-----------------------------------------------
  12 |   0 |     * |      NONE |    OPEN_DRAIN_LO |   SCL(0) | FB(\I2C_1:Net_1109_0\), In(\I2C_1:Net_643_0\)
     |   1 |     * |      NONE |    OPEN_DRAIN_LO |   SDA(0) | FB(\I2C_1:Net_1109_1\), In(\I2C_1:sda_x_wire\)
-------------------------------------------------------------------------------------------------------------
</CYPRESSTAG>
</CYPRESSTAG>
</CYPRESSTAG>
Digital component placer commit/Report: Elapsed time ==> 0s.000ms
Digital Placement phase: Elapsed time ==> 1s.687ms
</CYPRESSTAG>
<CYPRESSTAG name="Digital Routing">
Routing successful.
Digital Routing phase: Elapsed time ==> 1s.531ms
</CYPRESSTAG>
<CYPRESSTAG name="Bitstream and API generation">
Bitstream and API generation phase: Elapsed time ==> 0s.375ms
</CYPRESSTAG>
<CYPRESSTAG name="Bitstream verification">
Bitstream verification phase: Elapsed time ==> 0s.062ms
</CYPRESSTAG>
<CYPRESSTAG name="Static timing analysis">
Timing report is in CY8CKIT-059_JJY_Raceiver_timing.html.
Static timing analysis phase: Elapsed time ==> 0s.437ms
</CYPRESSTAG>
<CYPRESSTAG name="Data reporting">
Data reporting phase: Elapsed time ==> 0s.000ms
</CYPRESSTAG>
<CYPRESSTAG name="Database update...">
Design database save phase: Elapsed time ==> 0s.187ms
</CYPRESSTAG>
cydsfit: Elapsed time ==> 5s.266ms
</CYPRESSTAG>
Fitter phase: Elapsed time ==> 5s.328ms
API generation phase: Elapsed time ==> 3s.203ms
Dependency generation phase: Elapsed time ==> 0s.031ms
Cleanup phase: Elapsed time ==> 0s.000ms
