ARM GAS  C:\Users\koseki\AppData\Local\Temp\ccLkNWtt.s 			page 1


   1              		.syntax unified
   2              		.cpu cortex-m3
   3              		.fpu softvfp
   4              		.eabi_attribute 20, 1
   5              		.eabi_attribute 21, 1
   6              		.eabi_attribute 23, 3
   7              		.eabi_attribute 24, 1
   8              		.eabi_attribute 25, 1
   9              		.eabi_attribute 26, 1
  10              		.eabi_attribute 30, 1
  11              		.eabi_attribute 34, 1
  12              		.eabi_attribute 18, 4
  13              		.thumb
  14              		.file	"cymetadata.c"
  15              		.text
  16              	.Ltext0:
  17              		.cfi_sections	.debug_frame
  18              		.global	cy_metadata
  19              		.global	cy_meta_flashprotect
  20              		.global	cy_meta_wonvl
  21              		.global	cy_meta_custnvl
  22              		.global	cy_meta_configecc
  23              		.section	.cyconfigecc,"a",%progbits
  24              		.align	2
  25              		.type	cy_meta_configecc, %object
  26              		.size	cy_meta_configecc, 696
  27              	cy_meta_configecc:
  28 0000 02       		.byte	2
  29 0001 4F       		.byte	79
  30 0002 00       		.byte	0
  31 0003 40       		.byte	64
  32 0004 01       		.byte	1
  33 0005 52       		.byte	82
  34 0006 00       		.byte	0
  35 0007 40       		.byte	64
  36 0008 01       		.byte	1
  37 0009 5A       		.byte	90
  38 000a 00       		.byte	0
  39 000b 40       		.byte	64
  40 000c 01       		.byte	1
  41 000d 64       		.byte	100
  42 000e 00       		.byte	0
  43 000f 40       		.byte	64
  44 0010 01       		.byte	1
  45 0011 01       		.byte	1
  46 0012 01       		.byte	1
  47 0013 40       		.byte	64
  48 0014 02       		.byte	2
  49 0015 03       		.byte	3
  50 0016 01       		.byte	1
  51 0017 40       		.byte	64
  52 0018 02       		.byte	2
  53 0019 09       		.byte	9
  54 001a 01       		.byte	1
  55 001b 40       		.byte	64
  56 001c 04       		.byte	4
  57 001d 0B       		.byte	11
ARM GAS  C:\Users\koseki\AppData\Local\Temp\ccLkNWtt.s 			page 2


  58 001e 01       		.byte	1
  59 001f 40       		.byte	64
  60 0020 3E       		.byte	62
  61 0021 0C       		.byte	12
  62 0022 01       		.byte	1
  63 0023 40       		.byte	64
  64 0024 1C       		.byte	28
  65 0025 0D       		.byte	13
  66 0026 01       		.byte	1
  67 0027 40       		.byte	64
  68 0028 36       		.byte	54
  69 0029 0E       		.byte	14
  70 002a 01       		.byte	1
  71 002b 40       		.byte	64
  72 002c 24       		.byte	36
  73 002d 0F       		.byte	15
  74 002e 01       		.byte	1
  75 002f 40       		.byte	64
  76 0030 05       		.byte	5
  77 0031 15       		.byte	21
  78 0032 01       		.byte	1
  79 0033 40       		.byte	64
  80 0034 01       		.byte	1
  81 0035 17       		.byte	23
  82 0036 01       		.byte	1
  83 0037 40       		.byte	64
  84 0038 03       		.byte	3
  85 0039 19       		.byte	25
  86 003a 01       		.byte	1
  87 003b 40       		.byte	64
  88 003c 05       		.byte	5
  89 003d 1B       		.byte	27
  90 003e 01       		.byte	1
  91 003f 40       		.byte	64
  92 0040 08       		.byte	8
  93 0041 40       		.byte	64
  94 0042 01       		.byte	1
  95 0043 40       		.byte	64
  96 0044 07       		.byte	7
  97 0045 41       		.byte	65
  98 0046 01       		.byte	1
  99 0047 40       		.byte	64
 100 0048 05       		.byte	5
 101 0049 42       		.byte	66
 102 004a 01       		.byte	1
 103 004b 40       		.byte	64
 104 004c 01       		.byte	1
 105 004d 43       		.byte	67
 106 004e 01       		.byte	1
 107 004f 40       		.byte	64
 108 0050 03       		.byte	3
 109 0051 45       		.byte	69
 110 0052 01       		.byte	1
 111 0053 40       		.byte	64
 112 0054 03       		.byte	3
 113 0055 46       		.byte	70
 114 0056 01       		.byte	1
ARM GAS  C:\Users\koseki\AppData\Local\Temp\ccLkNWtt.s 			page 3


 115 0057 40       		.byte	64
 116 0058 06       		.byte	6
 117 0059 48       		.byte	72
 118 005a 01       		.byte	1
 119 005b 40       		.byte	64
 120 005c 14       		.byte	20
 121 005d 49       		.byte	73
 122 005e 01       		.byte	1
 123 005f 40       		.byte	64
 124 0060 07       		.byte	7
 125 0061 4C       		.byte	76
 126 0062 01       		.byte	1
 127 0063 40       		.byte	64
 128 0064 07       		.byte	7
 129 0065 4D       		.byte	77
 130 0066 01       		.byte	1
 131 0067 40       		.byte	64
 132 0068 02       		.byte	2
 133 0069 50       		.byte	80
 134 006a 01       		.byte	1
 135 006b 40       		.byte	64
 136 006c 03       		.byte	3
 137 006d 51       		.byte	81
 138 006e 01       		.byte	1
 139 006f 40       		.byte	64
 140 0070 01       		.byte	1
 141 0071 30       		.byte	48
 142 0072 0A       		.byte	10
 143 0073 4B       		.byte	75
 144 0074 60       		.byte	96
 145 0075 02       		.byte	2
 146 0076 97       		.byte	-105
 147 0077 01       		.byte	1
 148 0078 8E       		.byte	-114
 149 0079 67       		.byte	103
 150 007a E2       		.byte	-30
 151 007b 08       		.byte	8
 152 007c E2       		.byte	-30
 153 007d 09       		.byte	9
 154 007e EE       		.byte	-18
 155 007f 06       		.byte	6
 156 0080 95       		.byte	-107
 157 0081 20       		.byte	32
 158 0082 97       		.byte	-105
 159 0083 40       		.byte	64
 160 0084 85       		.byte	-123
 161 0085 10       		.byte	16
 162 0086 95       		.byte	-107
 163 0087 20       		.byte	32
 164 0088 97       		.byte	-105
 165 0089 40       		.byte	64
 166 008a E0       		.byte	-32
 167 008b 02       		.byte	2
 168 008c 40       		.byte	64
 169 008d 14       		.byte	20
 170 008e 41       		.byte	65
 171 008f 03       		.byte	3
ARM GAS  C:\Users\koseki\AppData\Local\Temp\ccLkNWtt.s 			page 4


 172 0090 49       		.byte	73
 173 0091 FF       		.byte	-1
 174 0092 4A       		.byte	74
 175 0093 FF       		.byte	-1
 176 0094 4B       		.byte	75
 177 0095 FF       		.byte	-1
 178 0096 4D       		.byte	77
 179 0097 A0       		.byte	-96
 180 0098 4F       		.byte	79
 181 0099 01       		.byte	1
 182 009a 50       		.byte	80
 183 009b 18       		.byte	24
 184 009c 5A       		.byte	90
 185 009d 04       		.byte	4
 186 009e 5B       		.byte	91
 187 009f 04       		.byte	4
 188 00a0 5F       		.byte	95
 189 00a1 01       		.byte	1
 190 00a2 60       		.byte	96
 191 00a3 40       		.byte	64
 192 00a4 62       		.byte	98
 193 00a5 80       		.byte	-128
 194 00a6 64       		.byte	100
 195 00a7 40       		.byte	64
 196 00a8 65       		.byte	101
 197 00a9 40       		.byte	64
 198 00aa 66       		.byte	102
 199 00ab 80       		.byte	-128
 200 00ac 68       		.byte	104
 201 00ad 40       		.byte	64
 202 00ae 6A       		.byte	106
 203 00af 50       		.byte	80
 204 00b0 6B       		.byte	107
 205 00b1 A8       		.byte	-88
 206 00b2 6C       		.byte	108
 207 00b3 40       		.byte	64
 208 00b4 6D       		.byte	109
 209 00b5 20       		.byte	32
 210 00b6 6E       		.byte	110
 211 00b7 50       		.byte	80
 212 00b8 6F       		.byte	111
 213 00b9 A8       		.byte	-88
 214 00ba 83       		.byte	-125
 215 00bb 01       		.byte	1
 216 00bc 85       		.byte	-123
 217 00bd 08       		.byte	8
 218 00be 87       		.byte	-121
 219 00bf 04       		.byte	4
 220 00c0 8B       		.byte	-117
 221 00c1 0C       		.byte	12
 222 00c2 8D       		.byte	-115
 223 00c3 01       		.byte	1
 224 00c4 8F       		.byte	-113
 225 00c5 02       		.byte	2
 226 00c6 95       		.byte	-107
 227 00c7 10       		.byte	16
 228 00c8 97       		.byte	-105
ARM GAS  C:\Users\koseki\AppData\Local\Temp\ccLkNWtt.s 			page 5


 229 00c9 02       		.byte	2
 230 00ca B1       		.byte	-79
 231 00cb 04       		.byte	4
 232 00cc B3       		.byte	-77
 233 00cd 10       		.byte	16
 234 00ce B5       		.byte	-75
 235 00cf 03       		.byte	3
 236 00d0 B7       		.byte	-73
 237 00d1 08       		.byte	8
 238 00d2 BF       		.byte	-65
 239 00d3 45       		.byte	69
 240 00d4 C0       		.byte	-64
 241 00d5 15       		.byte	21
 242 00d6 C1       		.byte	-63
 243 00d7 03       		.byte	3
 244 00d8 C9       		.byte	-55
 245 00d9 FF       		.byte	-1
 246 00da CA       		.byte	-54
 247 00db FF       		.byte	-1
 248 00dc CB       		.byte	-53
 249 00dd FF       		.byte	-1
 250 00de CD       		.byte	-51
 251 00df AF       		.byte	-81
 252 00e0 CE       		.byte	-50
 253 00e1 07       		.byte	7
 254 00e2 CF       		.byte	-49
 255 00e3 01       		.byte	1
 256 00e4 D0       		.byte	-48
 257 00e5 18       		.byte	24
 258 00e6 D9       		.byte	-39
 259 00e7 04       		.byte	4
 260 00e8 DA       		.byte	-38
 261 00e9 04       		.byte	4
 262 00ea DB       		.byte	-37
 263 00eb 04       		.byte	4
 264 00ec DC       		.byte	-36
 265 00ed 20       		.byte	32
 266 00ee DF       		.byte	-33
 267 00ef 01       		.byte	1
 268 00f0 E0       		.byte	-32
 269 00f1 40       		.byte	64
 270 00f2 E2       		.byte	-30
 271 00f3 80       		.byte	-128
 272 00f4 E4       		.byte	-28
 273 00f5 40       		.byte	64
 274 00f6 E5       		.byte	-27
 275 00f7 40       		.byte	64
 276 00f8 E6       		.byte	-26
 277 00f9 80       		.byte	-128
 278 00fa E8       		.byte	-24
 279 00fb 40       		.byte	64
 280 00fc EA       		.byte	-22
 281 00fd 50       		.byte	80
 282 00fe EB       		.byte	-21
 283 00ff A8       		.byte	-88
 284 0100 EC       		.byte	-20
 285 0101 40       		.byte	64
ARM GAS  C:\Users\koseki\AppData\Local\Temp\ccLkNWtt.s 			page 6


 286 0102 ED       		.byte	-19
 287 0103 20       		.byte	32
 288 0104 EE       		.byte	-18
 289 0105 50       		.byte	80
 290 0106 EF       		.byte	-17
 291 0107 A8       		.byte	-88
 292 0108 20       		.byte	32
 293 0109 04       		.byte	4
 294 010a 21       		.byte	33
 295 010b 04       		.byte	4
 296 010c 22       		.byte	34
 297 010d 81       		.byte	-127
 298 010e 32       		.byte	50
 299 010f 08       		.byte	8
 300 0110 38       		.byte	56
 301 0111 06       		.byte	6
 302 0112 39       		.byte	57
 303 0113 60       		.byte	96
 304 0114 41       		.byte	65
 305 0115 88       		.byte	-120
 306 0116 45       		.byte	69
 307 0117 88       		.byte	-120
 308 0118 46       		.byte	70
 309 0119 40       		.byte	64
 310 011a 4B       		.byte	75
 311 011b 80       		.byte	-128
 312 011c 69       		.byte	105
 313 011d 40       		.byte	64
 314 011e 6C       		.byte	108
 315 011f 01       		.byte	1
 316 0120 81       		.byte	-127
 317 0121 08       		.byte	8
 318 0122 86       		.byte	-122
 319 0123 08       		.byte	8
 320 0124 93       		.byte	-109
 321 0125 80       		.byte	-128
 322 0126 95       		.byte	-107
 323 0127 08       		.byte	8
 324 0128 96       		.byte	-106
 325 0129 02       		.byte	2
 326 012a 97       		.byte	-105
 327 012b 40       		.byte	64
 328 012c 9A       		.byte	-102
 329 012d 40       		.byte	64
 330 012e A1       		.byte	-95
 331 012f 88       		.byte	-120
 332 0130 A6       		.byte	-90
 333 0131 80       		.byte	-128
 334 0132 AA       		.byte	-86
 335 0133 80       		.byte	-128
 336 0134 AE       		.byte	-82
 337 0135 01       		.byte	1
 338 0136 CC       		.byte	-52
 339 0137 02       		.byte	2
 340 0138 CE       		.byte	-50
 341 0139 0F       		.byte	15
 342 013a D0       		.byte	-48
ARM GAS  C:\Users\koseki\AppData\Local\Temp\ccLkNWtt.s 			page 7


 343 013b DA       		.byte	-38
 344 013c D2       		.byte	-46
 345 013d 08       		.byte	8
 346 013e E2       		.byte	-30
 347 013f 08       		.byte	8
 348 0140 02       		.byte	2
 349 0141 04       		.byte	4
 350 0142 0F       		.byte	15
 351 0143 01       		.byte	1
 352 0144 10       		.byte	16
 353 0145 01       		.byte	1
 354 0146 24       		.byte	36
 355 0147 03       		.byte	3
 356 0148 29       		.byte	41
 357 0149 01       		.byte	1
 358 014a 30       		.byte	48
 359 014b 02       		.byte	2
 360 014c 33       		.byte	51
 361 014d 01       		.byte	1
 362 014e 34       		.byte	52
 363 014f 04       		.byte	4
 364 0150 36       		.byte	54
 365 0151 01       		.byte	1
 366 0152 3E       		.byte	62
 367 0153 40       		.byte	64
 368 0154 3F       		.byte	63
 369 0155 04       		.byte	4
 370 0156 40       		.byte	64
 371 0157 15       		.byte	21
 372 0158 41       		.byte	65
 373 0159 03       		.byte	3
 374 015a 45       		.byte	69
 375 015b 25       		.byte	37
 376 015c 46       		.byte	70
 377 015d C0       		.byte	-64
 378 015e 47       		.byte	71
 379 015f 0E       		.byte	14
 380 0160 48       		.byte	72
 381 0161 1F       		.byte	31
 382 0162 49       		.byte	73
 383 0163 FF       		.byte	-1
 384 0164 4A       		.byte	74
 385 0165 FF       		.byte	-1
 386 0166 4B       		.byte	75
 387 0167 FF       		.byte	-1
 388 0168 4D       		.byte	77
 389 0169 AF       		.byte	-81
 390 016a 4E       		.byte	78
 391 016b 07       		.byte	7
 392 016c 4F       		.byte	79
 393 016d 01       		.byte	1
 394 016e 50       		.byte	80
 395 016f 18       		.byte	24
 396 0170 54       		.byte	84
 397 0171 07       		.byte	7
 398 0172 58       		.byte	88
 399 0173 04       		.byte	4
ARM GAS  C:\Users\koseki\AppData\Local\Temp\ccLkNWtt.s 			page 8


 400 0174 59       		.byte	89
 401 0175 04       		.byte	4
 402 0176 5A       		.byte	90
 403 0177 04       		.byte	4
 404 0178 5B       		.byte	91
 405 0179 04       		.byte	4
 406 017a 5F       		.byte	95
 407 017b 01       		.byte	1
 408 017c 60       		.byte	96
 409 017d 40       		.byte	64
 410 017e 62       		.byte	98
 411 017f 80       		.byte	-128
 412 0180 64       		.byte	100
 413 0181 40       		.byte	64
 414 0182 65       		.byte	101
 415 0183 40       		.byte	64
 416 0184 66       		.byte	102
 417 0185 80       		.byte	-128
 418 0186 68       		.byte	104
 419 0187 40       		.byte	64
 420 0188 6A       		.byte	106
 421 0189 50       		.byte	80
 422 018a 6B       		.byte	107
 423 018b A8       		.byte	-88
 424 018c 6C       		.byte	108
 425 018d 40       		.byte	64
 426 018e 6D       		.byte	109
 427 018f 20       		.byte	32
 428 0190 6E       		.byte	110
 429 0191 50       		.byte	80
 430 0192 6F       		.byte	111
 431 0193 A8       		.byte	-88
 432 0194 90       		.byte	-112
 433 0195 01       		.byte	1
 434 0196 9E       		.byte	-98
 435 0197 03       		.byte	3
 436 0198 AE       		.byte	-82
 437 0199 01       		.byte	1
 438 019a B0       		.byte	-80
 439 019b 02       		.byte	2
 440 019c B6       		.byte	-74
 441 019d 01       		.byte	1
 442 019e B8       		.byte	-72
 443 019f 08       		.byte	8
 444 01a0 BE       		.byte	-66
 445 01a1 44       		.byte	68
 446 01a2 D2       		.byte	-46
 447 01a3 80       		.byte	-128
 448 01a4 D6       		.byte	-42
 449 01a5 08       		.byte	8
 450 01a6 D8       		.byte	-40
 451 01a7 04       		.byte	4
 452 01a8 DB       		.byte	-37
 453 01a9 04       		.byte	4
 454 01aa DF       		.byte	-33
 455 01ab 01       		.byte	1
 456 01ac 02       		.byte	2
ARM GAS  C:\Users\koseki\AppData\Local\Temp\ccLkNWtt.s 			page 9


 457 01ad 40       		.byte	64
 458 01ae 0A       		.byte	10
 459 01af 40       		.byte	64
 460 01b0 0E       		.byte	14
 461 01b1 80       		.byte	-128
 462 01b2 0F       		.byte	15
 463 01b3 01       		.byte	1
 464 01b4 10       		.byte	16
 465 01b5 20       		.byte	32
 466 01b6 17       		.byte	23
 467 01b7 80       		.byte	-128
 468 01b8 19       		.byte	25
 469 01b9 60       		.byte	96
 470 01ba 1A       		.byte	26
 471 01bb 40       		.byte	64
 472 01bc 1D       		.byte	29
 473 01bd 88       		.byte	-120
 474 01be 1E       		.byte	30
 475 01bf 80       		.byte	-128
 476 01c0 22       		.byte	34
 477 01c1 04       		.byte	4
 478 01c2 29       		.byte	41
 479 01c3 20       		.byte	32
 480 01c4 3B       		.byte	59
 481 01c5 80       		.byte	-128
 482 01c6 41       		.byte	65
 483 01c7 88       		.byte	-120
 484 01c8 48       		.byte	72
 485 01c9 20       		.byte	32
 486 01ca 49       		.byte	73
 487 01cb 02       		.byte	2
 488 01cc 4B       		.byte	75
 489 01cd 80       		.byte	-128
 490 01ce 52       		.byte	82
 491 01cf 54       		.byte	84
 492 01d0 53       		.byte	83
 493 01d1 40       		.byte	64
 494 01d2 59       		.byte	89
 495 01d3 50       		.byte	80
 496 01d4 5A       		.byte	90
 497 01d5 08       		.byte	8
 498 01d6 5F       		.byte	95
 499 01d7 40       		.byte	64
 500 01d8 62       		.byte	98
 501 01d9 14       		.byte	20
 502 01da 67       		.byte	103
 503 01db 01       		.byte	1
 504 01dc 77       		.byte	119
 505 01dd 80       		.byte	-128
 506 01de 85       		.byte	-123
 507 01df 04       		.byte	4
 508 01e0 8D       		.byte	-115
 509 01e1 12       		.byte	18
 510 01e2 C0       		.byte	-64
 511 01e3 08       		.byte	8
 512 01e4 C2       		.byte	-62
 513 01e5 98       		.byte	-104
ARM GAS  C:\Users\koseki\AppData\Local\Temp\ccLkNWtt.s 			page 10


 514 01e6 C4       		.byte	-60
 515 01e7 84       		.byte	-124
 516 01e8 CA       		.byte	-54
 517 01e9 04       		.byte	4
 518 01ea CE       		.byte	-50
 519 01eb 08       		.byte	8
 520 01ec D0       		.byte	-48
 521 01ed 0A       		.byte	10
 522 01ee D2       		.byte	-46
 523 01ef 08       		.byte	8
 524 01f0 D6       		.byte	-42
 525 01f1 1E       		.byte	30
 526 01f2 D8       		.byte	-40
 527 01f3 16       		.byte	22
 528 01f4 E0       		.byte	-32
 529 01f5 08       		.byte	8
 530 01f6 E4       		.byte	-28
 531 01f7 01       		.byte	1
 532 01f8 EA       		.byte	-22
 533 01f9 05       		.byte	5
 534 01fa EC       		.byte	-20
 535 01fb 02       		.byte	2
 536 01fc EE       		.byte	-18
 537 01fd 08       		.byte	8
 538 01fe E0       		.byte	-32
 539 01ff 02       		.byte	2
 540 0200 85       		.byte	-123
 541 0201 10       		.byte	16
 542 0202 95       		.byte	-107
 543 0203 20       		.byte	32
 544 0204 97       		.byte	-105
 545 0205 40       		.byte	64
 546 0206 AF       		.byte	-81
 547 0207 40       		.byte	64
 548 0208 E0       		.byte	-32
 549 0209 08       		.byte	8
 550 020a E4       		.byte	-28
 551 020b 01       		.byte	1
 552 020c EA       		.byte	-22
 553 020d 05       		.byte	5
 554 020e EE       		.byte	-18
 555 020f 08       		.byte	8
 556 0210 31       		.byte	49
 557 0211 20       		.byte	32
 558 0212 35       		.byte	53
 559 0213 80       		.byte	-128
 560 0214 39       		.byte	57
 561 0215 04       		.byte	4
 562 0216 3C       		.byte	60
 563 0217 40       		.byte	64
 564 0218 85       		.byte	-123
 565 0219 80       		.byte	-128
 566 021a CC       		.byte	-52
 567 021b 30       		.byte	48
 568 021c CE       		.byte	-50
 569 021d 60       		.byte	96
 570 021e E2       		.byte	-30
ARM GAS  C:\Users\koseki\AppData\Local\Temp\ccLkNWtt.s 			page 11


 571 021f 10       		.byte	16
 572 0220 80       		.byte	-128
 573 0221 01       		.byte	1
 574 0222 85       		.byte	-123
 575 0223 20       		.byte	32
 576 0224 A5       		.byte	-91
 577 0225 20       		.byte	32
 578 0226 A8       		.byte	-88
 579 0227 40       		.byte	64
 580 0228 AD       		.byte	-83
 581 0229 04       		.byte	4
 582 022a E2       		.byte	-30
 583 022b 90       		.byte	-112
 584 022c EE       		.byte	-18
 585 022d 60       		.byte	96
 586 022e 3E       		.byte	62
 587 022f 10       		.byte	16
 588 0230 60       		.byte	96
 589 0231 01       		.byte	1
 590 0232 90       		.byte	-112
 591 0233 01       		.byte	1
 592 0234 CE       		.byte	-50
 593 0235 20       		.byte	32
 594 0236 D6       		.byte	-42
 595 0237 40       		.byte	64
 596 0238 96       		.byte	-106
 597 0239 10       		.byte	16
 598 023a 0B       		.byte	11
 599 023b 80       		.byte	-128
 600 023c 87       		.byte	-121
 601 023d 40       		.byte	64
 602 023e C2       		.byte	-62
 603 023f 08       		.byte	8
 604 0240 30       		.byte	48
 605 0241 20       		.byte	32
 606 0242 84       		.byte	-124
 607 0243 20       		.byte	32
 608 0244 CC       		.byte	-52
 609 0245 08       		.byte	8
 610 0246 23       		.byte	35
 611 0247 40       		.byte	64
 612 0248 27       		.byte	39
 613 0249 20       		.byte	32
 614 024a 87       		.byte	-121
 615 024b 20       		.byte	32
 616 024c 96       		.byte	-106
 617 024d 10       		.byte	16
 618 024e C8       		.byte	-56
 619 024f C0       		.byte	-64
 620 0250 E0       		.byte	-32
 621 0251 40       		.byte	64
 622 0252 12       		.byte	18
 623 0253 20       		.byte	32
 624 0254 16       		.byte	22
 625 0255 40       		.byte	64
 626 0256 75       		.byte	117
 627 0257 02       		.byte	2
ARM GAS  C:\Users\koseki\AppData\Local\Temp\ccLkNWtt.s 			page 12


 628 0258 7B       		.byte	123
 629 0259 02       		.byte	2
 630 025a 82       		.byte	-126
 631 025b 20       		.byte	32
 632 025c 86       		.byte	-122
 633 025d 40       		.byte	64
 634 025e 99       		.byte	-103
 635 025f 02       		.byte	2
 636 0260 A3       		.byte	-93
 637 0261 02       		.byte	2
 638 0262 AA       		.byte	-86
 639 0263 10       		.byte	16
 640 0264 AB       		.byte	-85
 641 0265 02       		.byte	2
 642 0266 AD       		.byte	-83
 643 0267 02       		.byte	2
 644 0268 AF       		.byte	-81
 645 0269 40       		.byte	64
 646 026a C4       		.byte	-60
 647 026b 30       		.byte	48
 648 026c DC       		.byte	-36
 649 026d 80       		.byte	-128
 650 026e DE       		.byte	-34
 651 026f 20       		.byte	32
 652 0270 E0       		.byte	-32
 653 0271 10       		.byte	16
 654 0272 E4       		.byte	-28
 655 0273 80       		.byte	-128
 656 0274 EA       		.byte	-22
 657 0275 A0       		.byte	-96
 658 0276 EC       		.byte	-20
 659 0277 40       		.byte	64
 660 0278 EE       		.byte	-18
 661 0279 10       		.byte	16
 662 027a 11       		.byte	17
 663 027b 08       		.byte	8
 664 027c 13       		.byte	19
 665 027d 20       		.byte	32
 666 027e 14       		.byte	20
 667 027f 20       		.byte	32
 668 0280 7B       		.byte	123
 669 0281 10       		.byte	16
 670 0282 7F       		.byte	127
 671 0283 40       		.byte	64
 672 0284 C4       		.byte	-60
 673 0285 0E       		.byte	14
 674 0286 DE       		.byte	-34
 675 0287 03       		.byte	3
 676 0288 83       		.byte	-125
 677 0289 10       		.byte	16
 678 028a 87       		.byte	-121
 679 028b 40       		.byte	64
 680 028c 97       		.byte	-105
 681 028d 80       		.byte	-128
 682 028e A7       		.byte	-89
 683 028f 10       		.byte	16
 684 0290 A9       		.byte	-87
ARM GAS  C:\Users\koseki\AppData\Local\Temp\ccLkNWtt.s 			page 13


 685 0291 04       		.byte	4
 686 0292 AB       		.byte	-85
 687 0293 20       		.byte	32
 688 0294 AC       		.byte	-84
 689 0295 20       		.byte	32
 690 0296 00       		.byte	0
 691 0297 05       		.byte	5
 692 0298 0E       		.byte	14
 693 0299 05       		.byte	5
 694 029a 00       		.byte	0
 695 029b 0F       		.byte	15
 696 029c 03       		.byte	3
 697 029d C0       		.byte	-64
 698 029e 10       		.byte	16
 699 029f 0A       		.byte	10
 700 02a0 00       		.byte	0
 701 02a1 00       		.byte	0
 702 02a2 00       		.byte	0
 703 02a3 00       		.byte	0
 704 02a4 00       		.byte	0
 705 02a5 00       		.byte	0
 706 02a6 01       		.byte	1
 707 02a7 00       		.byte	0
 708 02a8 00       		.byte	0
 709 02a9 00       		.byte	0
 710 02aa 03       		.byte	3
 711 02ab 00       		.byte	0
 712 02ac 03       		.byte	3
 713 02ad 00       		.byte	0
 714 02ae 00       		.byte	0
 715 02af 00       		.byte	0
 716 02b0 10       		.byte	16
 717 02b1 02       		.byte	2
 718 02b2 02       		.byte	2
 719 02b3 00       		.byte	0
 720 02b4 00       		.byte	0
 721 02b5 00       		.byte	0
 722 02b6 00       		.byte	0
 723 02b7 00       		.byte	0
 724              		.section	.cywolatch,"a",%progbits
 725              		.align	2
 726              		.type	cy_meta_wonvl, %object
 727              		.size	cy_meta_wonvl, 4
 728              	cy_meta_wonvl:
 729 0000 BC       		.byte	-68
 730 0001 90       		.byte	-112
 731 0002 AC       		.byte	-84
 732 0003 AF       		.byte	-81
 733              		.section	.cycustnvl,"a",%progbits
 734              		.align	2
 735              		.type	cy_meta_custnvl, %object
 736              		.size	cy_meta_custnvl, 4
 737              	cy_meta_custnvl:
 738 0000 00       		.byte	0
 739 0001 00       		.byte	0
 740 0002 40       		.byte	64
 741 0003 05       		.byte	5
ARM GAS  C:\Users\koseki\AppData\Local\Temp\ccLkNWtt.s 			page 14


 742              		.section	.cymeta,"a",%progbits
 743              		.align	2
 744              		.type	cy_metadata, %object
 745              		.size	cy_metadata, 12
 746              	cy_metadata:
 747 0000 00       		.byte	0
 748 0001 01       		.byte	1
 749 0002 2E       		.byte	46
 750 0003 16       		.byte	22
 751 0004 10       		.byte	16
 752 0005 69       		.byte	105
 753 0006 00       		.byte	0
 754 0007 01       		.byte	1
 755 0008 00       		.byte	0
 756 0009 00       		.byte	0
 757 000a 00       		.byte	0
 758 000b 00       		.byte	0
 759              		.section	.cyflashprotect,"a",%progbits
 760              		.align	2
 761              		.type	cy_meta_flashprotect, %object
 762              		.size	cy_meta_flashprotect, 256
 763              	cy_meta_flashprotect:
 764 0000 00000000 		.space	256
 764      00000000 
 764      00000000 
 764      00000000 
 764      00000000 
 765              		.text
 766              	.Letext0:
 767              		.file 1 ".\\Generated_Source\\PSoC5\\cymetadata.c"
 768              		.file 2 ".\\Generated_Source\\PSoC5\\cytypes.h"
 769              		.section	.debug_info,"",%progbits
 770              	.Ldebug_info0:
 771 0000 37010000 		.4byte	0x137
 772 0004 0400     		.2byte	0x4
 773 0006 00000000 		.4byte	.Ldebug_abbrev0
 774 000a 04       		.byte	0x4
 775 000b 01       		.uleb128 0x1
 776 000c 94000000 		.4byte	.LASF18
 777 0010 01       		.byte	0x1
 778 0011 00000000 		.4byte	.LASF19
 779 0015 95010000 		.4byte	.LASF20
 780 0019 00000000 		.4byte	.Ldebug_line0
 781 001d 02       		.uleb128 0x2
 782 001e 01       		.byte	0x1
 783 001f 06       		.byte	0x6
 784 0020 F2010000 		.4byte	.LASF0
 785 0024 02       		.uleb128 0x2
 786 0025 01       		.byte	0x1
 787 0026 08       		.byte	0x8
 788 0027 38000000 		.4byte	.LASF1
 789 002b 02       		.uleb128 0x2
 790 002c 02       		.byte	0x2
 791 002d 05       		.byte	0x5
 792 002e 85010000 		.4byte	.LASF2
 793 0032 02       		.uleb128 0x2
 794 0033 02       		.byte	0x2
ARM GAS  C:\Users\koseki\AppData\Local\Temp\ccLkNWtt.s 			page 15


 795 0034 07       		.byte	0x7
 796 0035 58000000 		.4byte	.LASF3
 797 0039 02       		.uleb128 0x2
 798 003a 04       		.byte	0x4
 799 003b 05       		.byte	0x5
 800 003c E9010000 		.4byte	.LASF4
 801 0040 02       		.uleb128 0x2
 802 0041 04       		.byte	0x4
 803 0042 07       		.byte	0x7
 804 0043 46000000 		.4byte	.LASF5
 805 0047 02       		.uleb128 0x2
 806 0048 08       		.byte	0x8
 807 0049 05       		.byte	0x5
 808 004a 72010000 		.4byte	.LASF6
 809 004e 02       		.uleb128 0x2
 810 004f 08       		.byte	0x8
 811 0050 07       		.byte	0x7
 812 0051 2F010000 		.4byte	.LASF7
 813 0055 03       		.uleb128 0x3
 814 0056 04       		.byte	0x4
 815 0057 05       		.byte	0x5
 816 0058 696E7400 		.ascii	"int\000"
 817 005c 02       		.uleb128 0x2
 818 005d 04       		.byte	0x4
 819 005e 07       		.byte	0x7
 820 005f 22010000 		.4byte	.LASF8
 821 0063 04       		.uleb128 0x4
 822 0064 8F010000 		.4byte	.LASF21
 823 0068 02       		.byte	0x2
 824 0069 3801     		.2byte	0x138
 825 006b 24000000 		.4byte	0x24
 826 006f 02       		.uleb128 0x2
 827 0070 04       		.byte	0x4
 828 0071 04       		.byte	0x4
 829 0072 32000000 		.4byte	.LASF9
 830 0076 02       		.uleb128 0x2
 831 0077 08       		.byte	0x8
 832 0078 04       		.byte	0x4
 833 0079 6B000000 		.4byte	.LASF10
 834 007d 02       		.uleb128 0x2
 835 007e 01       		.byte	0x1
 836 007f 08       		.byte	0x8
 837 0080 80010000 		.4byte	.LASF11
 838 0084 05       		.uleb128 0x5
 839 0085 63000000 		.4byte	0x63
 840 0089 95000000 		.4byte	0x95
 841 008d 06       		.uleb128 0x6
 842 008e 95000000 		.4byte	0x95
 843 0092 B702     		.2byte	0x2b7
 844 0094 00       		.byte	0
 845 0095 02       		.uleb128 0x2
 846 0096 04       		.byte	0x4
 847 0097 07       		.byte	0x7
 848 0098 69010000 		.4byte	.LASF12
 849 009c 07       		.uleb128 0x7
 850 009d 82000000 		.4byte	.LASF13
 851 00a1 01       		.byte	0x1
ARM GAS  C:\Users\koseki\AppData\Local\Temp\ccLkNWtt.s 			page 16


 852 00a2 1F       		.byte	0x1f
 853 00a3 AD000000 		.4byte	0xad
 854 00a7 05       		.uleb128 0x5
 855 00a8 03       		.byte	0x3
 856 00a9 00000000 		.4byte	cy_meta_configecc
 857 00ad 08       		.uleb128 0x8
 858 00ae 84000000 		.4byte	0x84
 859 00b2 05       		.uleb128 0x5
 860 00b3 63000000 		.4byte	0x63
 861 00b7 C2000000 		.4byte	0xc2
 862 00bb 09       		.uleb128 0x9
 863 00bc 95000000 		.4byte	0x95
 864 00c0 03       		.byte	0x3
 865 00c1 00       		.byte	0
 866 00c2 07       		.uleb128 0x7
 867 00c3 72000000 		.4byte	.LASF14
 868 00c7 01       		.byte	0x1
 869 00c8 83       		.byte	0x83
 870 00c9 D3000000 		.4byte	0xd3
 871 00cd 05       		.uleb128 0x5
 872 00ce 03       		.byte	0x3
 873 00cf 00000000 		.4byte	cy_meta_custnvl
 874 00d3 08       		.uleb128 0x8
 875 00d4 B2000000 		.4byte	0xb2
 876 00d8 07       		.uleb128 0x7
 877 00d9 5B010000 		.4byte	.LASF15
 878 00dd 01       		.byte	0x1
 879 00de 91       		.byte	0x91
 880 00df E9000000 		.4byte	0xe9
 881 00e3 05       		.uleb128 0x5
 882 00e4 03       		.byte	0x3
 883 00e5 00000000 		.4byte	cy_meta_wonvl
 884 00e9 08       		.uleb128 0x8
 885 00ea B2000000 		.4byte	0xb2
 886 00ee 05       		.uleb128 0x5
 887 00ef 63000000 		.4byte	0x63
 888 00f3 FE000000 		.4byte	0xfe
 889 00f7 09       		.uleb128 0x9
 890 00f8 95000000 		.4byte	0x95
 891 00fc FF       		.byte	0xff
 892 00fd 00       		.byte	0
 893 00fe 07       		.uleb128 0x7
 894 00ff 46010000 		.4byte	.LASF16
 895 0103 01       		.byte	0x1
 896 0104 9F       		.byte	0x9f
 897 0105 0F010000 		.4byte	0x10f
 898 0109 05       		.uleb128 0x5
 899 010a 03       		.byte	0x3
 900 010b 00000000 		.4byte	cy_meta_flashprotect
 901 010f 08       		.uleb128 0x8
 902 0110 EE000000 		.4byte	0xee
 903 0114 05       		.uleb128 0x5
 904 0115 63000000 		.4byte	0x63
 905 0119 24010000 		.4byte	0x124
 906 011d 09       		.uleb128 0x9
 907 011e 95000000 		.4byte	0x95
 908 0122 0B       		.byte	0xb
ARM GAS  C:\Users\koseki\AppData\Local\Temp\ccLkNWtt.s 			page 17


 909 0123 00       		.byte	0
 910 0124 07       		.uleb128 0x7
 911 0125 26000000 		.4byte	.LASF17
 912 0129 01       		.byte	0x1
 913 012a CC       		.byte	0xcc
 914 012b 35010000 		.4byte	0x135
 915 012f 05       		.uleb128 0x5
 916 0130 03       		.byte	0x3
 917 0131 00000000 		.4byte	cy_metadata
 918 0135 08       		.uleb128 0x8
 919 0136 14010000 		.4byte	0x114
 920 013a 00       		.byte	0
 921              		.section	.debug_abbrev,"",%progbits
 922              	.Ldebug_abbrev0:
 923 0000 01       		.uleb128 0x1
 924 0001 11       		.uleb128 0x11
 925 0002 01       		.byte	0x1
 926 0003 25       		.uleb128 0x25
 927 0004 0E       		.uleb128 0xe
 928 0005 13       		.uleb128 0x13
 929 0006 0B       		.uleb128 0xb
 930 0007 03       		.uleb128 0x3
 931 0008 0E       		.uleb128 0xe
 932 0009 1B       		.uleb128 0x1b
 933 000a 0E       		.uleb128 0xe
 934 000b 10       		.uleb128 0x10
 935 000c 17       		.uleb128 0x17
 936 000d 00       		.byte	0
 937 000e 00       		.byte	0
 938 000f 02       		.uleb128 0x2
 939 0010 24       		.uleb128 0x24
 940 0011 00       		.byte	0
 941 0012 0B       		.uleb128 0xb
 942 0013 0B       		.uleb128 0xb
 943 0014 3E       		.uleb128 0x3e
 944 0015 0B       		.uleb128 0xb
 945 0016 03       		.uleb128 0x3
 946 0017 0E       		.uleb128 0xe
 947 0018 00       		.byte	0
 948 0019 00       		.byte	0
 949 001a 03       		.uleb128 0x3
 950 001b 24       		.uleb128 0x24
 951 001c 00       		.byte	0
 952 001d 0B       		.uleb128 0xb
 953 001e 0B       		.uleb128 0xb
 954 001f 3E       		.uleb128 0x3e
 955 0020 0B       		.uleb128 0xb
 956 0021 03       		.uleb128 0x3
 957 0022 08       		.uleb128 0x8
 958 0023 00       		.byte	0
 959 0024 00       		.byte	0
 960 0025 04       		.uleb128 0x4
 961 0026 16       		.uleb128 0x16
 962 0027 00       		.byte	0
 963 0028 03       		.uleb128 0x3
 964 0029 0E       		.uleb128 0xe
 965 002a 3A       		.uleb128 0x3a
ARM GAS  C:\Users\koseki\AppData\Local\Temp\ccLkNWtt.s 			page 18


 966 002b 0B       		.uleb128 0xb
 967 002c 3B       		.uleb128 0x3b
 968 002d 05       		.uleb128 0x5
 969 002e 49       		.uleb128 0x49
 970 002f 13       		.uleb128 0x13
 971 0030 00       		.byte	0
 972 0031 00       		.byte	0
 973 0032 05       		.uleb128 0x5
 974 0033 01       		.uleb128 0x1
 975 0034 01       		.byte	0x1
 976 0035 49       		.uleb128 0x49
 977 0036 13       		.uleb128 0x13
 978 0037 01       		.uleb128 0x1
 979 0038 13       		.uleb128 0x13
 980 0039 00       		.byte	0
 981 003a 00       		.byte	0
 982 003b 06       		.uleb128 0x6
 983 003c 21       		.uleb128 0x21
 984 003d 00       		.byte	0
 985 003e 49       		.uleb128 0x49
 986 003f 13       		.uleb128 0x13
 987 0040 2F       		.uleb128 0x2f
 988 0041 05       		.uleb128 0x5
 989 0042 00       		.byte	0
 990 0043 00       		.byte	0
 991 0044 07       		.uleb128 0x7
 992 0045 34       		.uleb128 0x34
 993 0046 00       		.byte	0
 994 0047 03       		.uleb128 0x3
 995 0048 0E       		.uleb128 0xe
 996 0049 3A       		.uleb128 0x3a
 997 004a 0B       		.uleb128 0xb
 998 004b 3B       		.uleb128 0x3b
 999 004c 0B       		.uleb128 0xb
 1000 004d 49       		.uleb128 0x49
 1001 004e 13       		.uleb128 0x13
 1002 004f 3F       		.uleb128 0x3f
 1003 0050 19       		.uleb128 0x19
 1004 0051 02       		.uleb128 0x2
 1005 0052 18       		.uleb128 0x18
 1006 0053 00       		.byte	0
 1007 0054 00       		.byte	0
 1008 0055 08       		.uleb128 0x8
 1009 0056 26       		.uleb128 0x26
 1010 0057 00       		.byte	0
 1011 0058 49       		.uleb128 0x49
 1012 0059 13       		.uleb128 0x13
 1013 005a 00       		.byte	0
 1014 005b 00       		.byte	0
 1015 005c 09       		.uleb128 0x9
 1016 005d 21       		.uleb128 0x21
 1017 005e 00       		.byte	0
 1018 005f 49       		.uleb128 0x49
 1019 0060 13       		.uleb128 0x13
 1020 0061 2F       		.uleb128 0x2f
 1021 0062 0B       		.uleb128 0xb
 1022 0063 00       		.byte	0
ARM GAS  C:\Users\koseki\AppData\Local\Temp\ccLkNWtt.s 			page 19


 1023 0064 00       		.byte	0
 1024 0065 00       		.byte	0
 1025              		.section	.debug_aranges,"",%progbits
 1026 0000 14000000 		.4byte	0x14
 1027 0004 0200     		.2byte	0x2
 1028 0006 00000000 		.4byte	.Ldebug_info0
 1029 000a 04       		.byte	0x4
 1030 000b 00       		.byte	0
 1031 000c 0000     		.2byte	0
 1032 000e 0000     		.2byte	0
 1033 0010 00000000 		.4byte	0
 1034 0014 00000000 		.4byte	0
 1035              		.section	.debug_line,"",%progbits
 1036              	.Ldebug_line0:
 1037 0000 4F000000 		.section	.debug_str,"MS",%progbits,1
 1037      02004900 
 1037      00000201 
 1037      FB0E0D00 
 1037      01010101 
 1038              	.LASF19:
 1039 0000 2E5C4765 		.ascii	".\\Generated_Source\\PSoC5\\cymetadata.c\000"
 1039      6E657261 
 1039      7465645F 
 1039      536F7572 
 1039      63655C50 
 1040              	.LASF17:
 1041 0026 63795F6D 		.ascii	"cy_metadata\000"
 1041      65746164 
 1041      61746100 
 1042              	.LASF9:
 1043 0032 666C6F61 		.ascii	"float\000"
 1043      7400
 1044              	.LASF1:
 1045 0038 756E7369 		.ascii	"unsigned char\000"
 1045      676E6564 
 1045      20636861 
 1045      7200
 1046              	.LASF5:
 1047 0046 6C6F6E67 		.ascii	"long unsigned int\000"
 1047      20756E73 
 1047      69676E65 
 1047      6420696E 
 1047      7400
 1048              	.LASF3:
 1049 0058 73686F72 		.ascii	"short unsigned int\000"
 1049      7420756E 
 1049      7369676E 
 1049      65642069 
 1049      6E7400
 1050              	.LASF10:
 1051 006b 646F7562 		.ascii	"double\000"
 1051      6C6500
 1052              	.LASF14:
 1053 0072 63795F6D 		.ascii	"cy_meta_custnvl\000"
 1053      6574615F 
 1053      63757374 
 1053      6E766C00 
ARM GAS  C:\Users\koseki\AppData\Local\Temp\ccLkNWtt.s 			page 20


 1054              	.LASF13:
 1055 0082 63795F6D 		.ascii	"cy_meta_configecc\000"
 1055      6574615F 
 1055      636F6E66 
 1055      69676563 
 1055      6300
 1056              	.LASF18:
 1057 0094 474E5520 		.ascii	"GNU C 4.9.3 20150303 (release) [ARM/embedded-4_9-br"
 1057      4320342E 
 1057      392E3320 
 1057      32303135 
 1057      30333033 
 1058 00c7 616E6368 		.ascii	"anch revision 221220] -mcpu=cortex-m3 -mthumb -g -O"
 1058      20726576 
 1058      6973696F 
 1058      6E203232 
 1058      31323230 
 1059 00fa 67202D66 		.ascii	"g -ffunction-sections -ffat-lto-objects\000"
 1059      66756E63 
 1059      74696F6E 
 1059      2D736563 
 1059      74696F6E 
 1060              	.LASF8:
 1061 0122 756E7369 		.ascii	"unsigned int\000"
 1061      676E6564 
 1061      20696E74 
 1061      00
 1062              	.LASF7:
 1063 012f 6C6F6E67 		.ascii	"long long unsigned int\000"
 1063      206C6F6E 
 1063      6720756E 
 1063      7369676E 
 1063      65642069 
 1064              	.LASF16:
 1065 0146 63795F6D 		.ascii	"cy_meta_flashprotect\000"
 1065      6574615F 
 1065      666C6173 
 1065      6870726F 
 1065      74656374 
 1066              	.LASF15:
 1067 015b 63795F6D 		.ascii	"cy_meta_wonvl\000"
 1067      6574615F 
 1067      776F6E76 
 1067      6C00
 1068              	.LASF12:
 1069 0169 73697A65 		.ascii	"sizetype\000"
 1069      74797065 
 1069      00
 1070              	.LASF6:
 1071 0172 6C6F6E67 		.ascii	"long long int\000"
 1071      206C6F6E 
 1071      6720696E 
 1071      7400
 1072              	.LASF11:
 1073 0180 63686172 		.ascii	"char\000"
 1073      00
 1074              	.LASF2:
ARM GAS  C:\Users\koseki\AppData\Local\Temp\ccLkNWtt.s 			page 21


 1075 0185 73686F72 		.ascii	"short int\000"
 1075      7420696E 
 1075      7400
 1076              	.LASF21:
 1077 018f 75696E74 		.ascii	"uint8\000"
 1077      3800
 1078              	.LASF20:
 1079 0195 453A5C50 		.ascii	"E:\\PSoC_Creator\\CY8CKIT-059\\CY8CKIT-059_JJY_Race"
 1079      536F435F 
 1079      43726561 
 1079      746F725C 
 1079      43593843 
 1080 01c5 69766572 		.ascii	"iver\\CY8CKIT-059_JJY_Raceiver.cydsn\000"
 1080      5C435938 
 1080      434B4954 
 1080      2D303539 
 1080      5F4A4A59 
 1081              	.LASF4:
 1082 01e9 6C6F6E67 		.ascii	"long int\000"
 1082      20696E74 
 1082      00
 1083              	.LASF0:
 1084 01f2 7369676E 		.ascii	"signed char\000"
 1084      65642063 
 1084      68617200 
 1085              		.ident	"GCC: (GNU Tools for ARM Embedded Processors) 4.9.3 20150303 (release) [ARM/embedded-4_9-br
