ARM GAS  C:\Users\koseki\AppData\Local\Temp\cc6PLDKg.s 			page 1


   1              		.syntax unified
   2              		.cpu cortex-m3
   3              		.fpu softvfp
   4              		.eabi_attribute 20, 1
   5              		.eabi_attribute 21, 1
   6              		.eabi_attribute 23, 3
   7              		.eabi_attribute 24, 1
   8              		.eabi_attribute 25, 1
   9              		.eabi_attribute 26, 1
  10              		.eabi_attribute 30, 1
  11              		.eabi_attribute 34, 1
  12              		.eabi_attribute 18, 4
  13              		.thumb
  14              		.file	"WaveDAC8_1.c"
  15              		.text
  16              	.Ltext0:
  17              		.cfi_sections	.debug_frame
  18              		.section	.text.WaveDAC8_1_Enable,"ax",%progbits
  19              		.align	2
  20              		.global	WaveDAC8_1_Enable
  21              		.thumb
  22              		.thumb_func
  23              		.type	WaveDAC8_1_Enable, %function
  24              	WaveDAC8_1_Enable:
  25              	.LFB1:
  26              		.file 1 ".\\Generated_Source\\PSoC5\\WaveDAC8_1.c"
   1:.\Generated_Source\PSoC5/WaveDAC8_1.c **** /*******************************************************************************
   2:.\Generated_Source\PSoC5/WaveDAC8_1.c **** * File Name: WaveDAC8_1.c
   3:.\Generated_Source\PSoC5/WaveDAC8_1.c **** * Version 2.10
   4:.\Generated_Source\PSoC5/WaveDAC8_1.c **** *
   5:.\Generated_Source\PSoC5/WaveDAC8_1.c **** * Description:
   6:.\Generated_Source\PSoC5/WaveDAC8_1.c **** *  This file provides the source code for the 8-bit Waveform DAC 
   7:.\Generated_Source\PSoC5/WaveDAC8_1.c **** *  (WaveDAC8) Component.
   8:.\Generated_Source\PSoC5/WaveDAC8_1.c **** *
   9:.\Generated_Source\PSoC5/WaveDAC8_1.c **** ********************************************************************************
  10:.\Generated_Source\PSoC5/WaveDAC8_1.c **** * Copyright 2013, Cypress Semiconductor Corporation.  All rights reserved.
  11:.\Generated_Source\PSoC5/WaveDAC8_1.c **** * You may use this file only in accordance with the license, terms, conditions,
  12:.\Generated_Source\PSoC5/WaveDAC8_1.c **** * disclaimers, and limitations in the end user license agreement accompanying
  13:.\Generated_Source\PSoC5/WaveDAC8_1.c **** * the software package with which this file was provided.
  14:.\Generated_Source\PSoC5/WaveDAC8_1.c **** *******************************************************************************/
  15:.\Generated_Source\PSoC5/WaveDAC8_1.c **** 
  16:.\Generated_Source\PSoC5/WaveDAC8_1.c **** #include "WaveDAC8_1.h"
  17:.\Generated_Source\PSoC5/WaveDAC8_1.c **** 
  18:.\Generated_Source\PSoC5/WaveDAC8_1.c **** uint8  WaveDAC8_1_initVar = 0u;
  19:.\Generated_Source\PSoC5/WaveDAC8_1.c **** 
  20:.\Generated_Source\PSoC5/WaveDAC8_1.c **** const uint8 CYCODE WaveDAC8_1_wave1[WaveDAC8_1_WAVE1_LENGTH] = { 128u,128u,128u,128u,128u,128u,128u
  21:.\Generated_Source\PSoC5/WaveDAC8_1.c **** const uint8 CYCODE WaveDAC8_1_wave2[WaveDAC8_1_WAVE2_LENGTH] = { 128u,135u,143u,151u,159u,166u,174u
  22:.\Generated_Source\PSoC5/WaveDAC8_1.c **** 
  23:.\Generated_Source\PSoC5/WaveDAC8_1.c **** static uint8  WaveDAC8_1_Wave1Chan;
  24:.\Generated_Source\PSoC5/WaveDAC8_1.c **** static uint8  WaveDAC8_1_Wave2Chan;
  25:.\Generated_Source\PSoC5/WaveDAC8_1.c **** static uint8  WaveDAC8_1_Wave1TD;
  26:.\Generated_Source\PSoC5/WaveDAC8_1.c **** static uint8  WaveDAC8_1_Wave2TD;
  27:.\Generated_Source\PSoC5/WaveDAC8_1.c **** 
  28:.\Generated_Source\PSoC5/WaveDAC8_1.c **** 
  29:.\Generated_Source\PSoC5/WaveDAC8_1.c **** /*******************************************************************************
  30:.\Generated_Source\PSoC5/WaveDAC8_1.c **** * Function Name: WaveDAC8_1_Init
  31:.\Generated_Source\PSoC5/WaveDAC8_1.c **** ********************************************************************************
ARM GAS  C:\Users\koseki\AppData\Local\Temp\cc6PLDKg.s 			page 2


  32:.\Generated_Source\PSoC5/WaveDAC8_1.c **** *
  33:.\Generated_Source\PSoC5/WaveDAC8_1.c **** * Summary:
  34:.\Generated_Source\PSoC5/WaveDAC8_1.c **** *  Initializes component with parameters set in the customizer.
  35:.\Generated_Source\PSoC5/WaveDAC8_1.c **** *
  36:.\Generated_Source\PSoC5/WaveDAC8_1.c **** * Parameters:  
  37:.\Generated_Source\PSoC5/WaveDAC8_1.c **** *  None
  38:.\Generated_Source\PSoC5/WaveDAC8_1.c **** *
  39:.\Generated_Source\PSoC5/WaveDAC8_1.c **** * Return: 
  40:.\Generated_Source\PSoC5/WaveDAC8_1.c **** *  None
  41:.\Generated_Source\PSoC5/WaveDAC8_1.c **** *
  42:.\Generated_Source\PSoC5/WaveDAC8_1.c **** *******************************************************************************/
  43:.\Generated_Source\PSoC5/WaveDAC8_1.c **** void WaveDAC8_1_Init(void) 
  44:.\Generated_Source\PSoC5/WaveDAC8_1.c **** {
  45:.\Generated_Source\PSoC5/WaveDAC8_1.c **** 	WaveDAC8_1_VDAC8_Init();
  46:.\Generated_Source\PSoC5/WaveDAC8_1.c **** 	WaveDAC8_1_VDAC8_SetSpeed(WaveDAC8_1_HIGHSPEED);
  47:.\Generated_Source\PSoC5/WaveDAC8_1.c **** 	WaveDAC8_1_VDAC8_SetRange(WaveDAC8_1_DAC_RANGE);
  48:.\Generated_Source\PSoC5/WaveDAC8_1.c **** 
  49:.\Generated_Source\PSoC5/WaveDAC8_1.c **** 	#if(WaveDAC8_1_DAC_MODE == WaveDAC8_1_CURRENT_MODE)
  50:.\Generated_Source\PSoC5/WaveDAC8_1.c **** 		WaveDAC8_1_IDAC8_SetPolarity(WaveDAC8_1_DAC_POL);
  51:.\Generated_Source\PSoC5/WaveDAC8_1.c **** 	#endif /* WaveDAC8_1_DAC_MODE == WaveDAC8_1_CURRENT_MODE */
  52:.\Generated_Source\PSoC5/WaveDAC8_1.c **** 
  53:.\Generated_Source\PSoC5/WaveDAC8_1.c **** 	#if(WaveDAC8_1_OUT_MODE == WaveDAC8_1_BUFFER_MODE)
  54:.\Generated_Source\PSoC5/WaveDAC8_1.c **** 	   WaveDAC8_1_BuffAmp_Init();
  55:.\Generated_Source\PSoC5/WaveDAC8_1.c **** 	#endif /* WaveDAC8_1_OUT_MODE == WaveDAC8_1_BUFFER_MODE */
  56:.\Generated_Source\PSoC5/WaveDAC8_1.c **** 
  57:.\Generated_Source\PSoC5/WaveDAC8_1.c **** 	/* Get the TD Number for the DMA channel 1 and 2   */
  58:.\Generated_Source\PSoC5/WaveDAC8_1.c **** 	WaveDAC8_1_Wave1TD = CyDmaTdAllocate();
  59:.\Generated_Source\PSoC5/WaveDAC8_1.c **** 	WaveDAC8_1_Wave2TD = CyDmaTdAllocate();
  60:.\Generated_Source\PSoC5/WaveDAC8_1.c **** 	
  61:.\Generated_Source\PSoC5/WaveDAC8_1.c **** 	/* Initialize waveform pointers  */
  62:.\Generated_Source\PSoC5/WaveDAC8_1.c **** 	WaveDAC8_1_Wave1Setup(WaveDAC8_1_wave1, WaveDAC8_1_WAVE1_LENGTH) ;
  63:.\Generated_Source\PSoC5/WaveDAC8_1.c **** 	WaveDAC8_1_Wave2Setup(WaveDAC8_1_wave2, WaveDAC8_1_WAVE2_LENGTH) ;
  64:.\Generated_Source\PSoC5/WaveDAC8_1.c **** 	
  65:.\Generated_Source\PSoC5/WaveDAC8_1.c **** 	/* Initialize the internal clock if one present  */
  66:.\Generated_Source\PSoC5/WaveDAC8_1.c **** 	#if defined(WaveDAC8_1_DacClk_PHASE)
  67:.\Generated_Source\PSoC5/WaveDAC8_1.c **** 	   WaveDAC8_1_DacClk_SetPhase(WaveDAC8_1_CLK_PHASE_0nS);
  68:.\Generated_Source\PSoC5/WaveDAC8_1.c **** 	#endif /* defined(WaveDAC8_1_DacClk_PHASE) */
  69:.\Generated_Source\PSoC5/WaveDAC8_1.c **** }
  70:.\Generated_Source\PSoC5/WaveDAC8_1.c **** 
  71:.\Generated_Source\PSoC5/WaveDAC8_1.c **** 
  72:.\Generated_Source\PSoC5/WaveDAC8_1.c **** /*******************************************************************************
  73:.\Generated_Source\PSoC5/WaveDAC8_1.c **** * Function Name: WaveDAC8_1_Enable
  74:.\Generated_Source\PSoC5/WaveDAC8_1.c **** ********************************************************************************
  75:.\Generated_Source\PSoC5/WaveDAC8_1.c **** *  
  76:.\Generated_Source\PSoC5/WaveDAC8_1.c **** * Summary: 
  77:.\Generated_Source\PSoC5/WaveDAC8_1.c **** *  Enables the DAC block and DMA operation.
  78:.\Generated_Source\PSoC5/WaveDAC8_1.c **** *
  79:.\Generated_Source\PSoC5/WaveDAC8_1.c **** * Parameters:  
  80:.\Generated_Source\PSoC5/WaveDAC8_1.c **** *  None
  81:.\Generated_Source\PSoC5/WaveDAC8_1.c **** *
  82:.\Generated_Source\PSoC5/WaveDAC8_1.c **** * Return: 
  83:.\Generated_Source\PSoC5/WaveDAC8_1.c **** *  None
  84:.\Generated_Source\PSoC5/WaveDAC8_1.c **** *
  85:.\Generated_Source\PSoC5/WaveDAC8_1.c **** *******************************************************************************/
  86:.\Generated_Source\PSoC5/WaveDAC8_1.c **** void WaveDAC8_1_Enable(void) 
  87:.\Generated_Source\PSoC5/WaveDAC8_1.c **** {
  27              		.loc 1 87 0
ARM GAS  C:\Users\koseki\AppData\Local\Temp\cc6PLDKg.s 			page 3


  28              		.cfi_startproc
  29              		@ args = 0, pretend = 0, frame = 0
  30              		@ frame_needed = 0, uses_anonymous_args = 0
  31 0000 10B5     		push	{r4, lr}
  32              		.cfi_def_cfa_offset 8
  33              		.cfi_offset 4, -8
  34              		.cfi_offset 14, -4
  88:.\Generated_Source\PSoC5/WaveDAC8_1.c **** 	WaveDAC8_1_VDAC8_Enable();
  35              		.loc 1 88 0
  36 0002 FFF7FEFF 		bl	WaveDAC8_1_VDAC8_Enable
  37              	.LVL0:
  89:.\Generated_Source\PSoC5/WaveDAC8_1.c **** 
  90:.\Generated_Source\PSoC5/WaveDAC8_1.c **** 	#if(WaveDAC8_1_OUT_MODE == WaveDAC8_1_BUFFER_MODE)
  91:.\Generated_Source\PSoC5/WaveDAC8_1.c **** 	   WaveDAC8_1_BuffAmp_Enable();
  92:.\Generated_Source\PSoC5/WaveDAC8_1.c **** 	#endif /* WaveDAC8_1_OUT_MODE == WaveDAC8_1_BUFFER_MODE */
  93:.\Generated_Source\PSoC5/WaveDAC8_1.c **** 
  94:.\Generated_Source\PSoC5/WaveDAC8_1.c **** 	/* 
  95:.\Generated_Source\PSoC5/WaveDAC8_1.c **** 	* Enable the channel. It is configured to remember the TD value so that
  96:.\Generated_Source\PSoC5/WaveDAC8_1.c **** 	* it can be restored from the place where it has been stopped.
  97:.\Generated_Source\PSoC5/WaveDAC8_1.c **** 	*/
  98:.\Generated_Source\PSoC5/WaveDAC8_1.c **** 	(void)CyDmaChEnable(WaveDAC8_1_Wave1Chan, 1u);
  38              		.loc 1 98 0
  39 0006 074C     		ldr	r4, .L3
  40 0008 2078     		ldrb	r0, [r4]	@ zero_extendqisi2
  41 000a 0121     		movs	r1, #1
  42 000c FFF7FEFF 		bl	CyDmaChEnable
  43              	.LVL1:
  99:.\Generated_Source\PSoC5/WaveDAC8_1.c **** 	(void)CyDmaChEnable(WaveDAC8_1_Wave2Chan, 1u);
  44              		.loc 1 99 0
  45 0010 6078     		ldrb	r0, [r4, #1]	@ zero_extendqisi2
  46 0012 0121     		movs	r1, #1
  47 0014 FFF7FEFF 		bl	CyDmaChEnable
  48              	.LVL2:
 100:.\Generated_Source\PSoC5/WaveDAC8_1.c **** 	
 101:.\Generated_Source\PSoC5/WaveDAC8_1.c **** 	/* set the initial value */
 102:.\Generated_Source\PSoC5/WaveDAC8_1.c **** 	WaveDAC8_1_SetValue(0u);
  49              		.loc 1 102 0
  50 0018 0020     		movs	r0, #0
  51 001a FFF7FEFF 		bl	WaveDAC8_1_VDAC8_SetValue
  52              	.LVL3:
 103:.\Generated_Source\PSoC5/WaveDAC8_1.c **** 	
 104:.\Generated_Source\PSoC5/WaveDAC8_1.c **** 	#if(WaveDAC8_1_CLOCK_SRC == WaveDAC8_1_CLOCK_INT)  	
 105:.\Generated_Source\PSoC5/WaveDAC8_1.c **** 	   WaveDAC8_1_DacClk_Start();
  53              		.loc 1 105 0
  54 001e FFF7FEFF 		bl	WaveDAC8_1_DacClk_Start
  55              	.LVL4:
  56 0022 10BD     		pop	{r4, pc}
  57              	.L4:
  58              		.align	2
  59              	.L3:
  60 0024 00000000 		.word	.LANCHOR0
  61              		.cfi_endproc
  62              	.LFE1:
  63              		.size	WaveDAC8_1_Enable, .-WaveDAC8_1_Enable
  64              		.section	.text.WaveDAC8_1_Stop,"ax",%progbits
  65              		.align	2
  66              		.global	WaveDAC8_1_Stop
ARM GAS  C:\Users\koseki\AppData\Local\Temp\cc6PLDKg.s 			page 4


  67              		.thumb
  68              		.thumb_func
  69              		.type	WaveDAC8_1_Stop, %function
  70              	WaveDAC8_1_Stop:
  71              	.LFB4:
 106:.\Generated_Source\PSoC5/WaveDAC8_1.c **** 	#endif /* WaveDAC8_1_CLOCK_SRC == WaveDAC8_1_CLOCK_INT */
 107:.\Generated_Source\PSoC5/WaveDAC8_1.c **** }
 108:.\Generated_Source\PSoC5/WaveDAC8_1.c **** 
 109:.\Generated_Source\PSoC5/WaveDAC8_1.c **** 
 110:.\Generated_Source\PSoC5/WaveDAC8_1.c **** /*******************************************************************************
 111:.\Generated_Source\PSoC5/WaveDAC8_1.c **** * Function Name: WaveDAC8_1_Start
 112:.\Generated_Source\PSoC5/WaveDAC8_1.c **** ********************************************************************************
 113:.\Generated_Source\PSoC5/WaveDAC8_1.c **** *
 114:.\Generated_Source\PSoC5/WaveDAC8_1.c **** * Summary:
 115:.\Generated_Source\PSoC5/WaveDAC8_1.c **** *  The start function initializes the voltage DAC with the default values, 
 116:.\Generated_Source\PSoC5/WaveDAC8_1.c **** *  and sets the power to the given level.  A power level of 0, is the same as 
 117:.\Generated_Source\PSoC5/WaveDAC8_1.c **** *  executing the stop function.
 118:.\Generated_Source\PSoC5/WaveDAC8_1.c **** *
 119:.\Generated_Source\PSoC5/WaveDAC8_1.c **** * Parameters:  
 120:.\Generated_Source\PSoC5/WaveDAC8_1.c **** *  None
 121:.\Generated_Source\PSoC5/WaveDAC8_1.c **** *
 122:.\Generated_Source\PSoC5/WaveDAC8_1.c **** * Return: 
 123:.\Generated_Source\PSoC5/WaveDAC8_1.c **** *  None
 124:.\Generated_Source\PSoC5/WaveDAC8_1.c **** *
 125:.\Generated_Source\PSoC5/WaveDAC8_1.c **** * Reentrant:
 126:.\Generated_Source\PSoC5/WaveDAC8_1.c **** *  No
 127:.\Generated_Source\PSoC5/WaveDAC8_1.c **** *
 128:.\Generated_Source\PSoC5/WaveDAC8_1.c **** *******************************************************************************/
 129:.\Generated_Source\PSoC5/WaveDAC8_1.c **** void WaveDAC8_1_Start(void) 
 130:.\Generated_Source\PSoC5/WaveDAC8_1.c **** {
 131:.\Generated_Source\PSoC5/WaveDAC8_1.c **** 	/* If not Initialized then initialize all required hardware and software */
 132:.\Generated_Source\PSoC5/WaveDAC8_1.c **** 	if(WaveDAC8_1_initVar == 0u)
 133:.\Generated_Source\PSoC5/WaveDAC8_1.c **** 	{
 134:.\Generated_Source\PSoC5/WaveDAC8_1.c **** 		WaveDAC8_1_Init();
 135:.\Generated_Source\PSoC5/WaveDAC8_1.c **** 		WaveDAC8_1_initVar = 1u;
 136:.\Generated_Source\PSoC5/WaveDAC8_1.c **** 	}
 137:.\Generated_Source\PSoC5/WaveDAC8_1.c **** 	
 138:.\Generated_Source\PSoC5/WaveDAC8_1.c **** 	WaveDAC8_1_Enable();
 139:.\Generated_Source\PSoC5/WaveDAC8_1.c **** }
 140:.\Generated_Source\PSoC5/WaveDAC8_1.c **** 
 141:.\Generated_Source\PSoC5/WaveDAC8_1.c **** 
 142:.\Generated_Source\PSoC5/WaveDAC8_1.c **** /*******************************************************************************
 143:.\Generated_Source\PSoC5/WaveDAC8_1.c **** * Function Name: WaveDAC8_1_StartEx
 144:.\Generated_Source\PSoC5/WaveDAC8_1.c **** ********************************************************************************
 145:.\Generated_Source\PSoC5/WaveDAC8_1.c **** *
 146:.\Generated_Source\PSoC5/WaveDAC8_1.c **** * Summary:
 147:.\Generated_Source\PSoC5/WaveDAC8_1.c **** *  The StartEx function sets pointers and sizes for both waveforms
 148:.\Generated_Source\PSoC5/WaveDAC8_1.c **** *  and then starts the component.
 149:.\Generated_Source\PSoC5/WaveDAC8_1.c **** *
 150:.\Generated_Source\PSoC5/WaveDAC8_1.c **** * Parameters:  
 151:.\Generated_Source\PSoC5/WaveDAC8_1.c **** *   uint8 * wavePtr1:     Pointer to the waveform 1 array.
 152:.\Generated_Source\PSoC5/WaveDAC8_1.c **** *   uint16  sampleSize1:  The amount of samples in the waveform 1.
 153:.\Generated_Source\PSoC5/WaveDAC8_1.c **** *   uint8 * wavePtr2:     Pointer to the waveform 2 array.
 154:.\Generated_Source\PSoC5/WaveDAC8_1.c **** *   uint16  sampleSize2:  The amount of samples in the waveform 2.
 155:.\Generated_Source\PSoC5/WaveDAC8_1.c **** *
 156:.\Generated_Source\PSoC5/WaveDAC8_1.c **** * Return: 
 157:.\Generated_Source\PSoC5/WaveDAC8_1.c **** *  None
ARM GAS  C:\Users\koseki\AppData\Local\Temp\cc6PLDKg.s 			page 5


 158:.\Generated_Source\PSoC5/WaveDAC8_1.c **** *
 159:.\Generated_Source\PSoC5/WaveDAC8_1.c **** * Reentrant:
 160:.\Generated_Source\PSoC5/WaveDAC8_1.c **** *  No
 161:.\Generated_Source\PSoC5/WaveDAC8_1.c **** *
 162:.\Generated_Source\PSoC5/WaveDAC8_1.c **** *******************************************************************************/
 163:.\Generated_Source\PSoC5/WaveDAC8_1.c **** void WaveDAC8_1_StartEx(const uint8 * wavePtr1, uint16 sampleSize1, const uint8 * wavePtr2, uint16 
 164:.\Generated_Source\PSoC5/WaveDAC8_1.c **** 
 165:.\Generated_Source\PSoC5/WaveDAC8_1.c **** {
 166:.\Generated_Source\PSoC5/WaveDAC8_1.c **** 	WaveDAC8_1_Wave1Setup(wavePtr1, sampleSize1);
 167:.\Generated_Source\PSoC5/WaveDAC8_1.c **** 	WaveDAC8_1_Wave2Setup(wavePtr2, sampleSize2);
 168:.\Generated_Source\PSoC5/WaveDAC8_1.c **** 	WaveDAC8_1_Start();
 169:.\Generated_Source\PSoC5/WaveDAC8_1.c **** }
 170:.\Generated_Source\PSoC5/WaveDAC8_1.c **** 
 171:.\Generated_Source\PSoC5/WaveDAC8_1.c **** 
 172:.\Generated_Source\PSoC5/WaveDAC8_1.c **** /*******************************************************************************
 173:.\Generated_Source\PSoC5/WaveDAC8_1.c **** * Function Name: WaveDAC8_1_Stop
 174:.\Generated_Source\PSoC5/WaveDAC8_1.c **** ********************************************************************************
 175:.\Generated_Source\PSoC5/WaveDAC8_1.c **** *
 176:.\Generated_Source\PSoC5/WaveDAC8_1.c **** * Summary:
 177:.\Generated_Source\PSoC5/WaveDAC8_1.c **** *  Stops the clock (if internal), disables the DMA channels
 178:.\Generated_Source\PSoC5/WaveDAC8_1.c **** *  and powers down the DAC.
 179:.\Generated_Source\PSoC5/WaveDAC8_1.c **** *
 180:.\Generated_Source\PSoC5/WaveDAC8_1.c **** * Parameters:  
 181:.\Generated_Source\PSoC5/WaveDAC8_1.c **** *  None  
 182:.\Generated_Source\PSoC5/WaveDAC8_1.c **** *
 183:.\Generated_Source\PSoC5/WaveDAC8_1.c **** * Return: 
 184:.\Generated_Source\PSoC5/WaveDAC8_1.c **** *  None
 185:.\Generated_Source\PSoC5/WaveDAC8_1.c **** *
 186:.\Generated_Source\PSoC5/WaveDAC8_1.c **** *******************************************************************************/
 187:.\Generated_Source\PSoC5/WaveDAC8_1.c **** void WaveDAC8_1_Stop(void) 
 188:.\Generated_Source\PSoC5/WaveDAC8_1.c **** {
  72              		.loc 1 188 0
  73              		.cfi_startproc
  74              		@ args = 0, pretend = 0, frame = 0
  75              		@ frame_needed = 0, uses_anonymous_args = 0
  76 0000 10B5     		push	{r4, lr}
  77              		.cfi_def_cfa_offset 8
  78              		.cfi_offset 4, -8
  79              		.cfi_offset 14, -4
 189:.\Generated_Source\PSoC5/WaveDAC8_1.c **** 	/* Turn off internal clock, if one present */
 190:.\Generated_Source\PSoC5/WaveDAC8_1.c **** 	#if(WaveDAC8_1_CLOCK_SRC == WaveDAC8_1_CLOCK_INT)  	
 191:.\Generated_Source\PSoC5/WaveDAC8_1.c **** 	   WaveDAC8_1_DacClk_Stop();
  80              		.loc 1 191 0
  81 0002 FFF7FEFF 		bl	WaveDAC8_1_DacClk_Stop
  82              	.LVL5:
 192:.\Generated_Source\PSoC5/WaveDAC8_1.c **** 	#endif /* WaveDAC8_1_CLOCK_SRC == WaveDAC8_1_CLOCK_INT */
 193:.\Generated_Source\PSoC5/WaveDAC8_1.c **** 	
 194:.\Generated_Source\PSoC5/WaveDAC8_1.c **** 	/* Disble DMA channels */
 195:.\Generated_Source\PSoC5/WaveDAC8_1.c **** 	(void)CyDmaChDisable(WaveDAC8_1_Wave1Chan);
  83              		.loc 1 195 0
  84 0006 054C     		ldr	r4, .L7
  85 0008 2078     		ldrb	r0, [r4]	@ zero_extendqisi2
  86 000a FFF7FEFF 		bl	CyDmaChDisable
  87              	.LVL6:
 196:.\Generated_Source\PSoC5/WaveDAC8_1.c **** 	(void)CyDmaChDisable(WaveDAC8_1_Wave2Chan);
  88              		.loc 1 196 0
  89 000e 6078     		ldrb	r0, [r4, #1]	@ zero_extendqisi2
ARM GAS  C:\Users\koseki\AppData\Local\Temp\cc6PLDKg.s 			page 6


  90 0010 FFF7FEFF 		bl	CyDmaChDisable
  91              	.LVL7:
 197:.\Generated_Source\PSoC5/WaveDAC8_1.c **** 
 198:.\Generated_Source\PSoC5/WaveDAC8_1.c **** 	/* Disable power to DAC */
 199:.\Generated_Source\PSoC5/WaveDAC8_1.c **** 	WaveDAC8_1_VDAC8_Stop();
  92              		.loc 1 199 0
  93 0014 FFF7FEFF 		bl	WaveDAC8_1_VDAC8_Stop
  94              	.LVL8:
  95 0018 10BD     		pop	{r4, pc}
  96              	.L8:
  97 001a 00BF     		.align	2
  98              	.L7:
  99 001c 00000000 		.word	.LANCHOR0
 100              		.cfi_endproc
 101              	.LFE4:
 102              		.size	WaveDAC8_1_Stop, .-WaveDAC8_1_Stop
 103              		.section	.text.WaveDAC8_1_Wave1Setup,"ax",%progbits
 104              		.align	2
 105              		.global	WaveDAC8_1_Wave1Setup
 106              		.thumb
 107              		.thumb_func
 108              		.type	WaveDAC8_1_Wave1Setup, %function
 109              	WaveDAC8_1_Wave1Setup:
 110              	.LFB5:
 200:.\Generated_Source\PSoC5/WaveDAC8_1.c **** }
 201:.\Generated_Source\PSoC5/WaveDAC8_1.c **** 
 202:.\Generated_Source\PSoC5/WaveDAC8_1.c **** 
 203:.\Generated_Source\PSoC5/WaveDAC8_1.c **** /*******************************************************************************
 204:.\Generated_Source\PSoC5/WaveDAC8_1.c **** * Function Name: WaveDAC8_1_Wave1Setup
 205:.\Generated_Source\PSoC5/WaveDAC8_1.c **** ********************************************************************************
 206:.\Generated_Source\PSoC5/WaveDAC8_1.c **** *
 207:.\Generated_Source\PSoC5/WaveDAC8_1.c **** * Summary:
 208:.\Generated_Source\PSoC5/WaveDAC8_1.c **** *  Sets pointer and size for waveform 1.                                    
 209:.\Generated_Source\PSoC5/WaveDAC8_1.c **** *
 210:.\Generated_Source\PSoC5/WaveDAC8_1.c **** * Parameters:  
 211:.\Generated_Source\PSoC5/WaveDAC8_1.c **** *  uint8 * WavePtr:     Pointer to the waveform array.
 212:.\Generated_Source\PSoC5/WaveDAC8_1.c **** *  uint16  SampleSize:  The amount of samples in the waveform.
 213:.\Generated_Source\PSoC5/WaveDAC8_1.c **** *
 214:.\Generated_Source\PSoC5/WaveDAC8_1.c **** * Return: 
 215:.\Generated_Source\PSoC5/WaveDAC8_1.c **** *  None 
 216:.\Generated_Source\PSoC5/WaveDAC8_1.c **** *
 217:.\Generated_Source\PSoC5/WaveDAC8_1.c **** *******************************************************************************/
 218:.\Generated_Source\PSoC5/WaveDAC8_1.c **** void WaveDAC8_1_Wave1Setup(const uint8 * wavePtr, uint16 sampleSize)
 219:.\Generated_Source\PSoC5/WaveDAC8_1.c **** 
 220:.\Generated_Source\PSoC5/WaveDAC8_1.c **** {
 111              		.loc 1 220 0
 112              		.cfi_startproc
 113              		@ args = 0, pretend = 0, frame = 0
 114              		@ frame_needed = 0, uses_anonymous_args = 0
 115              	.LVL9:
 116 0000 70B5     		push	{r4, r5, r6, lr}
 117              		.cfi_def_cfa_offset 16
 118              		.cfi_offset 4, -16
 119              		.cfi_offset 5, -12
 120              		.cfi_offset 6, -8
 121              		.cfi_offset 14, -4
 122 0002 0546     		mov	r5, r0
ARM GAS  C:\Users\koseki\AppData\Local\Temp\cc6PLDKg.s 			page 7


 123 0004 0E46     		mov	r6, r1
 221:.\Generated_Source\PSoC5/WaveDAC8_1.c **** 	#if (CY_PSOC3)
 222:.\Generated_Source\PSoC5/WaveDAC8_1.c **** 		uint16 memoryType; /* determining the source memory type */
 223:.\Generated_Source\PSoC5/WaveDAC8_1.c **** 		memoryType = (WaveDAC8_1_HI16FLASHPTR == HI16(wavePtr)) ? HI16(CYDEV_FLS_BASE) : HI16(CYDEV_SRAM_
 224:.\Generated_Source\PSoC5/WaveDAC8_1.c **** 		
 225:.\Generated_Source\PSoC5/WaveDAC8_1.c **** 		WaveDAC8_1_Wave1Chan = WaveDAC8_1_Wave1_DMA_DmaInitialize(
 226:.\Generated_Source\PSoC5/WaveDAC8_1.c **** 		WaveDAC8_1_Wave1_DMA_BYTES_PER_BURST, WaveDAC8_1_Wave1_DMA_REQUEST_PER_BURST,
 227:.\Generated_Source\PSoC5/WaveDAC8_1.c **** 		memoryType, HI16(CYDEV_PERIPH_BASE));
 228:.\Generated_Source\PSoC5/WaveDAC8_1.c **** 	#else /* PSoC 5 */
 229:.\Generated_Source\PSoC5/WaveDAC8_1.c **** 		WaveDAC8_1_Wave1Chan = WaveDAC8_1_Wave1_DMA_DmaInitialize(
 124              		.loc 1 229 0
 125 0006 0120     		movs	r0, #1
 126              	.LVL10:
 127 0008 0146     		mov	r1, r0
 128              	.LVL11:
 129 000a 2A0C     		lsrs	r2, r5, #16
 130 000c 4FF48043 		mov	r3, #16384
 131 0010 FFF7FEFF 		bl	WaveDAC8_1_Wave1_DMA_DmaInitialize
 132              	.LVL12:
 133 0014 094C     		ldr	r4, .L11
 134 0016 2070     		strb	r0, [r4]
 230:.\Generated_Source\PSoC5/WaveDAC8_1.c **** 		WaveDAC8_1_Wave1_DMA_BYTES_PER_BURST, WaveDAC8_1_Wave1_DMA_REQUEST_PER_BURST,
 231:.\Generated_Source\PSoC5/WaveDAC8_1.c **** 		HI16(wavePtr), HI16(WaveDAC8_1_DAC8__D));
 232:.\Generated_Source\PSoC5/WaveDAC8_1.c **** 	#endif /* CY_PSOC3 */
 233:.\Generated_Source\PSoC5/WaveDAC8_1.c **** 	
 234:.\Generated_Source\PSoC5/WaveDAC8_1.c **** 	/*
 235:.\Generated_Source\PSoC5/WaveDAC8_1.c **** 	* TD is looping on itself. 
 236:.\Generated_Source\PSoC5/WaveDAC8_1.c ****     * Increment the source address, but not the destination address. 
 237:.\Generated_Source\PSoC5/WaveDAC8_1.c **** 	*/
 238:.\Generated_Source\PSoC5/WaveDAC8_1.c **** 	(void)CyDmaTdSetConfiguration(WaveDAC8_1_Wave1TD, sampleSize, WaveDAC8_1_Wave1TD, 
 135              		.loc 1 238 0
 136 0018 A278     		ldrb	r2, [r4, #2]	@ zero_extendqisi2
 137 001a 1046     		mov	r0, r2
 138 001c 3146     		mov	r1, r6
 139 001e 0123     		movs	r3, #1
 140 0020 FFF7FEFF 		bl	CyDmaTdSetConfiguration
 141              	.LVL13:
 239:.\Generated_Source\PSoC5/WaveDAC8_1.c ****                                     (uint8)CY_DMA_TD_INC_SRC_ADR | (uint8)WaveDAC8_1_Wave1_DMA__TD_
 240:.\Generated_Source\PSoC5/WaveDAC8_1.c **** 	
 241:.\Generated_Source\PSoC5/WaveDAC8_1.c **** 	/* Set the TD source and destination address */
 242:.\Generated_Source\PSoC5/WaveDAC8_1.c **** 	(void)CyDmaTdSetAddress(WaveDAC8_1_Wave1TD, LO16((uint32)wavePtr), LO16(WaveDAC8_1_DAC8__D));
 142              		.loc 1 242 0
 143 0024 A078     		ldrb	r0, [r4, #2]	@ zero_extendqisi2
 144 0026 A9B2     		uxth	r1, r5
 145 0028 45F68232 		movw	r2, #23426
 146 002c FFF7FEFF 		bl	CyDmaTdSetAddress
 147              	.LVL14:
 243:.\Generated_Source\PSoC5/WaveDAC8_1.c **** 	
 244:.\Generated_Source\PSoC5/WaveDAC8_1.c **** 	/* Associate the TD with the channel */
 245:.\Generated_Source\PSoC5/WaveDAC8_1.c **** 	(void)CyDmaChSetInitialTd(WaveDAC8_1_Wave1Chan, WaveDAC8_1_Wave1TD);
 148              		.loc 1 245 0
 149 0030 2078     		ldrb	r0, [r4]	@ zero_extendqisi2
 150 0032 A178     		ldrb	r1, [r4, #2]	@ zero_extendqisi2
 151 0034 FFF7FEFF 		bl	CyDmaChSetInitialTd
 152              	.LVL15:
 153 0038 70BD     		pop	{r4, r5, r6, pc}
 154              	.LVL16:
ARM GAS  C:\Users\koseki\AppData\Local\Temp\cc6PLDKg.s 			page 8


 155              	.L12:
 156 003a 00BF     		.align	2
 157              	.L11:
 158 003c 00000000 		.word	.LANCHOR0
 159              		.cfi_endproc
 160              	.LFE5:
 161              		.size	WaveDAC8_1_Wave1Setup, .-WaveDAC8_1_Wave1Setup
 162              		.section	.text.WaveDAC8_1_Wave2Setup,"ax",%progbits
 163              		.align	2
 164              		.global	WaveDAC8_1_Wave2Setup
 165              		.thumb
 166              		.thumb_func
 167              		.type	WaveDAC8_1_Wave2Setup, %function
 168              	WaveDAC8_1_Wave2Setup:
 169              	.LFB6:
 246:.\Generated_Source\PSoC5/WaveDAC8_1.c **** }
 247:.\Generated_Source\PSoC5/WaveDAC8_1.c **** 
 248:.\Generated_Source\PSoC5/WaveDAC8_1.c **** 
 249:.\Generated_Source\PSoC5/WaveDAC8_1.c **** /*******************************************************************************
 250:.\Generated_Source\PSoC5/WaveDAC8_1.c **** * Function Name: WaveDAC8_1_Wave2Setup
 251:.\Generated_Source\PSoC5/WaveDAC8_1.c **** ********************************************************************************
 252:.\Generated_Source\PSoC5/WaveDAC8_1.c **** *
 253:.\Generated_Source\PSoC5/WaveDAC8_1.c **** * Summary:
 254:.\Generated_Source\PSoC5/WaveDAC8_1.c **** *  Sets pointer and size for waveform 2.                                    
 255:.\Generated_Source\PSoC5/WaveDAC8_1.c **** *
 256:.\Generated_Source\PSoC5/WaveDAC8_1.c **** * Parameters:  
 257:.\Generated_Source\PSoC5/WaveDAC8_1.c **** *  uint8 * WavePtr:     Pointer to the waveform array.
 258:.\Generated_Source\PSoC5/WaveDAC8_1.c **** *  uint16  SampleSize:  The amount of samples in the waveform.
 259:.\Generated_Source\PSoC5/WaveDAC8_1.c **** *
 260:.\Generated_Source\PSoC5/WaveDAC8_1.c **** * Return: 
 261:.\Generated_Source\PSoC5/WaveDAC8_1.c **** *  None
 262:.\Generated_Source\PSoC5/WaveDAC8_1.c **** *
 263:.\Generated_Source\PSoC5/WaveDAC8_1.c **** *******************************************************************************/
 264:.\Generated_Source\PSoC5/WaveDAC8_1.c **** void WaveDAC8_1_Wave2Setup(const uint8 * wavePtr, uint16 sampleSize)
 265:.\Generated_Source\PSoC5/WaveDAC8_1.c ****  
 266:.\Generated_Source\PSoC5/WaveDAC8_1.c **** {
 170              		.loc 1 266 0
 171              		.cfi_startproc
 172              		@ args = 0, pretend = 0, frame = 0
 173              		@ frame_needed = 0, uses_anonymous_args = 0
 174              	.LVL17:
 175 0000 70B5     		push	{r4, r5, r6, lr}
 176              		.cfi_def_cfa_offset 16
 177              		.cfi_offset 4, -16
 178              		.cfi_offset 5, -12
 179              		.cfi_offset 6, -8
 180              		.cfi_offset 14, -4
 181 0002 0546     		mov	r5, r0
 182 0004 0E46     		mov	r6, r1
 267:.\Generated_Source\PSoC5/WaveDAC8_1.c **** 	#if (CY_PSOC3)
 268:.\Generated_Source\PSoC5/WaveDAC8_1.c **** 		uint16 memoryType; /* determining the source memory type */
 269:.\Generated_Source\PSoC5/WaveDAC8_1.c **** 		memoryType = (WaveDAC8_1_HI16FLASHPTR == HI16(wavePtr)) ? HI16(CYDEV_FLS_BASE) : HI16(CYDEV_SRAM_
 270:.\Generated_Source\PSoC5/WaveDAC8_1.c **** 			
 271:.\Generated_Source\PSoC5/WaveDAC8_1.c **** 		WaveDAC8_1_Wave2Chan = WaveDAC8_1_Wave2_DMA_DmaInitialize(
 272:.\Generated_Source\PSoC5/WaveDAC8_1.c **** 		WaveDAC8_1_Wave2_DMA_BYTES_PER_BURST, WaveDAC8_1_Wave2_DMA_REQUEST_PER_BURST,
 273:.\Generated_Source\PSoC5/WaveDAC8_1.c **** 		memoryType, HI16(CYDEV_PERIPH_BASE));
 274:.\Generated_Source\PSoC5/WaveDAC8_1.c **** 	#else /* PSoC 5 */
ARM GAS  C:\Users\koseki\AppData\Local\Temp\cc6PLDKg.s 			page 9


 275:.\Generated_Source\PSoC5/WaveDAC8_1.c **** 		WaveDAC8_1_Wave2Chan = WaveDAC8_1_Wave2_DMA_DmaInitialize(
 183              		.loc 1 275 0
 184 0006 0120     		movs	r0, #1
 185              	.LVL18:
 186 0008 0146     		mov	r1, r0
 187              	.LVL19:
 188 000a 2A0C     		lsrs	r2, r5, #16
 189 000c 4FF48043 		mov	r3, #16384
 190 0010 FFF7FEFF 		bl	WaveDAC8_1_Wave2_DMA_DmaInitialize
 191              	.LVL20:
 192 0014 094C     		ldr	r4, .L15
 193 0016 6070     		strb	r0, [r4, #1]
 276:.\Generated_Source\PSoC5/WaveDAC8_1.c **** 		WaveDAC8_1_Wave2_DMA_BYTES_PER_BURST, WaveDAC8_1_Wave2_DMA_REQUEST_PER_BURST,
 277:.\Generated_Source\PSoC5/WaveDAC8_1.c **** 		HI16(wavePtr), HI16(WaveDAC8_1_DAC8__D));
 278:.\Generated_Source\PSoC5/WaveDAC8_1.c **** 	#endif /* CY_PSOC3 */
 279:.\Generated_Source\PSoC5/WaveDAC8_1.c **** 	
 280:.\Generated_Source\PSoC5/WaveDAC8_1.c **** 	/*
 281:.\Generated_Source\PSoC5/WaveDAC8_1.c **** 	* TD is looping on itself. 
 282:.\Generated_Source\PSoC5/WaveDAC8_1.c **** 	* Increment the source address, but not the destination address. 
 283:.\Generated_Source\PSoC5/WaveDAC8_1.c **** 	*/
 284:.\Generated_Source\PSoC5/WaveDAC8_1.c **** 	(void)CyDmaTdSetConfiguration(WaveDAC8_1_Wave2TD, sampleSize, WaveDAC8_1_Wave2TD, 
 194              		.loc 1 284 0
 195 0018 E278     		ldrb	r2, [r4, #3]	@ zero_extendqisi2
 196 001a 1046     		mov	r0, r2
 197 001c 3146     		mov	r1, r6
 198 001e 0123     		movs	r3, #1
 199 0020 FFF7FEFF 		bl	CyDmaTdSetConfiguration
 200              	.LVL21:
 285:.\Generated_Source\PSoC5/WaveDAC8_1.c ****                                     (uint8)CY_DMA_TD_INC_SRC_ADR | (uint8)WaveDAC8_1_Wave2_DMA__TD_
 286:.\Generated_Source\PSoC5/WaveDAC8_1.c **** 	
 287:.\Generated_Source\PSoC5/WaveDAC8_1.c **** 	/* Set the TD source and destination address */
 288:.\Generated_Source\PSoC5/WaveDAC8_1.c **** 	(void)CyDmaTdSetAddress(WaveDAC8_1_Wave2TD, LO16((uint32)wavePtr), LO16(WaveDAC8_1_DAC8__D));
 201              		.loc 1 288 0
 202 0024 E078     		ldrb	r0, [r4, #3]	@ zero_extendqisi2
 203 0026 A9B2     		uxth	r1, r5
 204 0028 45F68232 		movw	r2, #23426
 205 002c FFF7FEFF 		bl	CyDmaTdSetAddress
 206              	.LVL22:
 289:.\Generated_Source\PSoC5/WaveDAC8_1.c **** 	
 290:.\Generated_Source\PSoC5/WaveDAC8_1.c **** 	/* Associate the TD with the channel */
 291:.\Generated_Source\PSoC5/WaveDAC8_1.c **** 	(void)CyDmaChSetInitialTd(WaveDAC8_1_Wave2Chan, WaveDAC8_1_Wave2TD);
 207              		.loc 1 291 0
 208 0030 6078     		ldrb	r0, [r4, #1]	@ zero_extendqisi2
 209 0032 E178     		ldrb	r1, [r4, #3]	@ zero_extendqisi2
 210 0034 FFF7FEFF 		bl	CyDmaChSetInitialTd
 211              	.LVL23:
 212 0038 70BD     		pop	{r4, r5, r6, pc}
 213              	.LVL24:
 214              	.L16:
 215 003a 00BF     		.align	2
 216              	.L15:
 217 003c 00000000 		.word	.LANCHOR0
 218              		.cfi_endproc
 219              	.LFE6:
 220              		.size	WaveDAC8_1_Wave2Setup, .-WaveDAC8_1_Wave2Setup
 221              		.section	.text.WaveDAC8_1_Init,"ax",%progbits
 222              		.align	2
ARM GAS  C:\Users\koseki\AppData\Local\Temp\cc6PLDKg.s 			page 10


 223              		.global	WaveDAC8_1_Init
 224              		.thumb
 225              		.thumb_func
 226              		.type	WaveDAC8_1_Init, %function
 227              	WaveDAC8_1_Init:
 228              	.LFB0:
  44:.\Generated_Source\PSoC5/WaveDAC8_1.c **** 	WaveDAC8_1_VDAC8_Init();
 229              		.loc 1 44 0
 230              		.cfi_startproc
 231              		@ args = 0, pretend = 0, frame = 0
 232              		@ frame_needed = 0, uses_anonymous_args = 0
 233 0000 10B5     		push	{r4, lr}
 234              		.cfi_def_cfa_offset 8
 235              		.cfi_offset 4, -8
 236              		.cfi_offset 14, -4
  45:.\Generated_Source\PSoC5/WaveDAC8_1.c **** 	WaveDAC8_1_VDAC8_SetSpeed(WaveDAC8_1_HIGHSPEED);
 237              		.loc 1 45 0
 238 0002 FFF7FEFF 		bl	WaveDAC8_1_VDAC8_Init
 239              	.LVL25:
  46:.\Generated_Source\PSoC5/WaveDAC8_1.c **** 	WaveDAC8_1_VDAC8_SetRange(WaveDAC8_1_DAC_RANGE);
 240              		.loc 1 46 0
 241 0006 0220     		movs	r0, #2
 242 0008 FFF7FEFF 		bl	WaveDAC8_1_VDAC8_SetSpeed
 243              	.LVL26:
  47:.\Generated_Source\PSoC5/WaveDAC8_1.c **** 
 244              		.loc 1 47 0
 245 000c 0020     		movs	r0, #0
 246 000e FFF7FEFF 		bl	WaveDAC8_1_VDAC8_SetRange
 247              	.LVL27:
  58:.\Generated_Source\PSoC5/WaveDAC8_1.c **** 	WaveDAC8_1_Wave2TD = CyDmaTdAllocate();
 248              		.loc 1 58 0
 249 0012 FFF7FEFF 		bl	CyDmaTdAllocate
 250              	.LVL28:
 251 0016 084C     		ldr	r4, .L19
 252 0018 A070     		strb	r0, [r4, #2]
  59:.\Generated_Source\PSoC5/WaveDAC8_1.c **** 	
 253              		.loc 1 59 0
 254 001a FFF7FEFF 		bl	CyDmaTdAllocate
 255              	.LVL29:
 256 001e E070     		strb	r0, [r4, #3]
  62:.\Generated_Source\PSoC5/WaveDAC8_1.c **** 	WaveDAC8_1_Wave2Setup(WaveDAC8_1_wave2, WaveDAC8_1_WAVE2_LENGTH) ;
 257              		.loc 1 62 0
 258 0020 064C     		ldr	r4, .L19+4
 259 0022 2046     		mov	r0, r4
 260 0024 6421     		movs	r1, #100
 261 0026 FFF7FEFF 		bl	WaveDAC8_1_Wave1Setup
 262              	.LVL30:
  63:.\Generated_Source\PSoC5/WaveDAC8_1.c **** 	
 263              		.loc 1 63 0
 264 002a 04F16400 		add	r0, r4, #100
 265 002e 6421     		movs	r1, #100
 266 0030 FFF7FEFF 		bl	WaveDAC8_1_Wave2Setup
 267              	.LVL31:
 268 0034 10BD     		pop	{r4, pc}
 269              	.L20:
 270 0036 00BF     		.align	2
 271              	.L19:
ARM GAS  C:\Users\koseki\AppData\Local\Temp\cc6PLDKg.s 			page 11


 272 0038 00000000 		.word	.LANCHOR0
 273 003c 00000000 		.word	.LANCHOR1
 274              		.cfi_endproc
 275              	.LFE0:
 276              		.size	WaveDAC8_1_Init, .-WaveDAC8_1_Init
 277              		.section	.text.WaveDAC8_1_Start,"ax",%progbits
 278              		.align	2
 279              		.global	WaveDAC8_1_Start
 280              		.thumb
 281              		.thumb_func
 282              		.type	WaveDAC8_1_Start, %function
 283              	WaveDAC8_1_Start:
 284              	.LFB2:
 130:.\Generated_Source\PSoC5/WaveDAC8_1.c **** 	/* If not Initialized then initialize all required hardware and software */
 285              		.loc 1 130 0
 286              		.cfi_startproc
 287              		@ args = 0, pretend = 0, frame = 0
 288              		@ frame_needed = 0, uses_anonymous_args = 0
 289 0000 08B5     		push	{r3, lr}
 290              		.cfi_def_cfa_offset 8
 291              		.cfi_offset 3, -8
 292              		.cfi_offset 14, -4
 132:.\Generated_Source\PSoC5/WaveDAC8_1.c **** 	{
 293              		.loc 1 132 0
 294 0002 054B     		ldr	r3, .L24
 295 0004 1B79     		ldrb	r3, [r3, #4]	@ zero_extendqisi2
 296 0006 23B9     		cbnz	r3, .L22
 134:.\Generated_Source\PSoC5/WaveDAC8_1.c **** 		WaveDAC8_1_initVar = 1u;
 297              		.loc 1 134 0
 298 0008 FFF7FEFF 		bl	WaveDAC8_1_Init
 299              	.LVL32:
 135:.\Generated_Source\PSoC5/WaveDAC8_1.c **** 	}
 300              		.loc 1 135 0
 301 000c 0122     		movs	r2, #1
 302 000e 024B     		ldr	r3, .L24
 303 0010 1A71     		strb	r2, [r3, #4]
 304              	.L22:
 138:.\Generated_Source\PSoC5/WaveDAC8_1.c **** }
 305              		.loc 1 138 0
 306 0012 FFF7FEFF 		bl	WaveDAC8_1_Enable
 307              	.LVL33:
 308 0016 08BD     		pop	{r3, pc}
 309              	.L25:
 310              		.align	2
 311              	.L24:
 312 0018 00000000 		.word	.LANCHOR0
 313              		.cfi_endproc
 314              	.LFE2:
 315              		.size	WaveDAC8_1_Start, .-WaveDAC8_1_Start
 316              		.section	.text.WaveDAC8_1_StartEx,"ax",%progbits
 317              		.align	2
 318              		.global	WaveDAC8_1_StartEx
 319              		.thumb
 320              		.thumb_func
 321              		.type	WaveDAC8_1_StartEx, %function
 322              	WaveDAC8_1_StartEx:
 323              	.LFB3:
ARM GAS  C:\Users\koseki\AppData\Local\Temp\cc6PLDKg.s 			page 12


 165:.\Generated_Source\PSoC5/WaveDAC8_1.c **** 	WaveDAC8_1_Wave1Setup(wavePtr1, sampleSize1);
 324              		.loc 1 165 0
 325              		.cfi_startproc
 326              		@ args = 0, pretend = 0, frame = 0
 327              		@ frame_needed = 0, uses_anonymous_args = 0
 328              	.LVL34:
 329 0000 38B5     		push	{r3, r4, r5, lr}
 330              		.cfi_def_cfa_offset 16
 331              		.cfi_offset 3, -16
 332              		.cfi_offset 4, -12
 333              		.cfi_offset 5, -8
 334              		.cfi_offset 14, -4
 335 0002 1546     		mov	r5, r2
 336 0004 1C46     		mov	r4, r3
 166:.\Generated_Source\PSoC5/WaveDAC8_1.c **** 	WaveDAC8_1_Wave2Setup(wavePtr2, sampleSize2);
 337              		.loc 1 166 0
 338 0006 FFF7FEFF 		bl	WaveDAC8_1_Wave1Setup
 339              	.LVL35:
 167:.\Generated_Source\PSoC5/WaveDAC8_1.c **** 	WaveDAC8_1_Start();
 340              		.loc 1 167 0
 341 000a 2846     		mov	r0, r5
 342 000c 2146     		mov	r1, r4
 343 000e FFF7FEFF 		bl	WaveDAC8_1_Wave2Setup
 344              	.LVL36:
 168:.\Generated_Source\PSoC5/WaveDAC8_1.c **** }
 345              		.loc 1 168 0
 346 0012 FFF7FEFF 		bl	WaveDAC8_1_Start
 347              	.LVL37:
 348 0016 38BD     		pop	{r3, r4, r5, pc}
 349              		.cfi_endproc
 350              	.LFE3:
 351              		.size	WaveDAC8_1_StartEx, .-WaveDAC8_1_StartEx
 352              		.global	WaveDAC8_1_wave2
 353              		.global	WaveDAC8_1_wave1
 354              		.global	WaveDAC8_1_initVar
 355              		.section	.rodata
 356              		.align	2
 357              		.set	.LANCHOR1,. + 0
 358              		.type	WaveDAC8_1_wave1, %object
 359              		.size	WaveDAC8_1_wave1, 100
 360              	WaveDAC8_1_wave1:
 361 0000 80       		.byte	-128
 362 0001 80       		.byte	-128
 363 0002 80       		.byte	-128
 364 0003 80       		.byte	-128
 365 0004 80       		.byte	-128
 366 0005 80       		.byte	-128
 367 0006 80       		.byte	-128
 368 0007 80       		.byte	-128
 369 0008 80       		.byte	-128
 370 0009 80       		.byte	-128
 371 000a 80       		.byte	-128
 372 000b 80       		.byte	-128
 373 000c 80       		.byte	-128
 374 000d 80       		.byte	-128
 375 000e 80       		.byte	-128
 376 000f 80       		.byte	-128
ARM GAS  C:\Users\koseki\AppData\Local\Temp\cc6PLDKg.s 			page 13


 377 0010 80       		.byte	-128
 378 0011 80       		.byte	-128
 379 0012 80       		.byte	-128
 380 0013 80       		.byte	-128
 381 0014 80       		.byte	-128
 382 0015 80       		.byte	-128
 383 0016 80       		.byte	-128
 384 0017 80       		.byte	-128
 385 0018 80       		.byte	-128
 386 0019 80       		.byte	-128
 387 001a 80       		.byte	-128
 388 001b 80       		.byte	-128
 389 001c 80       		.byte	-128
 390 001d 80       		.byte	-128
 391 001e 80       		.byte	-128
 392 001f 80       		.byte	-128
 393 0020 80       		.byte	-128
 394 0021 80       		.byte	-128
 395 0022 80       		.byte	-128
 396 0023 80       		.byte	-128
 397 0024 80       		.byte	-128
 398 0025 80       		.byte	-128
 399 0026 80       		.byte	-128
 400 0027 80       		.byte	-128
 401 0028 80       		.byte	-128
 402 0029 80       		.byte	-128
 403 002a 80       		.byte	-128
 404 002b 80       		.byte	-128
 405 002c 80       		.byte	-128
 406 002d 80       		.byte	-128
 407 002e 80       		.byte	-128
 408 002f 80       		.byte	-128
 409 0030 80       		.byte	-128
 410 0031 80       		.byte	-128
 411 0032 80       		.byte	-128
 412 0033 80       		.byte	-128
 413 0034 80       		.byte	-128
 414 0035 80       		.byte	-128
 415 0036 80       		.byte	-128
 416 0037 80       		.byte	-128
 417 0038 80       		.byte	-128
 418 0039 80       		.byte	-128
 419 003a 80       		.byte	-128
 420 003b 80       		.byte	-128
 421 003c 80       		.byte	-128
 422 003d 80       		.byte	-128
 423 003e 80       		.byte	-128
 424 003f 80       		.byte	-128
 425 0040 80       		.byte	-128
 426 0041 80       		.byte	-128
 427 0042 80       		.byte	-128
 428 0043 80       		.byte	-128
 429 0044 80       		.byte	-128
 430 0045 80       		.byte	-128
 431 0046 80       		.byte	-128
 432 0047 80       		.byte	-128
 433 0048 80       		.byte	-128
ARM GAS  C:\Users\koseki\AppData\Local\Temp\cc6PLDKg.s 			page 14


 434 0049 80       		.byte	-128
 435 004a 80       		.byte	-128
 436 004b 80       		.byte	-128
 437 004c 80       		.byte	-128
 438 004d 80       		.byte	-128
 439 004e 80       		.byte	-128
 440 004f 80       		.byte	-128
 441 0050 80       		.byte	-128
 442 0051 80       		.byte	-128
 443 0052 80       		.byte	-128
 444 0053 80       		.byte	-128
 445 0054 80       		.byte	-128
 446 0055 80       		.byte	-128
 447 0056 80       		.byte	-128
 448 0057 80       		.byte	-128
 449 0058 80       		.byte	-128
 450 0059 80       		.byte	-128
 451 005a 80       		.byte	-128
 452 005b 80       		.byte	-128
 453 005c 80       		.byte	-128
 454 005d 80       		.byte	-128
 455 005e 80       		.byte	-128
 456 005f 80       		.byte	-128
 457 0060 80       		.byte	-128
 458 0061 80       		.byte	-128
 459 0062 80       		.byte	-128
 460 0063 80       		.byte	-128
 461              		.type	WaveDAC8_1_wave2, %object
 462              		.size	WaveDAC8_1_wave2, 100
 463              	WaveDAC8_1_wave2:
 464 0064 80       		.byte	-128
 465 0065 87       		.byte	-121
 466 0066 8F       		.byte	-113
 467 0067 97       		.byte	-105
 468 0068 9F       		.byte	-97
 469 0069 A6       		.byte	-90
 470 006a AE       		.byte	-82
 471 006b B5       		.byte	-75
 472 006c BC       		.byte	-68
 473 006d C2       		.byte	-62
 474 006e C9       		.byte	-55
 475 006f CF       		.byte	-49
 476 0070 D5       		.byte	-43
 477 0071 DB       		.byte	-37
 478 0072 E0       		.byte	-32
 479 0073 E5       		.byte	-27
 480 0074 E9       		.byte	-23
 481 0075 ED       		.byte	-19
 482 0076 F1       		.byte	-15
 483 0077 F4       		.byte	-12
 484 0078 F6       		.byte	-10
 485 0079 F9       		.byte	-7
 486 007a FA       		.byte	-6
 487 007b FC       		.byte	-4
 488 007c FC       		.byte	-4
 489 007d FC       		.byte	-4
 490 007e FC       		.byte	-4
ARM GAS  C:\Users\koseki\AppData\Local\Temp\cc6PLDKg.s 			page 15


 491 007f FC       		.byte	-4
 492 0080 FA       		.byte	-6
 493 0081 F9       		.byte	-7
 494 0082 F6       		.byte	-10
 495 0083 F4       		.byte	-12
 496 0084 F1       		.byte	-15
 497 0085 ED       		.byte	-19
 498 0086 E9       		.byte	-23
 499 0087 E5       		.byte	-27
 500 0088 E0       		.byte	-32
 501 0089 DB       		.byte	-37
 502 008a D5       		.byte	-43
 503 008b CF       		.byte	-49
 504 008c C9       		.byte	-55
 505 008d C2       		.byte	-62
 506 008e BC       		.byte	-68
 507 008f B5       		.byte	-75
 508 0090 AE       		.byte	-82
 509 0091 A6       		.byte	-90
 510 0092 9F       		.byte	-97
 511 0093 97       		.byte	-105
 512 0094 8F       		.byte	-113
 513 0095 87       		.byte	-121
 514 0096 80       		.byte	-128
 515 0097 78       		.byte	120
 516 0098 70       		.byte	112
 517 0099 68       		.byte	104
 518 009a 60       		.byte	96
 519 009b 59       		.byte	89
 520 009c 51       		.byte	81
 521 009d 4A       		.byte	74
 522 009e 43       		.byte	67
 523 009f 3D       		.byte	61
 524 00a0 36       		.byte	54
 525 00a1 30       		.byte	48
 526 00a2 2A       		.byte	42
 527 00a3 24       		.byte	36
 528 00a4 1F       		.byte	31
 529 00a5 1A       		.byte	26
 530 00a6 16       		.byte	22
 531 00a7 12       		.byte	18
 532 00a8 0E       		.byte	14
 533 00a9 0B       		.byte	11
 534 00aa 09       		.byte	9
 535 00ab 06       		.byte	6
 536 00ac 05       		.byte	5
 537 00ad 03       		.byte	3
 538 00ae 03       		.byte	3
 539 00af 03       		.byte	3
 540 00b0 03       		.byte	3
 541 00b1 03       		.byte	3
 542 00b2 05       		.byte	5
 543 00b3 06       		.byte	6
 544 00b4 09       		.byte	9
 545 00b5 0B       		.byte	11
 546 00b6 0E       		.byte	14
 547 00b7 12       		.byte	18
ARM GAS  C:\Users\koseki\AppData\Local\Temp\cc6PLDKg.s 			page 16


 548 00b8 16       		.byte	22
 549 00b9 1A       		.byte	26
 550 00ba 1F       		.byte	31
 551 00bb 24       		.byte	36
 552 00bc 2A       		.byte	42
 553 00bd 30       		.byte	48
 554 00be 36       		.byte	54
 555 00bf 3D       		.byte	61
 556 00c0 43       		.byte	67
 557 00c1 4A       		.byte	74
 558 00c2 51       		.byte	81
 559 00c3 59       		.byte	89
 560 00c4 60       		.byte	96
 561 00c5 68       		.byte	104
 562 00c6 70       		.byte	112
 563 00c7 78       		.byte	120
 564              		.bss
 565              		.set	.LANCHOR0,. + 0
 566              		.type	WaveDAC8_1_Wave1Chan, %object
 567              		.size	WaveDAC8_1_Wave1Chan, 1
 568              	WaveDAC8_1_Wave1Chan:
 569 0000 00       		.space	1
 570              		.type	WaveDAC8_1_Wave2Chan, %object
 571              		.size	WaveDAC8_1_Wave2Chan, 1
 572              	WaveDAC8_1_Wave2Chan:
 573 0001 00       		.space	1
 574              		.type	WaveDAC8_1_Wave1TD, %object
 575              		.size	WaveDAC8_1_Wave1TD, 1
 576              	WaveDAC8_1_Wave1TD:
 577 0002 00       		.space	1
 578              		.type	WaveDAC8_1_Wave2TD, %object
 579              		.size	WaveDAC8_1_Wave2TD, 1
 580              	WaveDAC8_1_Wave2TD:
 581 0003 00       		.space	1
 582              		.type	WaveDAC8_1_initVar, %object
 583              		.size	WaveDAC8_1_initVar, 1
 584              	WaveDAC8_1_initVar:
 585 0004 00       		.space	1
 586              		.text
 587              	.Letext0:
 588              		.file 2 ".\\Generated_Source\\PSoC5\\cytypes.h"
 589              		.file 3 "Generated_Source\\PSoC5/WaveDAC8_1_VDAC8.h"
 590              		.file 4 "Generated_Source\\PSoC5/WaveDAC8_1_DacClk.h"
 591              		.file 5 "Generated_Source\\PSoC5/CYDMAC.H"
 592              		.file 6 "Generated_Source\\PSoC5/WaveDAC8_1_Wave1_DMA_dma.h"
 593              		.file 7 "Generated_Source\\PSoC5/WaveDAC8_1_Wave2_DMA_dma.h"
 594              		.section	.debug_info,"",%progbits
 595              	.Ldebug_info0:
 596 0000 8D050000 		.4byte	0x58d
 597 0004 0400     		.2byte	0x4
 598 0006 00000000 		.4byte	.Ldebug_abbrev0
 599 000a 04       		.byte	0x4
 600 000b 01       		.uleb128 0x1
 601 000c 5E020000 		.4byte	.LASF52
 602 0010 01       		.byte	0x1
 603 0011 7D030000 		.4byte	.LASF53
 604 0015 02040000 		.4byte	.LASF54
ARM GAS  C:\Users\koseki\AppData\Local\Temp\cc6PLDKg.s 			page 17


 605 0019 00000000 		.4byte	.Ldebug_ranges0+0
 606 001d 00000000 		.4byte	0
 607 0021 00000000 		.4byte	.Ldebug_line0
 608 0025 02       		.uleb128 0x2
 609 0026 01       		.byte	0x1
 610 0027 06       		.byte	0x6
 611 0028 5F040000 		.4byte	.LASF0
 612 002c 02       		.uleb128 0x2
 613 002d 01       		.byte	0x1
 614 002e 08       		.byte	0x8
 615 002f EC020000 		.4byte	.LASF1
 616 0033 02       		.uleb128 0x2
 617 0034 02       		.byte	0x2
 618 0035 05       		.byte	0x5
 619 0036 15020000 		.4byte	.LASF2
 620 003a 02       		.uleb128 0x2
 621 003b 02       		.byte	0x2
 622 003c 07       		.byte	0x7
 623 003d 85000000 		.4byte	.LASF3
 624 0041 02       		.uleb128 0x2
 625 0042 04       		.byte	0x4
 626 0043 05       		.byte	0x5
 627 0044 56040000 		.4byte	.LASF4
 628 0048 02       		.uleb128 0x2
 629 0049 04       		.byte	0x4
 630 004a 07       		.byte	0x7
 631 004b 81010000 		.4byte	.LASF5
 632 004f 02       		.uleb128 0x2
 633 0050 08       		.byte	0x8
 634 0051 05       		.byte	0x5
 635 0052 6A030000 		.4byte	.LASF6
 636 0056 02       		.uleb128 0x2
 637 0057 08       		.byte	0x8
 638 0058 07       		.byte	0x7
 639 0059 07030000 		.4byte	.LASF7
 640 005d 03       		.uleb128 0x3
 641 005e 04       		.byte	0x4
 642 005f 05       		.byte	0x5
 643 0060 696E7400 		.ascii	"int\000"
 644 0064 02       		.uleb128 0x2
 645 0065 04       		.byte	0x4
 646 0066 07       		.byte	0x7
 647 0067 FA020000 		.4byte	.LASF8
 648 006b 04       		.uleb128 0x4
 649 006c 9B010000 		.4byte	.LASF9
 650 0070 02       		.byte	0x2
 651 0071 3801     		.2byte	0x138
 652 0073 2C000000 		.4byte	0x2c
 653 0077 04       		.uleb128 0x4
 654 0078 2D020000 		.4byte	.LASF10
 655 007c 02       		.byte	0x2
 656 007d 3901     		.2byte	0x139
 657 007f 3A000000 		.4byte	0x3a
 658 0083 04       		.uleb128 0x4
 659 0084 57020000 		.4byte	.LASF11
 660 0088 02       		.byte	0x2
 661 0089 3A01     		.2byte	0x13a
ARM GAS  C:\Users\koseki\AppData\Local\Temp\cc6PLDKg.s 			page 18


 662 008b 48000000 		.4byte	0x48
 663 008f 02       		.uleb128 0x2
 664 0090 04       		.byte	0x4
 665 0091 04       		.byte	0x4
 666 0092 2F010000 		.4byte	.LASF12
 667 0096 02       		.uleb128 0x2
 668 0097 08       		.byte	0x8
 669 0098 04       		.byte	0x4
 670 0099 FE010000 		.4byte	.LASF13
 671 009d 02       		.uleb128 0x2
 672 009e 01       		.byte	0x1
 673 009f 08       		.byte	0x8
 674 00a0 78030000 		.4byte	.LASF14
 675 00a4 04       		.uleb128 0x4
 676 00a5 1A000000 		.4byte	.LASF15
 677 00a9 02       		.byte	0x2
 678 00aa DA01     		.2byte	0x1da
 679 00ac 48000000 		.4byte	0x48
 680 00b0 02       		.uleb128 0x2
 681 00b1 04       		.byte	0x4
 682 00b2 07       		.byte	0x7
 683 00b3 61030000 		.4byte	.LASF16
 684 00b7 05       		.uleb128 0x5
 685 00b8 CE030000 		.4byte	.LASF17
 686 00bc 01       		.byte	0x1
 687 00bd 56       		.byte	0x56
 688 00be 00000000 		.4byte	.LFB1
 689 00c2 28000000 		.4byte	.LFE1-.LFB1
 690 00c6 01       		.uleb128 0x1
 691 00c7 9C       		.byte	0x9c
 692 00c8 18010000 		.4byte	0x118
 693 00cc 06       		.uleb128 0x6
 694 00cd 06000000 		.4byte	.LVL0
 695 00d1 5B040000 		.4byte	0x45b
 696 00d5 07       		.uleb128 0x7
 697 00d6 10000000 		.4byte	.LVL1
 698 00da 62040000 		.4byte	0x462
 699 00de E8000000 		.4byte	0xe8
 700 00e2 08       		.uleb128 0x8
 701 00e3 01       		.uleb128 0x1
 702 00e4 51       		.byte	0x51
 703 00e5 01       		.uleb128 0x1
 704 00e6 31       		.byte	0x31
 705 00e7 00       		.byte	0
 706 00e8 07       		.uleb128 0x7
 707 00e9 18000000 		.4byte	.LVL2
 708 00ed 62040000 		.4byte	0x462
 709 00f1 FB000000 		.4byte	0xfb
 710 00f5 08       		.uleb128 0x8
 711 00f6 01       		.uleb128 0x1
 712 00f7 51       		.byte	0x51
 713 00f8 01       		.uleb128 0x1
 714 00f9 31       		.byte	0x31
 715 00fa 00       		.byte	0
 716 00fb 07       		.uleb128 0x7
 717 00fc 1E000000 		.4byte	.LVL3
 718 0100 7C040000 		.4byte	0x47c
ARM GAS  C:\Users\koseki\AppData\Local\Temp\cc6PLDKg.s 			page 19


 719 0104 0E010000 		.4byte	0x10e
 720 0108 08       		.uleb128 0x8
 721 0109 01       		.uleb128 0x1
 722 010a 50       		.byte	0x50
 723 010b 01       		.uleb128 0x1
 724 010c 30       		.byte	0x30
 725 010d 00       		.byte	0
 726 010e 06       		.uleb128 0x6
 727 010f 22000000 		.4byte	.LVL4
 728 0113 8D040000 		.4byte	0x48d
 729 0117 00       		.byte	0
 730 0118 05       		.uleb128 0x5
 731 0119 05020000 		.4byte	.LASF18
 732 011d 01       		.byte	0x1
 733 011e BB       		.byte	0xbb
 734 011f 00000000 		.4byte	.LFB4
 735 0123 20000000 		.4byte	.LFE4-.LFB4
 736 0127 01       		.uleb128 0x1
 737 0128 9C       		.byte	0x9c
 738 0129 52010000 		.4byte	0x152
 739 012d 06       		.uleb128 0x6
 740 012e 06000000 		.4byte	.LVL5
 741 0132 94040000 		.4byte	0x494
 742 0136 06       		.uleb128 0x6
 743 0137 0E000000 		.4byte	.LVL6
 744 013b 9B040000 		.4byte	0x49b
 745 013f 06       		.uleb128 0x6
 746 0140 14000000 		.4byte	.LVL7
 747 0144 9B040000 		.4byte	0x49b
 748 0148 06       		.uleb128 0x6
 749 0149 18000000 		.4byte	.LVL8
 750 014d B0040000 		.4byte	0x4b0
 751 0151 00       		.byte	0
 752 0152 05       		.uleb128 0x5
 753 0153 D0010000 		.4byte	.LASF19
 754 0157 01       		.byte	0x1
 755 0158 DA       		.byte	0xda
 756 0159 00000000 		.4byte	.LFB5
 757 015d 40000000 		.4byte	.LFE5-.LFB5
 758 0161 01       		.uleb128 0x1
 759 0162 9C       		.byte	0x9c
 760 0163 EA010000 		.4byte	0x1ea
 761 0167 09       		.uleb128 0x9
 762 0168 93010000 		.4byte	.LASF20
 763 016c 01       		.byte	0x1
 764 016d DA       		.byte	0xda
 765 016e EA010000 		.4byte	0x1ea
 766 0172 00000000 		.4byte	.LLST0
 767 0176 09       		.uleb128 0x9
 768 0177 48010000 		.4byte	.LASF21
 769 017b 01       		.byte	0x1
 770 017c DA       		.byte	0xda
 771 017d 77000000 		.4byte	0x77
 772 0181 2C000000 		.4byte	.LLST1
 773 0185 07       		.uleb128 0x7
 774 0186 14000000 		.4byte	.LVL12
 775 018a B7040000 		.4byte	0x4b7
ARM GAS  C:\Users\koseki\AppData\Local\Temp\cc6PLDKg.s 			page 20


 776 018e AC010000 		.4byte	0x1ac
 777 0192 08       		.uleb128 0x8
 778 0193 01       		.uleb128 0x1
 779 0194 53       		.byte	0x53
 780 0195 03       		.uleb128 0x3
 781 0196 0A       		.byte	0xa
 782 0197 0040     		.2byte	0x4000
 783 0199 08       		.uleb128 0x8
 784 019a 01       		.uleb128 0x1
 785 019b 52       		.byte	0x52
 786 019c 04       		.uleb128 0x4
 787 019d 75       		.byte	0x75
 788 019e 00       		.sleb128 0
 789 019f 40       		.byte	0x40
 790 01a0 25       		.byte	0x25
 791 01a1 08       		.uleb128 0x8
 792 01a2 01       		.uleb128 0x1
 793 01a3 51       		.byte	0x51
 794 01a4 01       		.uleb128 0x1
 795 01a5 31       		.byte	0x31
 796 01a6 08       		.uleb128 0x8
 797 01a7 01       		.uleb128 0x1
 798 01a8 50       		.byte	0x50
 799 01a9 01       		.uleb128 0x1
 800 01aa 31       		.byte	0x31
 801 01ab 00       		.byte	0
 802 01ac 07       		.uleb128 0x7
 803 01ad 24000000 		.4byte	.LVL13
 804 01b1 DB040000 		.4byte	0x4db
 805 01b5 C5010000 		.4byte	0x1c5
 806 01b9 08       		.uleb128 0x8
 807 01ba 01       		.uleb128 0x1
 808 01bb 53       		.byte	0x53
 809 01bc 01       		.uleb128 0x1
 810 01bd 31       		.byte	0x31
 811 01be 08       		.uleb128 0x8
 812 01bf 01       		.uleb128 0x1
 813 01c0 51       		.byte	0x51
 814 01c1 02       		.uleb128 0x2
 815 01c2 76       		.byte	0x76
 816 01c3 00       		.sleb128 0
 817 01c4 00       		.byte	0
 818 01c5 07       		.uleb128 0x7
 819 01c6 30000000 		.4byte	.LVL14
 820 01ca FF040000 		.4byte	0x4ff
 821 01ce E0010000 		.4byte	0x1e0
 822 01d2 08       		.uleb128 0x8
 823 01d3 01       		.uleb128 0x1
 824 01d4 52       		.byte	0x52
 825 01d5 03       		.uleb128 0x3
 826 01d6 0A       		.byte	0xa
 827 01d7 825B     		.2byte	0x5b82
 828 01d9 08       		.uleb128 0x8
 829 01da 01       		.uleb128 0x1
 830 01db 51       		.byte	0x51
 831 01dc 02       		.uleb128 0x2
 832 01dd 75       		.byte	0x75
ARM GAS  C:\Users\koseki\AppData\Local\Temp\cc6PLDKg.s 			page 21


 833 01de 00       		.sleb128 0
 834 01df 00       		.byte	0
 835 01e0 06       		.uleb128 0x6
 836 01e1 38000000 		.4byte	.LVL15
 837 01e5 1E050000 		.4byte	0x51e
 838 01e9 00       		.byte	0
 839 01ea 0A       		.uleb128 0xa
 840 01eb 04       		.byte	0x4
 841 01ec F0010000 		.4byte	0x1f0
 842 01f0 0B       		.uleb128 0xb
 843 01f1 6B000000 		.4byte	0x6b
 844 01f5 0C       		.uleb128 0xc
 845 01f6 B8030000 		.4byte	.LASF22
 846 01fa 01       		.byte	0x1
 847 01fb 0801     		.2byte	0x108
 848 01fd 00000000 		.4byte	.LFB6
 849 0201 40000000 		.4byte	.LFE6-.LFB6
 850 0205 01       		.uleb128 0x1
 851 0206 9C       		.byte	0x9c
 852 0207 90020000 		.4byte	0x290
 853 020b 0D       		.uleb128 0xd
 854 020c 93010000 		.4byte	.LASF20
 855 0210 01       		.byte	0x1
 856 0211 0801     		.2byte	0x108
 857 0213 EA010000 		.4byte	0x1ea
 858 0217 4D000000 		.4byte	.LLST2
 859 021b 0D       		.uleb128 0xd
 860 021c 48010000 		.4byte	.LASF21
 861 0220 01       		.byte	0x1
 862 0221 0801     		.2byte	0x108
 863 0223 77000000 		.4byte	0x77
 864 0227 79000000 		.4byte	.LLST3
 865 022b 07       		.uleb128 0x7
 866 022c 14000000 		.4byte	.LVL20
 867 0230 38050000 		.4byte	0x538
 868 0234 52020000 		.4byte	0x252
 869 0238 08       		.uleb128 0x8
 870 0239 01       		.uleb128 0x1
 871 023a 53       		.byte	0x53
 872 023b 03       		.uleb128 0x3
 873 023c 0A       		.byte	0xa
 874 023d 0040     		.2byte	0x4000
 875 023f 08       		.uleb128 0x8
 876 0240 01       		.uleb128 0x1
 877 0241 52       		.byte	0x52
 878 0242 04       		.uleb128 0x4
 879 0243 75       		.byte	0x75
 880 0244 00       		.sleb128 0
 881 0245 40       		.byte	0x40
 882 0246 25       		.byte	0x25
 883 0247 08       		.uleb128 0x8
 884 0248 01       		.uleb128 0x1
 885 0249 51       		.byte	0x51
 886 024a 01       		.uleb128 0x1
 887 024b 31       		.byte	0x31
 888 024c 08       		.uleb128 0x8
 889 024d 01       		.uleb128 0x1
ARM GAS  C:\Users\koseki\AppData\Local\Temp\cc6PLDKg.s 			page 22


 890 024e 50       		.byte	0x50
 891 024f 01       		.uleb128 0x1
 892 0250 31       		.byte	0x31
 893 0251 00       		.byte	0
 894 0252 07       		.uleb128 0x7
 895 0253 24000000 		.4byte	.LVL21
 896 0257 DB040000 		.4byte	0x4db
 897 025b 6B020000 		.4byte	0x26b
 898 025f 08       		.uleb128 0x8
 899 0260 01       		.uleb128 0x1
 900 0261 53       		.byte	0x53
 901 0262 01       		.uleb128 0x1
 902 0263 31       		.byte	0x31
 903 0264 08       		.uleb128 0x8
 904 0265 01       		.uleb128 0x1
 905 0266 51       		.byte	0x51
 906 0267 02       		.uleb128 0x2
 907 0268 76       		.byte	0x76
 908 0269 00       		.sleb128 0
 909 026a 00       		.byte	0
 910 026b 07       		.uleb128 0x7
 911 026c 30000000 		.4byte	.LVL22
 912 0270 FF040000 		.4byte	0x4ff
 913 0274 86020000 		.4byte	0x286
 914 0278 08       		.uleb128 0x8
 915 0279 01       		.uleb128 0x1
 916 027a 52       		.byte	0x52
 917 027b 03       		.uleb128 0x3
 918 027c 0A       		.byte	0xa
 919 027d 825B     		.2byte	0x5b82
 920 027f 08       		.uleb128 0x8
 921 0280 01       		.uleb128 0x1
 922 0281 51       		.byte	0x51
 923 0282 02       		.uleb128 0x2
 924 0283 75       		.byte	0x75
 925 0284 00       		.sleb128 0
 926 0285 00       		.byte	0
 927 0286 06       		.uleb128 0x6
 928 0287 38000000 		.4byte	.LVL23
 929 028b 1E050000 		.4byte	0x51e
 930 028f 00       		.byte	0
 931 0290 05       		.uleb128 0x5
 932 0291 75000000 		.4byte	.LASF23
 933 0295 01       		.byte	0x1
 934 0296 2B       		.byte	0x2b
 935 0297 00000000 		.4byte	.LFB0
 936 029b 40000000 		.4byte	.LFE0-.LFB0
 937 029f 01       		.uleb128 0x1
 938 02a0 9C       		.byte	0x9c
 939 02a1 18030000 		.4byte	0x318
 940 02a5 06       		.uleb128 0x6
 941 02a6 06000000 		.4byte	.LVL25
 942 02aa 5C050000 		.4byte	0x55c
 943 02ae 07       		.uleb128 0x7
 944 02af 0C000000 		.4byte	.LVL26
 945 02b3 63050000 		.4byte	0x563
 946 02b7 C1020000 		.4byte	0x2c1
ARM GAS  C:\Users\koseki\AppData\Local\Temp\cc6PLDKg.s 			page 23


 947 02bb 08       		.uleb128 0x8
 948 02bc 01       		.uleb128 0x1
 949 02bd 50       		.byte	0x50
 950 02be 01       		.uleb128 0x1
 951 02bf 32       		.byte	0x32
 952 02c0 00       		.byte	0
 953 02c1 07       		.uleb128 0x7
 954 02c2 12000000 		.4byte	.LVL27
 955 02c6 74050000 		.4byte	0x574
 956 02ca D4020000 		.4byte	0x2d4
 957 02ce 08       		.uleb128 0x8
 958 02cf 01       		.uleb128 0x1
 959 02d0 50       		.byte	0x50
 960 02d1 01       		.uleb128 0x1
 961 02d2 30       		.byte	0x30
 962 02d3 00       		.byte	0
 963 02d4 06       		.uleb128 0x6
 964 02d5 16000000 		.4byte	.LVL28
 965 02d9 85050000 		.4byte	0x585
 966 02dd 06       		.uleb128 0x6
 967 02de 1E000000 		.4byte	.LVL29
 968 02e2 85050000 		.4byte	0x585
 969 02e6 07       		.uleb128 0x7
 970 02e7 2A000000 		.4byte	.LVL30
 971 02eb 52010000 		.4byte	0x152
 972 02ef 00030000 		.4byte	0x300
 973 02f3 08       		.uleb128 0x8
 974 02f4 01       		.uleb128 0x1
 975 02f5 51       		.byte	0x51
 976 02f6 02       		.uleb128 0x2
 977 02f7 08       		.byte	0x8
 978 02f8 64       		.byte	0x64
 979 02f9 08       		.uleb128 0x8
 980 02fa 01       		.uleb128 0x1
 981 02fb 50       		.byte	0x50
 982 02fc 02       		.uleb128 0x2
 983 02fd 74       		.byte	0x74
 984 02fe 00       		.sleb128 0
 985 02ff 00       		.byte	0
 986 0300 0E       		.uleb128 0xe
 987 0301 34000000 		.4byte	.LVL31
 988 0305 F5010000 		.4byte	0x1f5
 989 0309 08       		.uleb128 0x8
 990 030a 01       		.uleb128 0x1
 991 030b 51       		.byte	0x51
 992 030c 02       		.uleb128 0x2
 993 030d 08       		.byte	0x8
 994 030e 64       		.byte	0x64
 995 030f 08       		.uleb128 0x8
 996 0310 01       		.uleb128 0x1
 997 0311 50       		.byte	0x50
 998 0312 03       		.uleb128 0x3
 999 0313 74       		.byte	0x74
 1000 0314 E400     		.sleb128 100
 1001 0316 00       		.byte	0
 1002 0317 00       		.byte	0
 1003 0318 05       		.uleb128 0x5
ARM GAS  C:\Users\koseki\AppData\Local\Temp\cc6PLDKg.s 			page 24


 1004 0319 AC000000 		.4byte	.LASF24
 1005 031d 01       		.byte	0x1
 1006 031e 81       		.byte	0x81
 1007 031f 00000000 		.4byte	.LFB2
 1008 0323 1C000000 		.4byte	.LFE2-.LFB2
 1009 0327 01       		.uleb128 0x1
 1010 0328 9C       		.byte	0x9c
 1011 0329 40030000 		.4byte	0x340
 1012 032d 06       		.uleb128 0x6
 1013 032e 0C000000 		.4byte	.LVL32
 1014 0332 90020000 		.4byte	0x290
 1015 0336 06       		.uleb128 0x6
 1016 0337 16000000 		.4byte	.LVL33
 1017 033b B7000000 		.4byte	0xb7
 1018 033f 00       		.byte	0
 1019 0340 05       		.uleb128 0x5
 1020 0341 F2000000 		.4byte	.LASF25
 1021 0345 01       		.byte	0x1
 1022 0346 A3       		.byte	0xa3
 1023 0347 00000000 		.4byte	.LFB3
 1024 034b 18000000 		.4byte	.LFE3-.LFB3
 1025 034f 01       		.uleb128 0x1
 1026 0350 9C       		.byte	0x9c
 1027 0351 CA030000 		.4byte	0x3ca
 1028 0355 09       		.uleb128 0x9
 1029 0356 BD000000 		.4byte	.LASF26
 1030 035a 01       		.byte	0x1
 1031 035b A3       		.byte	0xa3
 1032 035c EA010000 		.4byte	0x1ea
 1033 0360 9A000000 		.4byte	.LLST4
 1034 0364 09       		.uleb128 0x9
 1035 0365 B8010000 		.4byte	.LASF27
 1036 0369 01       		.byte	0x1
 1037 036a A3       		.byte	0xa3
 1038 036b 77000000 		.4byte	0x77
 1039 036f BB000000 		.4byte	.LLST5
 1040 0373 09       		.uleb128 0x9
 1041 0374 C6000000 		.4byte	.LASF28
 1042 0378 01       		.byte	0x1
 1043 0379 A3       		.byte	0xa3
 1044 037a EA010000 		.4byte	0x1ea
 1045 037e DC000000 		.4byte	.LLST6
 1046 0382 09       		.uleb128 0x9
 1047 0383 C4010000 		.4byte	.LASF29
 1048 0387 01       		.byte	0x1
 1049 0388 A3       		.byte	0xa3
 1050 0389 77000000 		.4byte	0x77
 1051 038d FA000000 		.4byte	.LLST7
 1052 0391 07       		.uleb128 0x7
 1053 0392 0A000000 		.4byte	.LVL35
 1054 0396 52010000 		.4byte	0x152
 1055 039a A6030000 		.4byte	0x3a6
 1056 039e 08       		.uleb128 0x8
 1057 039f 01       		.uleb128 0x1
 1058 03a0 50       		.byte	0x50
 1059 03a1 03       		.uleb128 0x3
 1060 03a2 F3       		.byte	0xf3
ARM GAS  C:\Users\koseki\AppData\Local\Temp\cc6PLDKg.s 			page 25


 1061 03a3 01       		.uleb128 0x1
 1062 03a4 50       		.byte	0x50
 1063 03a5 00       		.byte	0
 1064 03a6 07       		.uleb128 0x7
 1065 03a7 12000000 		.4byte	.LVL36
 1066 03ab F5010000 		.4byte	0x1f5
 1067 03af C0030000 		.4byte	0x3c0
 1068 03b3 08       		.uleb128 0x8
 1069 03b4 01       		.uleb128 0x1
 1070 03b5 51       		.byte	0x51
 1071 03b6 02       		.uleb128 0x2
 1072 03b7 74       		.byte	0x74
 1073 03b8 00       		.sleb128 0
 1074 03b9 08       		.uleb128 0x8
 1075 03ba 01       		.uleb128 0x1
 1076 03bb 50       		.byte	0x50
 1077 03bc 02       		.uleb128 0x2
 1078 03bd 75       		.byte	0x75
 1079 03be 00       		.sleb128 0
 1080 03bf 00       		.byte	0
 1081 03c0 06       		.uleb128 0x6
 1082 03c1 16000000 		.4byte	.LVL37
 1083 03c5 18030000 		.4byte	0x318
 1084 03c9 00       		.byte	0
 1085 03ca 0F       		.uleb128 0xf
 1086 03cb A3030000 		.4byte	.LASF30
 1087 03cf 01       		.byte	0x1
 1088 03d0 17       		.byte	0x17
 1089 03d1 6B000000 		.4byte	0x6b
 1090 03d5 05       		.uleb128 0x5
 1091 03d6 03       		.byte	0x3
 1092 03d7 00000000 		.4byte	WaveDAC8_1_Wave1Chan
 1093 03db 0F       		.uleb128 0xf
 1094 03dc 36000000 		.4byte	.LASF31
 1095 03e0 01       		.byte	0x1
 1096 03e1 18       		.byte	0x18
 1097 03e2 6B000000 		.4byte	0x6b
 1098 03e6 05       		.uleb128 0x5
 1099 03e7 03       		.byte	0x3
 1100 03e8 01000000 		.4byte	WaveDAC8_1_Wave2Chan
 1101 03ec 0F       		.uleb128 0xf
 1102 03ed 35010000 		.4byte	.LASF32
 1103 03f1 01       		.byte	0x1
 1104 03f2 19       		.byte	0x19
 1105 03f3 6B000000 		.4byte	0x6b
 1106 03f7 05       		.uleb128 0x5
 1107 03f8 03       		.byte	0x3
 1108 03f9 02000000 		.4byte	WaveDAC8_1_Wave1TD
 1109 03fd 0F       		.uleb128 0xf
 1110 03fe 1E030000 		.4byte	.LASF33
 1111 0402 01       		.byte	0x1
 1112 0403 1A       		.byte	0x1a
 1113 0404 6B000000 		.4byte	0x6b
 1114 0408 05       		.uleb128 0x5
 1115 0409 03       		.byte	0x3
 1116 040a 03000000 		.4byte	WaveDAC8_1_Wave2TD
 1117 040e 10       		.uleb128 0x10
ARM GAS  C:\Users\koseki\AppData\Local\Temp\cc6PLDKg.s 			page 26


 1118 040f 23000000 		.4byte	.LASF34
 1119 0413 01       		.byte	0x1
 1120 0414 12       		.byte	0x12
 1121 0415 6B000000 		.4byte	0x6b
 1122 0419 05       		.uleb128 0x5
 1123 041a 03       		.byte	0x3
 1124 041b 00000000 		.4byte	WaveDAC8_1_initVar
 1125 041f 11       		.uleb128 0x11
 1126 0420 6B000000 		.4byte	0x6b
 1127 0424 2F040000 		.4byte	0x42f
 1128 0428 12       		.uleb128 0x12
 1129 0429 B0000000 		.4byte	0xb0
 1130 042d 63       		.byte	0x63
 1131 042e 00       		.byte	0
 1132 042f 10       		.uleb128 0x10
 1133 0430 E0030000 		.4byte	.LASF35
 1134 0434 01       		.byte	0x1
 1135 0435 14       		.byte	0x14
 1136 0436 40040000 		.4byte	0x440
 1137 043a 05       		.uleb128 0x5
 1138 043b 03       		.byte	0x3
 1139 043c 00000000 		.4byte	WaveDAC8_1_wave1
 1140 0440 0B       		.uleb128 0xb
 1141 0441 1F040000 		.4byte	0x41f
 1142 0445 10       		.uleb128 0x10
 1143 0446 F1030000 		.4byte	.LASF36
 1144 044a 01       		.byte	0x1
 1145 044b 15       		.byte	0x15
 1146 044c 56040000 		.4byte	0x456
 1147 0450 05       		.uleb128 0x5
 1148 0451 03       		.byte	0x3
 1149 0452 00000000 		.4byte	WaveDAC8_1_wave2
 1150 0456 0B       		.uleb128 0xb
 1151 0457 1F040000 		.4byte	0x41f
 1152 045b 13       		.uleb128 0x13
 1153 045c 4B000000 		.4byte	.LASF37
 1154 0460 03       		.byte	0x3
 1155 0461 3A       		.byte	0x3a
 1156 0462 14       		.uleb128 0x14
 1157 0463 1F020000 		.4byte	.LASF40
 1158 0467 05       		.byte	0x5
 1159 0468 2A       		.byte	0x2a
 1160 0469 A4000000 		.4byte	0xa4
 1161 046d 7C040000 		.4byte	0x47c
 1162 0471 15       		.uleb128 0x15
 1163 0472 6B000000 		.4byte	0x6b
 1164 0476 15       		.uleb128 0x15
 1165 0477 6B000000 		.4byte	0x6b
 1166 047b 00       		.byte	0
 1167 047c 16       		.uleb128 0x16
 1168 047d 47030000 		.4byte	.LASF49
 1169 0481 03       		.byte	0x3
 1170 0482 37       		.byte	0x37
 1171 0483 8D040000 		.4byte	0x48d
 1172 0487 15       		.uleb128 0x15
 1173 0488 6B000000 		.4byte	0x6b
 1174 048c 00       		.byte	0
ARM GAS  C:\Users\koseki\AppData\Local\Temp\cc6PLDKg.s 			page 27


 1175 048d 13       		.uleb128 0x13
 1176 048e E6010000 		.4byte	.LASF38
 1177 0492 04       		.byte	0x4
 1178 0493 27       		.byte	0x27
 1179 0494 13       		.uleb128 0x13
 1180 0495 A1010000 		.4byte	.LASF39
 1181 0499 04       		.byte	0x4
 1182 049a 28       		.byte	0x28
 1183 049b 14       		.uleb128 0x14
 1184 049c 6B040000 		.4byte	.LASF41
 1185 04a0 05       		.byte	0x5
 1186 04a1 2B       		.byte	0x2b
 1187 04a2 A4000000 		.4byte	0xa4
 1188 04a6 B0040000 		.4byte	0x4b0
 1189 04aa 15       		.uleb128 0x15
 1190 04ab 6B000000 		.4byte	0x6b
 1191 04af 00       		.byte	0
 1192 04b0 13       		.uleb128 0x13
 1193 04b1 31030000 		.4byte	.LASF42
 1194 04b5 03       		.byte	0x3
 1195 04b6 34       		.byte	0x34
 1196 04b7 14       		.uleb128 0x14
 1197 04b8 CF000000 		.4byte	.LASF43
 1198 04bc 06       		.byte	0x6
 1199 04bd 1E       		.byte	0x1e
 1200 04be 6B000000 		.4byte	0x6b
 1201 04c2 DB040000 		.4byte	0x4db
 1202 04c6 15       		.uleb128 0x15
 1203 04c7 6B000000 		.4byte	0x6b
 1204 04cb 15       		.uleb128 0x15
 1205 04cc 6B000000 		.4byte	0x6b
 1206 04d0 15       		.uleb128 0x15
 1207 04d1 77000000 		.4byte	0x77
 1208 04d5 15       		.uleb128 0x15
 1209 04d6 77000000 		.4byte	0x77
 1210 04da 00       		.byte	0
 1211 04db 14       		.uleb128 0x14
 1212 04dc 69010000 		.4byte	.LASF44
 1213 04e0 05       		.byte	0x5
 1214 04e1 3C       		.byte	0x3c
 1215 04e2 A4000000 		.4byte	0xa4
 1216 04e6 FF040000 		.4byte	0x4ff
 1217 04ea 15       		.uleb128 0x15
 1218 04eb 6B000000 		.4byte	0x6b
 1219 04ef 15       		.uleb128 0x15
 1220 04f0 77000000 		.4byte	0x77
 1221 04f4 15       		.uleb128 0x15
 1222 04f5 6B000000 		.4byte	0x6b
 1223 04f9 15       		.uleb128 0x15
 1224 04fa 6B000000 		.4byte	0x6b
 1225 04fe 00       		.byte	0
 1226 04ff 14       		.uleb128 0x14
 1227 0500 63000000 		.4byte	.LASF45
 1228 0504 05       		.byte	0x5
 1229 0505 40       		.byte	0x40
 1230 0506 A4000000 		.4byte	0xa4
 1231 050a 1E050000 		.4byte	0x51e
ARM GAS  C:\Users\koseki\AppData\Local\Temp\cc6PLDKg.s 			page 28


 1232 050e 15       		.uleb128 0x15
 1233 050f 6B000000 		.4byte	0x6b
 1234 0513 15       		.uleb128 0x15
 1235 0514 77000000 		.4byte	0x77
 1236 0518 15       		.uleb128 0x15
 1237 0519 77000000 		.4byte	0x77
 1238 051d 00       		.byte	0
 1239 051e 14       		.uleb128 0x14
 1240 051f 98000000 		.4byte	.LASF46
 1241 0523 05       		.byte	0x5
 1242 0524 30       		.byte	0x30
 1243 0525 A4000000 		.4byte	0xa4
 1244 0529 38050000 		.4byte	0x538
 1245 052d 15       		.uleb128 0x15
 1246 052e 6B000000 		.4byte	0x6b
 1247 0532 15       		.uleb128 0x15
 1248 0533 6B000000 		.4byte	0x6b
 1249 0537 00       		.byte	0
 1250 0538 14       		.uleb128 0x14
 1251 0539 34020000 		.4byte	.LASF47
 1252 053d 07       		.byte	0x7
 1253 053e 1E       		.byte	0x1e
 1254 053f 6B000000 		.4byte	0x6b
 1255 0543 5C050000 		.4byte	0x55c
 1256 0547 15       		.uleb128 0x15
 1257 0548 6B000000 		.4byte	0x6b
 1258 054c 15       		.uleb128 0x15
 1259 054d 6B000000 		.4byte	0x6b
 1260 0551 15       		.uleb128 0x15
 1261 0552 77000000 		.4byte	0x77
 1262 0556 15       		.uleb128 0x15
 1263 0557 77000000 		.4byte	0x77
 1264 055b 00       		.byte	0
 1265 055c 13       		.uleb128 0x13
 1266 055d 53010000 		.4byte	.LASF48
 1267 0561 03       		.byte	0x3
 1268 0562 39       		.byte	0x39
 1269 0563 16       		.uleb128 0x16
 1270 0564 15010000 		.4byte	.LASF50
 1271 0568 03       		.byte	0x3
 1272 0569 35       		.byte	0x35
 1273 056a 74050000 		.4byte	0x574
 1274 056e 15       		.uleb128 0x15
 1275 056f 6B000000 		.4byte	0x6b
 1276 0573 00       		.byte	0
 1277 0574 16       		.uleb128 0x16
 1278 0575 00000000 		.4byte	.LASF51
 1279 0579 03       		.byte	0x3
 1280 057a 36       		.byte	0x36
 1281 057b 85050000 		.4byte	0x585
 1282 057f 15       		.uleb128 0x15
 1283 0580 6B000000 		.4byte	0x6b
 1284 0584 00       		.byte	0
 1285 0585 17       		.uleb128 0x17
 1286 0586 05010000 		.4byte	.LASF55
 1287 058a 05       		.byte	0x5
 1288 058b 39       		.byte	0x39
ARM GAS  C:\Users\koseki\AppData\Local\Temp\cc6PLDKg.s 			page 29


 1289 058c 6B000000 		.4byte	0x6b
 1290 0590 00       		.byte	0
 1291              		.section	.debug_abbrev,"",%progbits
 1292              	.Ldebug_abbrev0:
 1293 0000 01       		.uleb128 0x1
 1294 0001 11       		.uleb128 0x11
 1295 0002 01       		.byte	0x1
 1296 0003 25       		.uleb128 0x25
 1297 0004 0E       		.uleb128 0xe
 1298 0005 13       		.uleb128 0x13
 1299 0006 0B       		.uleb128 0xb
 1300 0007 03       		.uleb128 0x3
 1301 0008 0E       		.uleb128 0xe
 1302 0009 1B       		.uleb128 0x1b
 1303 000a 0E       		.uleb128 0xe
 1304 000b 55       		.uleb128 0x55
 1305 000c 17       		.uleb128 0x17
 1306 000d 11       		.uleb128 0x11
 1307 000e 01       		.uleb128 0x1
 1308 000f 10       		.uleb128 0x10
 1309 0010 17       		.uleb128 0x17
 1310 0011 00       		.byte	0
 1311 0012 00       		.byte	0
 1312 0013 02       		.uleb128 0x2
 1313 0014 24       		.uleb128 0x24
 1314 0015 00       		.byte	0
 1315 0016 0B       		.uleb128 0xb
 1316 0017 0B       		.uleb128 0xb
 1317 0018 3E       		.uleb128 0x3e
 1318 0019 0B       		.uleb128 0xb
 1319 001a 03       		.uleb128 0x3
 1320 001b 0E       		.uleb128 0xe
 1321 001c 00       		.byte	0
 1322 001d 00       		.byte	0
 1323 001e 03       		.uleb128 0x3
 1324 001f 24       		.uleb128 0x24
 1325 0020 00       		.byte	0
 1326 0021 0B       		.uleb128 0xb
 1327 0022 0B       		.uleb128 0xb
 1328 0023 3E       		.uleb128 0x3e
 1329 0024 0B       		.uleb128 0xb
 1330 0025 03       		.uleb128 0x3
 1331 0026 08       		.uleb128 0x8
 1332 0027 00       		.byte	0
 1333 0028 00       		.byte	0
 1334 0029 04       		.uleb128 0x4
 1335 002a 16       		.uleb128 0x16
 1336 002b 00       		.byte	0
 1337 002c 03       		.uleb128 0x3
 1338 002d 0E       		.uleb128 0xe
 1339 002e 3A       		.uleb128 0x3a
 1340 002f 0B       		.uleb128 0xb
 1341 0030 3B       		.uleb128 0x3b
 1342 0031 05       		.uleb128 0x5
 1343 0032 49       		.uleb128 0x49
 1344 0033 13       		.uleb128 0x13
 1345 0034 00       		.byte	0
ARM GAS  C:\Users\koseki\AppData\Local\Temp\cc6PLDKg.s 			page 30


 1346 0035 00       		.byte	0
 1347 0036 05       		.uleb128 0x5
 1348 0037 2E       		.uleb128 0x2e
 1349 0038 01       		.byte	0x1
 1350 0039 3F       		.uleb128 0x3f
 1351 003a 19       		.uleb128 0x19
 1352 003b 03       		.uleb128 0x3
 1353 003c 0E       		.uleb128 0xe
 1354 003d 3A       		.uleb128 0x3a
 1355 003e 0B       		.uleb128 0xb
 1356 003f 3B       		.uleb128 0x3b
 1357 0040 0B       		.uleb128 0xb
 1358 0041 27       		.uleb128 0x27
 1359 0042 19       		.uleb128 0x19
 1360 0043 11       		.uleb128 0x11
 1361 0044 01       		.uleb128 0x1
 1362 0045 12       		.uleb128 0x12
 1363 0046 06       		.uleb128 0x6
 1364 0047 40       		.uleb128 0x40
 1365 0048 18       		.uleb128 0x18
 1366 0049 9742     		.uleb128 0x2117
 1367 004b 19       		.uleb128 0x19
 1368 004c 01       		.uleb128 0x1
 1369 004d 13       		.uleb128 0x13
 1370 004e 00       		.byte	0
 1371 004f 00       		.byte	0
 1372 0050 06       		.uleb128 0x6
 1373 0051 898201   		.uleb128 0x4109
 1374 0054 00       		.byte	0
 1375 0055 11       		.uleb128 0x11
 1376 0056 01       		.uleb128 0x1
 1377 0057 31       		.uleb128 0x31
 1378 0058 13       		.uleb128 0x13
 1379 0059 00       		.byte	0
 1380 005a 00       		.byte	0
 1381 005b 07       		.uleb128 0x7
 1382 005c 898201   		.uleb128 0x4109
 1383 005f 01       		.byte	0x1
 1384 0060 11       		.uleb128 0x11
 1385 0061 01       		.uleb128 0x1
 1386 0062 31       		.uleb128 0x31
 1387 0063 13       		.uleb128 0x13
 1388 0064 01       		.uleb128 0x1
 1389 0065 13       		.uleb128 0x13
 1390 0066 00       		.byte	0
 1391 0067 00       		.byte	0
 1392 0068 08       		.uleb128 0x8
 1393 0069 8A8201   		.uleb128 0x410a
 1394 006c 00       		.byte	0
 1395 006d 02       		.uleb128 0x2
 1396 006e 18       		.uleb128 0x18
 1397 006f 9142     		.uleb128 0x2111
 1398 0071 18       		.uleb128 0x18
 1399 0072 00       		.byte	0
 1400 0073 00       		.byte	0
 1401 0074 09       		.uleb128 0x9
 1402 0075 05       		.uleb128 0x5
ARM GAS  C:\Users\koseki\AppData\Local\Temp\cc6PLDKg.s 			page 31


 1403 0076 00       		.byte	0
 1404 0077 03       		.uleb128 0x3
 1405 0078 0E       		.uleb128 0xe
 1406 0079 3A       		.uleb128 0x3a
 1407 007a 0B       		.uleb128 0xb
 1408 007b 3B       		.uleb128 0x3b
 1409 007c 0B       		.uleb128 0xb
 1410 007d 49       		.uleb128 0x49
 1411 007e 13       		.uleb128 0x13
 1412 007f 02       		.uleb128 0x2
 1413 0080 17       		.uleb128 0x17
 1414 0081 00       		.byte	0
 1415 0082 00       		.byte	0
 1416 0083 0A       		.uleb128 0xa
 1417 0084 0F       		.uleb128 0xf
 1418 0085 00       		.byte	0
 1419 0086 0B       		.uleb128 0xb
 1420 0087 0B       		.uleb128 0xb
 1421 0088 49       		.uleb128 0x49
 1422 0089 13       		.uleb128 0x13
 1423 008a 00       		.byte	0
 1424 008b 00       		.byte	0
 1425 008c 0B       		.uleb128 0xb
 1426 008d 26       		.uleb128 0x26
 1427 008e 00       		.byte	0
 1428 008f 49       		.uleb128 0x49
 1429 0090 13       		.uleb128 0x13
 1430 0091 00       		.byte	0
 1431 0092 00       		.byte	0
 1432 0093 0C       		.uleb128 0xc
 1433 0094 2E       		.uleb128 0x2e
 1434 0095 01       		.byte	0x1
 1435 0096 3F       		.uleb128 0x3f
 1436 0097 19       		.uleb128 0x19
 1437 0098 03       		.uleb128 0x3
 1438 0099 0E       		.uleb128 0xe
 1439 009a 3A       		.uleb128 0x3a
 1440 009b 0B       		.uleb128 0xb
 1441 009c 3B       		.uleb128 0x3b
 1442 009d 05       		.uleb128 0x5
 1443 009e 27       		.uleb128 0x27
 1444 009f 19       		.uleb128 0x19
 1445 00a0 11       		.uleb128 0x11
 1446 00a1 01       		.uleb128 0x1
 1447 00a2 12       		.uleb128 0x12
 1448 00a3 06       		.uleb128 0x6
 1449 00a4 40       		.uleb128 0x40
 1450 00a5 18       		.uleb128 0x18
 1451 00a6 9742     		.uleb128 0x2117
 1452 00a8 19       		.uleb128 0x19
 1453 00a9 01       		.uleb128 0x1
 1454 00aa 13       		.uleb128 0x13
 1455 00ab 00       		.byte	0
 1456 00ac 00       		.byte	0
 1457 00ad 0D       		.uleb128 0xd
 1458 00ae 05       		.uleb128 0x5
 1459 00af 00       		.byte	0
ARM GAS  C:\Users\koseki\AppData\Local\Temp\cc6PLDKg.s 			page 32


 1460 00b0 03       		.uleb128 0x3
 1461 00b1 0E       		.uleb128 0xe
 1462 00b2 3A       		.uleb128 0x3a
 1463 00b3 0B       		.uleb128 0xb
 1464 00b4 3B       		.uleb128 0x3b
 1465 00b5 05       		.uleb128 0x5
 1466 00b6 49       		.uleb128 0x49
 1467 00b7 13       		.uleb128 0x13
 1468 00b8 02       		.uleb128 0x2
 1469 00b9 17       		.uleb128 0x17
 1470 00ba 00       		.byte	0
 1471 00bb 00       		.byte	0
 1472 00bc 0E       		.uleb128 0xe
 1473 00bd 898201   		.uleb128 0x4109
 1474 00c0 01       		.byte	0x1
 1475 00c1 11       		.uleb128 0x11
 1476 00c2 01       		.uleb128 0x1
 1477 00c3 31       		.uleb128 0x31
 1478 00c4 13       		.uleb128 0x13
 1479 00c5 00       		.byte	0
 1480 00c6 00       		.byte	0
 1481 00c7 0F       		.uleb128 0xf
 1482 00c8 34       		.uleb128 0x34
 1483 00c9 00       		.byte	0
 1484 00ca 03       		.uleb128 0x3
 1485 00cb 0E       		.uleb128 0xe
 1486 00cc 3A       		.uleb128 0x3a
 1487 00cd 0B       		.uleb128 0xb
 1488 00ce 3B       		.uleb128 0x3b
 1489 00cf 0B       		.uleb128 0xb
 1490 00d0 49       		.uleb128 0x49
 1491 00d1 13       		.uleb128 0x13
 1492 00d2 02       		.uleb128 0x2
 1493 00d3 18       		.uleb128 0x18
 1494 00d4 00       		.byte	0
 1495 00d5 00       		.byte	0
 1496 00d6 10       		.uleb128 0x10
 1497 00d7 34       		.uleb128 0x34
 1498 00d8 00       		.byte	0
 1499 00d9 03       		.uleb128 0x3
 1500 00da 0E       		.uleb128 0xe
 1501 00db 3A       		.uleb128 0x3a
 1502 00dc 0B       		.uleb128 0xb
 1503 00dd 3B       		.uleb128 0x3b
 1504 00de 0B       		.uleb128 0xb
 1505 00df 49       		.uleb128 0x49
 1506 00e0 13       		.uleb128 0x13
 1507 00e1 3F       		.uleb128 0x3f
 1508 00e2 19       		.uleb128 0x19
 1509 00e3 02       		.uleb128 0x2
 1510 00e4 18       		.uleb128 0x18
 1511 00e5 00       		.byte	0
 1512 00e6 00       		.byte	0
 1513 00e7 11       		.uleb128 0x11
 1514 00e8 01       		.uleb128 0x1
 1515 00e9 01       		.byte	0x1
 1516 00ea 49       		.uleb128 0x49
ARM GAS  C:\Users\koseki\AppData\Local\Temp\cc6PLDKg.s 			page 33


 1517 00eb 13       		.uleb128 0x13
 1518 00ec 01       		.uleb128 0x1
 1519 00ed 13       		.uleb128 0x13
 1520 00ee 00       		.byte	0
 1521 00ef 00       		.byte	0
 1522 00f0 12       		.uleb128 0x12
 1523 00f1 21       		.uleb128 0x21
 1524 00f2 00       		.byte	0
 1525 00f3 49       		.uleb128 0x49
 1526 00f4 13       		.uleb128 0x13
 1527 00f5 2F       		.uleb128 0x2f
 1528 00f6 0B       		.uleb128 0xb
 1529 00f7 00       		.byte	0
 1530 00f8 00       		.byte	0
 1531 00f9 13       		.uleb128 0x13
 1532 00fa 2E       		.uleb128 0x2e
 1533 00fb 00       		.byte	0
 1534 00fc 3F       		.uleb128 0x3f
 1535 00fd 19       		.uleb128 0x19
 1536 00fe 03       		.uleb128 0x3
 1537 00ff 0E       		.uleb128 0xe
 1538 0100 3A       		.uleb128 0x3a
 1539 0101 0B       		.uleb128 0xb
 1540 0102 3B       		.uleb128 0x3b
 1541 0103 0B       		.uleb128 0xb
 1542 0104 27       		.uleb128 0x27
 1543 0105 19       		.uleb128 0x19
 1544 0106 3C       		.uleb128 0x3c
 1545 0107 19       		.uleb128 0x19
 1546 0108 00       		.byte	0
 1547 0109 00       		.byte	0
 1548 010a 14       		.uleb128 0x14
 1549 010b 2E       		.uleb128 0x2e
 1550 010c 01       		.byte	0x1
 1551 010d 3F       		.uleb128 0x3f
 1552 010e 19       		.uleb128 0x19
 1553 010f 03       		.uleb128 0x3
 1554 0110 0E       		.uleb128 0xe
 1555 0111 3A       		.uleb128 0x3a
 1556 0112 0B       		.uleb128 0xb
 1557 0113 3B       		.uleb128 0x3b
 1558 0114 0B       		.uleb128 0xb
 1559 0115 27       		.uleb128 0x27
 1560 0116 19       		.uleb128 0x19
 1561 0117 49       		.uleb128 0x49
 1562 0118 13       		.uleb128 0x13
 1563 0119 3C       		.uleb128 0x3c
 1564 011a 19       		.uleb128 0x19
 1565 011b 01       		.uleb128 0x1
 1566 011c 13       		.uleb128 0x13
 1567 011d 00       		.byte	0
 1568 011e 00       		.byte	0
 1569 011f 15       		.uleb128 0x15
 1570 0120 05       		.uleb128 0x5
 1571 0121 00       		.byte	0
 1572 0122 49       		.uleb128 0x49
 1573 0123 13       		.uleb128 0x13
ARM GAS  C:\Users\koseki\AppData\Local\Temp\cc6PLDKg.s 			page 34


 1574 0124 00       		.byte	0
 1575 0125 00       		.byte	0
 1576 0126 16       		.uleb128 0x16
 1577 0127 2E       		.uleb128 0x2e
 1578 0128 01       		.byte	0x1
 1579 0129 3F       		.uleb128 0x3f
 1580 012a 19       		.uleb128 0x19
 1581 012b 03       		.uleb128 0x3
 1582 012c 0E       		.uleb128 0xe
 1583 012d 3A       		.uleb128 0x3a
 1584 012e 0B       		.uleb128 0xb
 1585 012f 3B       		.uleb128 0x3b
 1586 0130 0B       		.uleb128 0xb
 1587 0131 27       		.uleb128 0x27
 1588 0132 19       		.uleb128 0x19
 1589 0133 3C       		.uleb128 0x3c
 1590 0134 19       		.uleb128 0x19
 1591 0135 01       		.uleb128 0x1
 1592 0136 13       		.uleb128 0x13
 1593 0137 00       		.byte	0
 1594 0138 00       		.byte	0
 1595 0139 17       		.uleb128 0x17
 1596 013a 2E       		.uleb128 0x2e
 1597 013b 00       		.byte	0
 1598 013c 3F       		.uleb128 0x3f
 1599 013d 19       		.uleb128 0x19
 1600 013e 03       		.uleb128 0x3
 1601 013f 0E       		.uleb128 0xe
 1602 0140 3A       		.uleb128 0x3a
 1603 0141 0B       		.uleb128 0xb
 1604 0142 3B       		.uleb128 0x3b
 1605 0143 0B       		.uleb128 0xb
 1606 0144 27       		.uleb128 0x27
 1607 0145 19       		.uleb128 0x19
 1608 0146 49       		.uleb128 0x49
 1609 0147 13       		.uleb128 0x13
 1610 0148 3C       		.uleb128 0x3c
 1611 0149 19       		.uleb128 0x19
 1612 014a 00       		.byte	0
 1613 014b 00       		.byte	0
 1614 014c 00       		.byte	0
 1615              		.section	.debug_loc,"",%progbits
 1616              	.Ldebug_loc0:
 1617              	.LLST0:
 1618 0000 00000000 		.4byte	.LVL9
 1619 0004 08000000 		.4byte	.LVL10
 1620 0008 0100     		.2byte	0x1
 1621 000a 50       		.byte	0x50
 1622 000b 08000000 		.4byte	.LVL10
 1623 000f 3A000000 		.4byte	.LVL16
 1624 0013 0100     		.2byte	0x1
 1625 0015 55       		.byte	0x55
 1626 0016 3A000000 		.4byte	.LVL16
 1627 001a 40000000 		.4byte	.LFE5
 1628 001e 0400     		.2byte	0x4
 1629 0020 F3       		.byte	0xf3
 1630 0021 01       		.uleb128 0x1
ARM GAS  C:\Users\koseki\AppData\Local\Temp\cc6PLDKg.s 			page 35


 1631 0022 50       		.byte	0x50
 1632 0023 9F       		.byte	0x9f
 1633 0024 00000000 		.4byte	0
 1634 0028 00000000 		.4byte	0
 1635              	.LLST1:
 1636 002c 00000000 		.4byte	.LVL9
 1637 0030 0A000000 		.4byte	.LVL11
 1638 0034 0100     		.2byte	0x1
 1639 0036 51       		.byte	0x51
 1640 0037 0A000000 		.4byte	.LVL11
 1641 003b 40000000 		.4byte	.LFE5
 1642 003f 0400     		.2byte	0x4
 1643 0041 F3       		.byte	0xf3
 1644 0042 01       		.uleb128 0x1
 1645 0043 51       		.byte	0x51
 1646 0044 9F       		.byte	0x9f
 1647 0045 00000000 		.4byte	0
 1648 0049 00000000 		.4byte	0
 1649              	.LLST2:
 1650 004d 00000000 		.4byte	.LVL17
 1651 0051 08000000 		.4byte	.LVL18
 1652 0055 0100     		.2byte	0x1
 1653 0057 50       		.byte	0x50
 1654 0058 08000000 		.4byte	.LVL18
 1655 005c 3A000000 		.4byte	.LVL24
 1656 0060 0100     		.2byte	0x1
 1657 0062 55       		.byte	0x55
 1658 0063 3A000000 		.4byte	.LVL24
 1659 0067 40000000 		.4byte	.LFE6
 1660 006b 0400     		.2byte	0x4
 1661 006d F3       		.byte	0xf3
 1662 006e 01       		.uleb128 0x1
 1663 006f 50       		.byte	0x50
 1664 0070 9F       		.byte	0x9f
 1665 0071 00000000 		.4byte	0
 1666 0075 00000000 		.4byte	0
 1667              	.LLST3:
 1668 0079 00000000 		.4byte	.LVL17
 1669 007d 0A000000 		.4byte	.LVL19
 1670 0081 0100     		.2byte	0x1
 1671 0083 51       		.byte	0x51
 1672 0084 0A000000 		.4byte	.LVL19
 1673 0088 40000000 		.4byte	.LFE6
 1674 008c 0400     		.2byte	0x4
 1675 008e F3       		.byte	0xf3
 1676 008f 01       		.uleb128 0x1
 1677 0090 51       		.byte	0x51
 1678 0091 9F       		.byte	0x9f
 1679 0092 00000000 		.4byte	0
 1680 0096 00000000 		.4byte	0
 1681              	.LLST4:
 1682 009a 00000000 		.4byte	.LVL34
 1683 009e 09000000 		.4byte	.LVL35-1
 1684 00a2 0100     		.2byte	0x1
 1685 00a4 50       		.byte	0x50
 1686 00a5 09000000 		.4byte	.LVL35-1
 1687 00a9 18000000 		.4byte	.LFE3
ARM GAS  C:\Users\koseki\AppData\Local\Temp\cc6PLDKg.s 			page 36


 1688 00ad 0400     		.2byte	0x4
 1689 00af F3       		.byte	0xf3
 1690 00b0 01       		.uleb128 0x1
 1691 00b1 50       		.byte	0x50
 1692 00b2 9F       		.byte	0x9f
 1693 00b3 00000000 		.4byte	0
 1694 00b7 00000000 		.4byte	0
 1695              	.LLST5:
 1696 00bb 00000000 		.4byte	.LVL34
 1697 00bf 09000000 		.4byte	.LVL35-1
 1698 00c3 0100     		.2byte	0x1
 1699 00c5 51       		.byte	0x51
 1700 00c6 09000000 		.4byte	.LVL35-1
 1701 00ca 18000000 		.4byte	.LFE3
 1702 00ce 0400     		.2byte	0x4
 1703 00d0 F3       		.byte	0xf3
 1704 00d1 01       		.uleb128 0x1
 1705 00d2 51       		.byte	0x51
 1706 00d3 9F       		.byte	0x9f
 1707 00d4 00000000 		.4byte	0
 1708 00d8 00000000 		.4byte	0
 1709              	.LLST6:
 1710 00dc 00000000 		.4byte	.LVL34
 1711 00e0 09000000 		.4byte	.LVL35-1
 1712 00e4 0100     		.2byte	0x1
 1713 00e6 52       		.byte	0x52
 1714 00e7 09000000 		.4byte	.LVL35-1
 1715 00eb 18000000 		.4byte	.LFE3
 1716 00ef 0100     		.2byte	0x1
 1717 00f1 55       		.byte	0x55
 1718 00f2 00000000 		.4byte	0
 1719 00f6 00000000 		.4byte	0
 1720              	.LLST7:
 1721 00fa 00000000 		.4byte	.LVL34
 1722 00fe 09000000 		.4byte	.LVL35-1
 1723 0102 0100     		.2byte	0x1
 1724 0104 53       		.byte	0x53
 1725 0105 09000000 		.4byte	.LVL35-1
 1726 0109 18000000 		.4byte	.LFE3
 1727 010d 0400     		.2byte	0x4
 1728 010f F3       		.byte	0xf3
 1729 0110 01       		.uleb128 0x1
 1730 0111 53       		.byte	0x53
 1731 0112 9F       		.byte	0x9f
 1732 0113 00000000 		.4byte	0
 1733 0117 00000000 		.4byte	0
 1734              		.section	.debug_aranges,"",%progbits
 1735 0000 4C000000 		.4byte	0x4c
 1736 0004 0200     		.2byte	0x2
 1737 0006 00000000 		.4byte	.Ldebug_info0
 1738 000a 04       		.byte	0x4
 1739 000b 00       		.byte	0
 1740 000c 0000     		.2byte	0
 1741 000e 0000     		.2byte	0
 1742 0010 00000000 		.4byte	.LFB1
 1743 0014 28000000 		.4byte	.LFE1-.LFB1
 1744 0018 00000000 		.4byte	.LFB4
ARM GAS  C:\Users\koseki\AppData\Local\Temp\cc6PLDKg.s 			page 37


 1745 001c 20000000 		.4byte	.LFE4-.LFB4
 1746 0020 00000000 		.4byte	.LFB5
 1747 0024 40000000 		.4byte	.LFE5-.LFB5
 1748 0028 00000000 		.4byte	.LFB6
 1749 002c 40000000 		.4byte	.LFE6-.LFB6
 1750 0030 00000000 		.4byte	.LFB0
 1751 0034 40000000 		.4byte	.LFE0-.LFB0
 1752 0038 00000000 		.4byte	.LFB2
 1753 003c 1C000000 		.4byte	.LFE2-.LFB2
 1754 0040 00000000 		.4byte	.LFB3
 1755 0044 18000000 		.4byte	.LFE3-.LFB3
 1756 0048 00000000 		.4byte	0
 1757 004c 00000000 		.4byte	0
 1758              		.section	.debug_ranges,"",%progbits
 1759              	.Ldebug_ranges0:
 1760 0000 00000000 		.4byte	.LFB1
 1761 0004 28000000 		.4byte	.LFE1
 1762 0008 00000000 		.4byte	.LFB4
 1763 000c 20000000 		.4byte	.LFE4
 1764 0010 00000000 		.4byte	.LFB5
 1765 0014 40000000 		.4byte	.LFE5
 1766 0018 00000000 		.4byte	.LFB6
 1767 001c 40000000 		.4byte	.LFE6
 1768 0020 00000000 		.4byte	.LFB0
 1769 0024 40000000 		.4byte	.LFE0
 1770 0028 00000000 		.4byte	.LFB2
 1771 002c 1C000000 		.4byte	.LFE2
 1772 0030 00000000 		.4byte	.LFB3
 1773 0034 18000000 		.4byte	.LFE3
 1774 0038 00000000 		.4byte	0
 1775 003c 00000000 		.4byte	0
 1776              		.section	.debug_line,"",%progbits
 1777              	.Ldebug_line0:
 1778 0000 75010000 		.section	.debug_str,"MS",%progbits,1
 1778      0200D500 
 1778      00000201 
 1778      FB0E0D00 
 1778      01010101 
 1779              	.LASF51:
 1780 0000 57617665 		.ascii	"WaveDAC8_1_VDAC8_SetRange\000"
 1780      44414338 
 1780      5F315F56 
 1780      44414338 
 1780      5F536574 
 1781              	.LASF15:
 1782 001a 63797374 		.ascii	"cystatus\000"
 1782      61747573 
 1782      00
 1783              	.LASF34:
 1784 0023 57617665 		.ascii	"WaveDAC8_1_initVar\000"
 1784      44414338 
 1784      5F315F69 
 1784      6E697456 
 1784      617200
 1785              	.LASF31:
 1786 0036 57617665 		.ascii	"WaveDAC8_1_Wave2Chan\000"
 1786      44414338 
ARM GAS  C:\Users\koseki\AppData\Local\Temp\cc6PLDKg.s 			page 38


 1786      5F315F57 
 1786      61766532 
 1786      4368616E 
 1787              	.LASF37:
 1788 004b 57617665 		.ascii	"WaveDAC8_1_VDAC8_Enable\000"
 1788      44414338 
 1788      5F315F56 
 1788      44414338 
 1788      5F456E61 
 1789              	.LASF45:
 1790 0063 4379446D 		.ascii	"CyDmaTdSetAddress\000"
 1790      61546453 
 1790      65744164 
 1790      64726573 
 1790      7300
 1791              	.LASF23:
 1792 0075 57617665 		.ascii	"WaveDAC8_1_Init\000"
 1792      44414338 
 1792      5F315F49 
 1792      6E697400 
 1793              	.LASF3:
 1794 0085 73686F72 		.ascii	"short unsigned int\000"
 1794      7420756E 
 1794      7369676E 
 1794      65642069 
 1794      6E7400
 1795              	.LASF46:
 1796 0098 4379446D 		.ascii	"CyDmaChSetInitialTd\000"
 1796      61436853 
 1796      6574496E 
 1796      69746961 
 1796      6C546400 
 1797              	.LASF24:
 1798 00ac 57617665 		.ascii	"WaveDAC8_1_Start\000"
 1798      44414338 
 1798      5F315F53 
 1798      74617274 
 1798      00
 1799              	.LASF26:
 1800 00bd 77617665 		.ascii	"wavePtr1\000"
 1800      50747231 
 1800      00
 1801              	.LASF28:
 1802 00c6 77617665 		.ascii	"wavePtr2\000"
 1802      50747232 
 1802      00
 1803              	.LASF43:
 1804 00cf 57617665 		.ascii	"WaveDAC8_1_Wave1_DMA_DmaInitialize\000"
 1804      44414338 
 1804      5F315F57 
 1804      61766531 
 1804      5F444D41 
 1805              	.LASF25:
 1806 00f2 57617665 		.ascii	"WaveDAC8_1_StartEx\000"
 1806      44414338 
 1806      5F315F53 
 1806      74617274 
ARM GAS  C:\Users\koseki\AppData\Local\Temp\cc6PLDKg.s 			page 39


 1806      457800
 1807              	.LASF55:
 1808 0105 4379446D 		.ascii	"CyDmaTdAllocate\000"
 1808      61546441 
 1808      6C6C6F63 
 1808      61746500 
 1809              	.LASF50:
 1810 0115 57617665 		.ascii	"WaveDAC8_1_VDAC8_SetSpeed\000"
 1810      44414338 
 1810      5F315F56 
 1810      44414338 
 1810      5F536574 
 1811              	.LASF12:
 1812 012f 666C6F61 		.ascii	"float\000"
 1812      7400
 1813              	.LASF32:
 1814 0135 57617665 		.ascii	"WaveDAC8_1_Wave1TD\000"
 1814      44414338 
 1814      5F315F57 
 1814      61766531 
 1814      544400
 1815              	.LASF21:
 1816 0148 73616D70 		.ascii	"sampleSize\000"
 1816      6C655369 
 1816      7A6500
 1817              	.LASF48:
 1818 0153 57617665 		.ascii	"WaveDAC8_1_VDAC8_Init\000"
 1818      44414338 
 1818      5F315F56 
 1818      44414338 
 1818      5F496E69 
 1819              	.LASF44:
 1820 0169 4379446D 		.ascii	"CyDmaTdSetConfiguration\000"
 1820      61546453 
 1820      6574436F 
 1820      6E666967 
 1820      75726174 
 1821              	.LASF5:
 1822 0181 6C6F6E67 		.ascii	"long unsigned int\000"
 1822      20756E73 
 1822      69676E65 
 1822      6420696E 
 1822      7400
 1823              	.LASF20:
 1824 0193 77617665 		.ascii	"wavePtr\000"
 1824      50747200 
 1825              	.LASF9:
 1826 019b 75696E74 		.ascii	"uint8\000"
 1826      3800
 1827              	.LASF39:
 1828 01a1 57617665 		.ascii	"WaveDAC8_1_DacClk_Stop\000"
 1828      44414338 
 1828      5F315F44 
 1828      6163436C 
 1828      6B5F5374 
 1829              	.LASF27:
 1830 01b8 73616D70 		.ascii	"sampleSize1\000"
ARM GAS  C:\Users\koseki\AppData\Local\Temp\cc6PLDKg.s 			page 40


 1830      6C655369 
 1830      7A653100 
 1831              	.LASF29:
 1832 01c4 73616D70 		.ascii	"sampleSize2\000"
 1832      6C655369 
 1832      7A653200 
 1833              	.LASF19:
 1834 01d0 57617665 		.ascii	"WaveDAC8_1_Wave1Setup\000"
 1834      44414338 
 1834      5F315F57 
 1834      61766531 
 1834      53657475 
 1835              	.LASF38:
 1836 01e6 57617665 		.ascii	"WaveDAC8_1_DacClk_Start\000"
 1836      44414338 
 1836      5F315F44 
 1836      6163436C 
 1836      6B5F5374 
 1837              	.LASF13:
 1838 01fe 646F7562 		.ascii	"double\000"
 1838      6C6500
 1839              	.LASF18:
 1840 0205 57617665 		.ascii	"WaveDAC8_1_Stop\000"
 1840      44414338 
 1840      5F315F53 
 1840      746F7000 
 1841              	.LASF2:
 1842 0215 73686F72 		.ascii	"short int\000"
 1842      7420696E 
 1842      7400
 1843              	.LASF40:
 1844 021f 4379446D 		.ascii	"CyDmaChEnable\000"
 1844      61436845 
 1844      6E61626C 
 1844      6500
 1845              	.LASF10:
 1846 022d 75696E74 		.ascii	"uint16\000"
 1846      313600
 1847              	.LASF47:
 1848 0234 57617665 		.ascii	"WaveDAC8_1_Wave2_DMA_DmaInitialize\000"
 1848      44414338 
 1848      5F315F57 
 1848      61766532 
 1848      5F444D41 
 1849              	.LASF11:
 1850 0257 75696E74 		.ascii	"uint32\000"
 1850      333200
 1851              	.LASF52:
 1852 025e 474E5520 		.ascii	"GNU C 4.9.3 20150303 (release) [ARM/embedded-4_9-br"
 1852      4320342E 
 1852      392E3320 
 1852      32303135 
 1852      30333033 
 1853 0291 616E6368 		.ascii	"anch revision 221220] -mcpu=cortex-m3 -mthumb -g -O"
 1853      20726576 
 1853      6973696F 
 1853      6E203232 
ARM GAS  C:\Users\koseki\AppData\Local\Temp\cc6PLDKg.s 			page 41


 1853      31323230 
 1854 02c4 67202D66 		.ascii	"g -ffunction-sections -ffat-lto-objects\000"
 1854      66756E63 
 1854      74696F6E 
 1854      2D736563 
 1854      74696F6E 
 1855              	.LASF1:
 1856 02ec 756E7369 		.ascii	"unsigned char\000"
 1856      676E6564 
 1856      20636861 
 1856      7200
 1857              	.LASF8:
 1858 02fa 756E7369 		.ascii	"unsigned int\000"
 1858      676E6564 
 1858      20696E74 
 1858      00
 1859              	.LASF7:
 1860 0307 6C6F6E67 		.ascii	"long long unsigned int\000"
 1860      206C6F6E 
 1860      6720756E 
 1860      7369676E 
 1860      65642069 
 1861              	.LASF33:
 1862 031e 57617665 		.ascii	"WaveDAC8_1_Wave2TD\000"
 1862      44414338 
 1862      5F315F57 
 1862      61766532 
 1862      544400
 1863              	.LASF42:
 1864 0331 57617665 		.ascii	"WaveDAC8_1_VDAC8_Stop\000"
 1864      44414338 
 1864      5F315F56 
 1864      44414338 
 1864      5F53746F 
 1865              	.LASF49:
 1866 0347 57617665 		.ascii	"WaveDAC8_1_VDAC8_SetValue\000"
 1866      44414338 
 1866      5F315F56 
 1866      44414338 
 1866      5F536574 
 1867              	.LASF16:
 1868 0361 73697A65 		.ascii	"sizetype\000"
 1868      74797065 
 1868      00
 1869              	.LASF6:
 1870 036a 6C6F6E67 		.ascii	"long long int\000"
 1870      206C6F6E 
 1870      6720696E 
 1870      7400
 1871              	.LASF14:
 1872 0378 63686172 		.ascii	"char\000"
 1872      00
 1873              	.LASF53:
 1874 037d 2E5C4765 		.ascii	".\\Generated_Source\\PSoC5\\WaveDAC8_1.c\000"
 1874      6E657261 
 1874      7465645F 
 1874      536F7572 
ARM GAS  C:\Users\koseki\AppData\Local\Temp\cc6PLDKg.s 			page 42


 1874      63655C50 
 1875              	.LASF30:
 1876 03a3 57617665 		.ascii	"WaveDAC8_1_Wave1Chan\000"
 1876      44414338 
 1876      5F315F57 
 1876      61766531 
 1876      4368616E 
 1877              	.LASF22:
 1878 03b8 57617665 		.ascii	"WaveDAC8_1_Wave2Setup\000"
 1878      44414338 
 1878      5F315F57 
 1878      61766532 
 1878      53657475 
 1879              	.LASF17:
 1880 03ce 57617665 		.ascii	"WaveDAC8_1_Enable\000"
 1880      44414338 
 1880      5F315F45 
 1880      6E61626C 
 1880      6500
 1881              	.LASF35:
 1882 03e0 57617665 		.ascii	"WaveDAC8_1_wave1\000"
 1882      44414338 
 1882      5F315F77 
 1882      61766531 
 1882      00
 1883              	.LASF36:
 1884 03f1 57617665 		.ascii	"WaveDAC8_1_wave2\000"
 1884      44414338 
 1884      5F315F77 
 1884      61766532 
 1884      00
 1885              	.LASF54:
 1886 0402 453A5C50 		.ascii	"E:\\PSoC_Creator\\CY8CKIT-059\\CY8CKIT-059_JJY_Race"
 1886      536F435F 
 1886      43726561 
 1886      746F725C 
 1886      43593843 
 1887 0432 69766572 		.ascii	"iver\\CY8CKIT-059_JJY_Raceiver.cydsn\000"
 1887      5C435938 
 1887      434B4954 
 1887      2D303539 
 1887      5F4A4A59 
 1888              	.LASF4:
 1889 0456 6C6F6E67 		.ascii	"long int\000"
 1889      20696E74 
 1889      00
 1890              	.LASF0:
 1891 045f 7369676E 		.ascii	"signed char\000"
 1891      65642063 
 1891      68617200 
 1892              	.LASF41:
 1893 046b 4379446D 		.ascii	"CyDmaChDisable\000"
 1893      61436844 
 1893      69736162 
 1893      6C6500
 1894              		.ident	"GCC: (GNU Tools for ARM Embedded Processors) 4.9.3 20150303 (release) [ARM/embedded-4_9-br
